Using pre-set license
Built from '6000.0/release' branch; Version is '6000.0.29f1 (9fafe5c9db65) revision 10465253'; Using compiler version '193933523'; Build Type 'Release'
OS: 'Windows 10  (10.0.18362) 64bit Enterprise' Language: 'ru' Physical Memory: 4024 MB
BatchMode: 1, IsHumanControllingUs: 0, StartBugReporterOnCrash: 0, Is64bit: 1, IsPro: 1

COMMAND LINE ARGUMENTS:
C:\Program Files\Unity\Hub\Editor\6000.0.29f1\Editor\Unity.exe
-adb2
-batchMode
-noUpm
-name
AssetImportWorker0
-projectPath
C:/Users/S/Documents/GitHub/Edixor/Edixor
-logFile
Logs/AssetImportWorker0.log
-srvPort
52227
-job-worker-count
1
-background-job-worker-count
8
-asset-garbage-collectors
1
Successfully changed project path to: C:/Users/S/Documents/GitHub/Edixor/Edixor
C:/Users/S/Documents/GitHub/Edixor/Edixor
[UnityMemory] Configuration Parameters - Can be set up in boot.config
    "memorysetup-bucket-allocator-granularity=16"
    "memorysetup-bucket-allocator-bucket-count=8"
    "memorysetup-bucket-allocator-block-size=33554432"
    "memorysetup-bucket-allocator-block-count=8"
    "memorysetup-main-allocator-block-size=16777216"
    "memorysetup-thread-allocator-block-size=16777216"
    "memorysetup-gfx-main-allocator-block-size=16777216"
    "memorysetup-gfx-thread-allocator-block-size=16777216"
    "memorysetup-cache-allocator-block-size=4194304"
    "memorysetup-typetree-allocator-block-size=2097152"
    "memorysetup-profiler-bucket-allocator-granularity=16"
    "memorysetup-profiler-bucket-allocator-bucket-count=8"
    "memorysetup-profiler-bucket-allocator-block-size=33554432"
    "memorysetup-profiler-bucket-allocator-block-count=8"
    "memorysetup-profiler-allocator-block-size=16777216"
    "memorysetup-profiler-editor-allocator-block-size=1048576"
    "memorysetup-temp-allocator-size-main=16777216"
    "memorysetup-job-temp-allocator-block-size=2097152"
    "memorysetup-job-temp-allocator-block-size-background=1048576"
    "memorysetup-job-temp-allocator-reduction-small-platforms=262144"
    "memorysetup-allocator-temp-initial-block-size-main=262144"
    "memorysetup-allocator-temp-initial-block-size-worker=262144"
    "memorysetup-temp-allocator-size-background-worker=32768"
    "memorysetup-temp-allocator-size-job-worker=262144"
    "memorysetup-temp-allocator-size-preload-manager=33554432"
    "memorysetup-temp-allocator-size-nav-mesh-worker=65536"
    "memorysetup-temp-allocator-size-audio-worker=65536"
    "memorysetup-temp-allocator-size-cloud-worker=32768"
    "memorysetup-temp-allocator-size-gi-baking-worker=262144"
    "memorysetup-temp-allocator-size-gi-baking-worker=262144"
    "memorysetup-temp-allocator-size-gi-baking-worker=262144"
    "memorysetup-temp-allocator-size-gi-baking-worker=262144"
    "memorysetup-temp-allocator-size-gi-baking-worker=262144"
    "memorysetup-temp-allocator-size-gfx=262144"
Player connection [12964]  Target information:

Player connection [12964]  * "[IP] 192.168.1.46 [Port] 0 [Flags] 2 [Guid] 2780203561 [EditorId] 2780203561 [Version] 1048832 [Id] WindowsEditor(7,DESKTOP-7VPLHCL) [Debug] 1 [PackageName] WindowsEditor [ProjectName] Editor" 

Player connection [12964] Host joined multi-casting on [225.0.0.222:54997]...
Player connection [12964] Host joined alternative multi-casting on [225.0.0.222:34997]...
JobSystem: Creating JobQueue using job-worker-count value 1
[Physics::Module] Initialized fallback backend.
[Physics::Module] Id: 0xdecafbad
Library Redirect Path: Library/
[Physics::Module] Selected backend.
[Physics::Module] Name: PhysX
[Physics::Module] Id: 0xf2b8ea05
[Physics::Module] SDK Version: 4.1.2
[Physics::Module] Integration Version: 1.0.0
[Physics::Module] Threading Mode: Multi-Threaded
Refreshing native plugins compatible for Editor in 19.13 ms, found 4 plugins.
Preloading 0 native plugins for Editor in 0.00 ms.
Initialize engine version: 6000.0.29f1 (9fafe5c9db65)
[Subsystems] Discovering subsystems at path C:/Program Files/Unity/Hub/Editor/6000.0.29f1/Editor/Data/Resources/UnitySubsystems
[Subsystems] Discovering subsystems at path C:/Users/S/Documents/GitHub/Edixor/Edixor/Assets
GfxDevice: creating device client; kGfxThreadingModeNonThreaded
Direct3D:
    Version:  Direct3D 11.0 [level 10.0]
    Renderer: Mobile Intel(R) 4 Series Express Chipset Family (Microsoft Corporation - WDDM 1.1) (ID=0x2a42)
    Vendor:   Intel
    VRAM:     128 MB
    Driver:   8.15.10.2702
Initialize mono
Mono path[0] = 'C:/Program Files/Unity/Hub/Editor/6000.0.29f1/Editor/Data/Managed'
Mono path[1] = 'C:/Program Files/Unity/Hub/Editor/6000.0.29f1/Editor/Data/MonoBleedingEdge/lib/mono/unityjit-win32'
Mono config path = 'C:/Program Files/Unity/Hub/Editor/6000.0.29f1/Editor/Data/MonoBleedingEdge/etc'
Using monoOptions --debugger-agent=transport=dt_socket,embedding=1,server=y,suspend=n,address=127.0.0.1:56396
Begin MonoManager ReloadAssembly
Registering precompiled unity dll's ...
Register platform support module: C:/Program Files/Unity/Hub/Editor/6000.0.29f1/Editor/Data/PlaybackEngines/WebGLSupport/UnityEditor.WebGL.Extensions.dll
Register platform support module: C:/Program Files/Unity/Hub/Editor/6000.0.29f1/Editor/Data/PlaybackEngines/WindowsStandaloneSupport/UnityEditor.WindowsStandalone.Extensions.dll
Register platform support module: C:/Program Files/Unity/Hub/Editor/6000.0.29f1/Editor/Data/PlaybackEngines/AndroidPlayer/UnityEditor.Android.Extensions.dll
Registered in 0.016618 seconds.
- Loaded All Assemblies, in  2.221 seconds
Native extension for Android target not found
Android Extension - Scanning For ADB Devices 2834 ms
Native extension for WindowsStandalone target not found
Native extension for WebGL target not found
Mono: successfully reloaded assembly
- Finished resetting the current domain, in  7.119 seconds
Domain Reload Profiling: 9334ms
	BeginReloadAssembly (908ms)
		ExecutionOrderSort (0ms)
		DisableScriptedObjects (0ms)
		BackupInstance (0ms)
		ReleaseScriptingObjects (0ms)
		CreateAndSetChildDomain (3ms)
	RebuildCommonClasses (160ms)
	RebuildNativeTypeToScriptingClass (47ms)
	initialDomainReloadingComplete (291ms)
	LoadAllAssembliesAndSetupDomain (807ms)
		LoadAssemblies (900ms)
		RebuildTransferFunctionScriptingTraits (0ms)
		AnalyzeDomain (790ms)
			TypeCache.Refresh (771ms)
				TypeCache.ScanAssembly (700ms)
			BuildScriptInfoCaches (0ms)
			ResolveRequiredComponents (15ms)
	FinalizeReload (7121ms)
		ReleaseScriptCaches (0ms)
		RebuildScriptCaches (0ms)
		SetupLoadedEditorAssemblies (6757ms)
			LogAssemblyErrors (0ms)
			InitializePlatformSupportModulesInManaged (4293ms)
			SetLoadedEditorAssemblies (32ms)
			BeforeProcessingInitializeOnLoad (90ms)
			ProcessInitializeOnLoadAttributes (1481ms)
			ProcessInitializeOnLoadMethodAttributes (820ms)
			AfterProcessingInitializeOnLoad (39ms)
			EditorAssembliesLoaded (3ms)
		ExecutionOrderSort2 (0ms)
		AwakeInstancesAfterBackupRestoration (0ms)
========================================================================
Worker process is ready to serve import requests
Import Worker Mode flag is 0x00
Begin MonoManager ReloadAssembly
- Loaded All Assemblies, in  6.625 seconds
Refreshing native plugins compatible for Editor in 7.23 ms, found 4 plugins.
Native extension for Android target not found
Native extension for WindowsStandalone target not found
Native extension for WebGL target not found
Mono: successfully reloaded assembly
- Finished resetting the current domain, in  6.022 seconds
Domain Reload Profiling: 12643ms
	BeginReloadAssembly (1312ms)
		ExecutionOrderSort (0ms)
		DisableScriptedObjects (166ms)
		BackupInstance (0ms)
		ReleaseScriptingObjects (0ms)
		CreateAndSetChildDomain (206ms)
	RebuildCommonClasses (127ms)
	RebuildNativeTypeToScriptingClass (38ms)
	initialDomainReloadingComplete (131ms)
	LoadAllAssembliesAndSetupDomain (5006ms)
		LoadAssemblies (3329ms)
		RebuildTransferFunctionScriptingTraits (0ms)
		AnalyzeDomain (2248ms)
			TypeCache.Refresh (1653ms)
				TypeCache.ScanAssembly (1551ms)
			BuildScriptInfoCaches (537ms)
			ResolveRequiredComponents (44ms)
	FinalizeReload (6029ms)
		ReleaseScriptCaches (0ms)
		RebuildScriptCaches (0ms)
		SetupLoadedEditorAssemblies (5120ms)
			LogAssemblyErrors (0ms)
			InitializePlatformSupportModulesInManaged (50ms)
			SetLoadedEditorAssemblies (19ms)
			BeforeProcessingInitializeOnLoad (188ms)
			ProcessInitializeOnLoadAttributes (4294ms)
			ProcessInitializeOnLoadMethodAttributes (516ms)
			AfterProcessingInitializeOnLoad (50ms)
			EditorAssembliesLoaded (3ms)
		ExecutionOrderSort2 (0ms)
		AwakeInstancesAfterBackupRestoration (42ms)
Launched and connected shader compiler UnityShaderCompiler.exe after 0.15 seconds
Refreshing native plugins compatible for Editor in 11.67 ms, found 4 plugins.
Preloading 0 native plugins for Editor in 0.00 ms.
Unloading 14 Unused Serialized files (Serialized files now loaded: 0)
Unloading 4753 unused Assets / (236.6 KB). Loaded Objects now: 5244.
Memory consumption went from 87.9 MB to 87.7 MB.
Total: 78.928200 ms (FindLiveObjects: 7.235300 ms CreateObjectMapping: 3.528800 ms MarkObjects: 53.225200 ms  DeleteObjects: 14.927600 ms)

========================================================================
Received Import Request.
  Time since last request: 466072.007376 seconds.
  path: Assets/Edixor/Scripts/UI/EdixorWindow/EdixorSettings.asset
  artifactKey: Guid(b379006ce784c5141b99b1e7af0b62fa) Importer(815301076,1909f56bfc062723c751e8b465ee728b)
Start importing Assets/Edixor/Scripts/UI/EdixorWindow/EdixorSettings.asset using Guid(b379006ce784c5141b99b1e7af0b62fa) Importer(815301076,1909f56bfc062723c751e8b465ee728b) (PreviewImporter) -> (artifact id: '4f7c05509e1cb67307f32a6a5020e387') in 0.2689016 seconds
Number of updated asset objects reloaded before import = 0Number of asset objects unloaded after import = 1

========================================================================
Received Prepare
Begin MonoManager ReloadAssembly
- Loaded All Assemblies, in 10.989 seconds
Refreshing native plugins compatible for Editor in 6.07 ms, found 4 plugins.
Native extension for Android target not found
Native extension for WindowsStandalone target not found
Native extension for WebGL target not found
Mono: successfully reloaded assembly
- Finished resetting the current domain, in 20.632 seconds
Domain Reload Profiling: 31616ms
	BeginReloadAssembly (1909ms)
		ExecutionOrderSort (0ms)
		DisableScriptedObjects (80ms)
		BackupInstance (0ms)
		ReleaseScriptingObjects (0ms)
		CreateAndSetChildDomain (423ms)
	RebuildCommonClasses (201ms)
	RebuildNativeTypeToScriptingClass (64ms)
	initialDomainReloadingComplete (210ms)
	LoadAllAssembliesAndSetupDomain (8598ms)
		LoadAssemblies (7642ms)
		RebuildTransferFunctionScriptingTraits (0ms)
		AnalyzeDomain (2181ms)
			TypeCache.Refresh (290ms)
				TypeCache.ScanAssembly (21ms)
			BuildScriptInfoCaches (1851ms)
			ResolveRequiredComponents (29ms)
	FinalizeReload (20633ms)
		ReleaseScriptCaches (0ms)
		RebuildScriptCaches (0ms)
		SetupLoadedEditorAssemblies (19483ms)
			LogAssemblyErrors (0ms)
			InitializePlatformSupportModulesInManaged (78ms)
			SetLoadedEditorAssemblies (35ms)
			BeforeProcessingInitializeOnLoad (880ms)
			ProcessInitializeOnLoadAttributes (17603ms)
			ProcessInitializeOnLoadMethodAttributes (850ms)
			AfterProcessingInitializeOnLoad (36ms)
			EditorAssembliesLoaded (1ms)
		ExecutionOrderSort2 (1ms)
		AwakeInstancesAfterBackupRestoration (33ms)
Refreshing native plugins compatible for Editor in 14.03 ms, found 4 plugins.
Preloading 0 native plugins for Editor in 0.00 ms.
Unloading 0 Unused Serialized files (Serialized files now loaded: 0)
Unloading 4751 unused Assets / (279.6 KB). Loaded Objects now: 5250.
Memory consumption went from 86.0 MB to 85.8 MB.
Total: 73.330400 ms (FindLiveObjects: 9.085400 ms CreateObjectMapping: 8.133100 ms MarkObjects: 49.330500 ms  DeleteObjects: 6.771400 ms)

Prepare: number of updated asset objects reloaded= 0
========================================================================
Received Import Request.
  Time since last request: 1140.881590 seconds.
  path: Assets/Edixor/Scripts/UI/EdixorWindow/HotKeys
  artifactKey: Guid(e3ff3ec1de4dd67438d4f9755e264048) Importer(815301076,1909f56bfc062723c751e8b465ee728b)
Start importing Assets/Edixor/Scripts/UI/EdixorWindow/HotKeys using Guid(e3ff3ec1de4dd67438d4f9755e264048) Importer(815301076,1909f56bfc062723c751e8b465ee728b) (PreviewImporter) -> (artifact id: 'c78869129c7a47c8d64f538ee6fdab4f') in 0.0206265 seconds
Number of updated asset objects reloaded before import = 0Number of asset objects unloaded after import = 0

========================================================================
Received Prepare
Begin MonoManager ReloadAssembly
- Loaded All Assemblies, in  3.405 seconds
Refreshing native plugins compatible for Editor in 4.09 ms, found 4 plugins.
Native extension for Android target not found
Native extension for WindowsStandalone target not found
Native extension for WebGL target not found
Mono: successfully reloaded assembly
- Finished resetting the current domain, in  2.508 seconds
Domain Reload Profiling: 5906ms
	BeginReloadAssembly (827ms)
		ExecutionOrderSort (0ms)
		DisableScriptedObjects (66ms)
		BackupInstance (0ms)
		ReleaseScriptingObjects (0ms)
		CreateAndSetChildDomain (149ms)
	RebuildCommonClasses (165ms)
	RebuildNativeTypeToScriptingClass (63ms)
	initialDomainReloadingComplete (122ms)
	LoadAllAssembliesAndSetupDomain (2219ms)
		LoadAssemblies (1884ms)
		RebuildTransferFunctionScriptingTraits (0ms)
		AnalyzeDomain (830ms)
			TypeCache.Refresh (93ms)
				TypeCache.ScanAssembly (2ms)
			BuildScriptInfoCaches (650ms)
			ResolveRequiredComponents (22ms)
	FinalizeReload (2511ms)
		ReleaseScriptCaches (0ms)
		RebuildScriptCaches (0ms)
		SetupLoadedEditorAssemblies (2005ms)
			LogAssemblyErrors (0ms)
			InitializePlatformSupportModulesInManaged (43ms)
			SetLoadedEditorAssemblies (16ms)
			BeforeProcessingInitializeOnLoad (185ms)
			ProcessInitializeOnLoadAttributes (1585ms)
			ProcessInitializeOnLoadMethodAttributes (150ms)
			AfterProcessingInitializeOnLoad (26ms)
			EditorAssembliesLoaded (1ms)
		ExecutionOrderSort2 (0ms)
		AwakeInstancesAfterBackupRestoration (27ms)
Refreshing native plugins compatible for Editor in 3.93 ms, found 4 plugins.
Preloading 0 native plugins for Editor in 0.00 ms.
Unloading 0 Unused Serialized files (Serialized files now loaded: 0)
Unloading 4752 unused Assets / (1.1 MB). Loaded Objects now: 5253.
Memory consumption went from 86.1 MB to 84.9 MB.
Total: 26.838100 ms (FindLiveObjects: 2.069600 ms CreateObjectMapping: 1.392600 ms MarkObjects: 19.362700 ms  DeleteObjects: 4.003000 ms)

Prepare: number of updated asset objects reloaded= 0
========================================================================
Received Import Request.
  Time since last request: 174.255190 seconds.
  path: Assets/Edixor/Scripts/UI/EdixorWindow/EdixorSettings.asset
  artifactKey: Guid(b379006ce784c5141b99b1e7af0b62fa) Importer(815301076,1909f56bfc062723c751e8b465ee728b)
Start importing Assets/Edixor/Scripts/UI/EdixorWindow/EdixorSettings.asset using Guid(b379006ce784c5141b99b1e7af0b62fa) Importer(815301076,1909f56bfc062723c751e8b465ee728b) (PreviewImporter) -> (artifact id: 'af320d391ce1802d48eec77b34eab2bd') in 0.3279157 seconds
Number of updated asset objects reloaded before import = 0Number of asset objects unloaded after import = 1

========================================================================
Received Prepare
Refreshing native plugins compatible for Editor in 7.29 ms, found 4 plugins.
Preloading 0 native plugins for Editor in 0.00 ms.
Unloading 0 Unused Serialized files (Serialized files now loaded: 0)
Unloading 4741 unused Assets / (130.9 KB). Loaded Objects now: 5253.
Memory consumption went from 86.2 MB to 86.1 MB.
Total: 40.617600 ms (FindLiveObjects: 2.535700 ms CreateObjectMapping: 1.651600 ms MarkObjects: 30.386400 ms  DeleteObjects: 6.035500 ms)

Prepare: number of updated asset objects reloaded= 0
========================================================================
Received Prepare
Refreshing native plugins compatible for Editor in 4.15 ms, found 4 plugins.
Preloading 0 native plugins for Editor in 0.00 ms.
Unloading 0 Unused Serialized files (Serialized files now loaded: 0)
Unloading 4741 unused Assets / (1.2 MB). Loaded Objects now: 5253.
Memory consumption went from 86.2 MB to 85.1 MB.
Total: 23.670000 ms (FindLiveObjects: 1.863300 ms CreateObjectMapping: 1.417500 ms MarkObjects: 16.641700 ms  DeleteObjects: 3.739900 ms)

Prepare: number of updated asset objects reloaded= 0
========================================================================
Received Prepare
Refreshing native plugins compatible for Editor in 6.74 ms, found 4 plugins.
Preloading 0 native plugins for Editor in 0.00 ms.
Unloading 0 Unused Serialized files (Serialized files now loaded: 0)
Unloading 4741 unused Assets / (1.2 MB). Loaded Objects now: 5253.
Memory consumption went from 86.2 MB to 85.0 MB.
Total: 25.149800 ms (FindLiveObjects: 2.193400 ms CreateObjectMapping: 1.616400 ms MarkObjects: 16.100300 ms  DeleteObjects: 5.231800 ms)

Prepare: number of updated asset objects reloaded= 0
========================================================================
Received Prepare
Begin MonoManager ReloadAssembly
- Loaded All Assemblies, in  3.328 seconds
Refreshing native plugins compatible for Editor in 4.05 ms, found 4 plugins.
Native extension for Android target not found
Native extension for WindowsStandalone target not found
Native extension for WebGL target not found
Mono: successfully reloaded assembly
- Finished resetting the current domain, in  3.155 seconds
Domain Reload Profiling: 6468ms
	BeginReloadAssembly (992ms)
		ExecutionOrderSort (0ms)
		DisableScriptedObjects (58ms)
		BackupInstance (0ms)
		ReleaseScriptingObjects (0ms)
		CreateAndSetChildDomain (167ms)
	RebuildCommonClasses (192ms)
	RebuildNativeTypeToScriptingClass (56ms)
	initialDomainReloadingComplete (123ms)
	LoadAllAssembliesAndSetupDomain (1948ms)
		LoadAssemblies (1923ms)
		RebuildTransferFunctionScriptingTraits (0ms)
		AnalyzeDomain (686ms)
			TypeCache.Refresh (28ms)
				TypeCache.ScanAssembly (2ms)
			BuildScriptInfoCaches (627ms)
			ResolveRequiredComponents (23ms)
	FinalizeReload (3156ms)
		ReleaseScriptCaches (0ms)
		RebuildScriptCaches (0ms)
		SetupLoadedEditorAssemblies (2461ms)
			LogAssemblyErrors (0ms)
			InitializePlatformSupportModulesInManaged (101ms)
			SetLoadedEditorAssemblies (24ms)
			BeforeProcessingInitializeOnLoad (333ms)
			ProcessInitializeOnLoadAttributes (1802ms)
			ProcessInitializeOnLoadMethodAttributes (176ms)
			AfterProcessingInitializeOnLoad (25ms)
			EditorAssembliesLoaded (1ms)
		ExecutionOrderSort2 (0ms)
		AwakeInstancesAfterBackupRestoration (26ms)
Refreshing native plugins compatible for Editor in 6.77 ms, found 4 plugins.
Preloading 0 native plugins for Editor in 0.00 ms.
Unloading 0 Unused Serialized files (Serialized files now loaded: 0)
Unloading 4752 unused Assets / (132.0 KB). Loaded Objects now: 5255.
Memory consumption went from 86.1 MB to 85.9 MB.
Total: 54.717100 ms (FindLiveObjects: 1.956900 ms CreateObjectMapping: 1.862500 ms MarkObjects: 44.992800 ms  DeleteObjects: 5.895700 ms)

Prepare: number of updated asset objects reloaded= 0
========================================================================
Received Import Request.
  Time since last request: 348.184154 seconds.
  path: Assets/Edixor/Scripts/UI/EdixorWindow/EdixorSettings.asset
  artifactKey: Guid(b379006ce784c5141b99b1e7af0b62fa) Importer(815301076,1909f56bfc062723c751e8b465ee728b)
Start importing Assets/Edixor/Scripts/UI/EdixorWindow/EdixorSettings.asset using Guid(b379006ce784c5141b99b1e7af0b62fa) Importer(815301076,1909f56bfc062723c751e8b465ee728b) (PreviewImporter) -> (artifact id: '044fa1563e010102f10f5fedbc0370a6') in 0.1016152 seconds
Number of updated asset objects reloaded before import = 0Number of asset objects unloaded after import = 1

========================================================================
Received Import Request.
  Time since last request: 88.355461 seconds.
  path: Assets/Edixor/Scripts/UI/EdixorWindow/EdixorSettings.asset
  artifactKey: Guid(b379006ce784c5141b99b1e7af0b62fa) Importer(815301076,1909f56bfc062723c751e8b465ee728b)
Start importing Assets/Edixor/Scripts/UI/EdixorWindow/EdixorSettings.asset using Guid(b379006ce784c5141b99b1e7af0b62fa) Importer(815301076,1909f56bfc062723c751e8b465ee728b) (PreviewImporter) -> (artifact id: '927ae1b1540d98774adf4ec8d3da4f0a') in 0.0044219 seconds
Number of updated asset objects reloaded before import = 0Number of asset objects unloaded after import = 1

========================================================================
Received Import Request.
  Time since last request: 6.233798 seconds.
  path: Assets/Edixor/Scripts/UI/EdixorWindow/EdixorSettings.asset
  artifactKey: Guid(b379006ce784c5141b99b1e7af0b62fa) Importer(815301076,1909f56bfc062723c751e8b465ee728b)
Start importing Assets/Edixor/Scripts/UI/EdixorWindow/EdixorSettings.asset using Guid(b379006ce784c5141b99b1e7af0b62fa) Importer(815301076,1909f56bfc062723c751e8b465ee728b) (PreviewImporter) -> (artifact id: '9081c5d631cc05729c9bdd7e6ef33593') in 0.0029715 seconds
Number of updated asset objects reloaded before import = 0Number of asset objects unloaded after import = 1

========================================================================
Received Import Request.
  Time since last request: 49.425443 seconds.
  path: Assets/Edixor/Scripts/UI/EdixorWindow/EdixorSettings.asset
  artifactKey: Guid(b379006ce784c5141b99b1e7af0b62fa) Importer(815301076,1909f56bfc062723c751e8b465ee728b)
Start importing Assets/Edixor/Scripts/UI/EdixorWindow/EdixorSettings.asset using Guid(b379006ce784c5141b99b1e7af0b62fa) Importer(815301076,1909f56bfc062723c751e8b465ee728b) (PreviewImporter) -> (artifact id: '32cf3c5b36ce082e640e233c11df6b5a') in 0.006075 seconds
Number of updated asset objects reloaded before import = 0Number of asset objects unloaded after import = 1

========================================================================
Received Prepare
Refreshing native plugins compatible for Editor in 6.47 ms, found 4 plugins.
Preloading 0 native plugins for Editor in 0.00 ms.
Unloading 0 Unused Serialized files (Serialized files now loaded: 0)
Unloading 4741 unused Assets / (131.0 KB). Loaded Objects now: 5255.
Memory consumption went from 86.2 MB to 86.1 MB.
Total: 33.238900 ms (FindLiveObjects: 3.520800 ms CreateObjectMapping: 2.297500 ms MarkObjects: 23.507200 ms  DeleteObjects: 3.903800 ms)

Prepare: number of updated asset objects reloaded= 0
========================================================================
Received Prepare
Begin MonoManager ReloadAssembly
- Loaded All Assemblies, in  6.264 seconds
Refreshing native plugins compatible for Editor in 4.67 ms, found 4 plugins.
Native extension for Android target not found
Native extension for WindowsStandalone target not found
Native extension for WebGL target not found
Mono: successfully reloaded assembly
- Finished resetting the current domain, in  3.154 seconds
Domain Reload Profiling: 9415ms
	BeginReloadAssembly (1642ms)
		ExecutionOrderSort (0ms)
		DisableScriptedObjects (76ms)
		BackupInstance (0ms)
		ReleaseScriptingObjects (1ms)
		CreateAndSetChildDomain (535ms)
	RebuildCommonClasses (172ms)
	RebuildNativeTypeToScriptingClass (48ms)
	initialDomainReloadingComplete (378ms)
	LoadAllAssembliesAndSetupDomain (4019ms)
		LoadAssemblies (2876ms)
		RebuildTransferFunctionScriptingTraits (0ms)
		AnalyzeDomain (2027ms)
			TypeCache.Refresh (217ms)
				TypeCache.ScanAssembly (6ms)
			BuildScriptInfoCaches (1716ms)
			ResolveRequiredComponents (23ms)
	FinalizeReload (3156ms)
		ReleaseScriptCaches (0ms)
		RebuildScriptCaches (0ms)
		SetupLoadedEditorAssemblies (2591ms)
			LogAssemblyErrors (0ms)
			InitializePlatformSupportModulesInManaged (68ms)
			SetLoadedEditorAssemblies (18ms)
			BeforeProcessingInitializeOnLoad (200ms)
			ProcessInitializeOnLoadAttributes (2056ms)
			ProcessInitializeOnLoadMethodAttributes (214ms)
			AfterProcessingInitializeOnLoad (31ms)
			EditorAssembliesLoaded (2ms)
		ExecutionOrderSort2 (0ms)
		AwakeInstancesAfterBackupRestoration (32ms)
Refreshing native plugins compatible for Editor in 9.93 ms, found 4 plugins.
Preloading 0 native plugins for Editor in 0.00 ms.
Unloading 0 Unused Serialized files (Serialized files now loaded: 0)
Unloading 4752 unused Assets / (1.0 MB). Loaded Objects now: 5257.
Memory consumption went from 86.1 MB to 85.1 MB.
Total: 28.527500 ms (FindLiveObjects: 1.949500 ms CreateObjectMapping: 1.622000 ms MarkObjects: 19.914800 ms  DeleteObjects: 5.029900 ms)

Prepare: number of updated asset objects reloaded= 0
========================================================================
Received Import Request.
  Time since last request: 754.729674 seconds.
  path: Assets/Edixor/Scripts/UI/EdixorWindow/EdixorSettings.asset
  artifactKey: Guid(b379006ce784c5141b99b1e7af0b62fa) Importer(815301076,1909f56bfc062723c751e8b465ee728b)
Start importing Assets/Edixor/Scripts/UI/EdixorWindow/EdixorSettings.asset using Guid(b379006ce784c5141b99b1e7af0b62fa) Importer(815301076,1909f56bfc062723c751e8b465ee728b) (PreviewImporter) -> (artifact id: 'a7b057b7e50c44cd98045c7cad31d56a') in 0.2910557 seconds
Number of updated asset objects reloaded before import = 0Number of asset objects unloaded after import = 1

========================================================================
Received Import Request.
  Time since last request: 11.110103 seconds.
  path: Assets/Edixor/Scripts/UI/EdixorWindow/EdixorSettings.asset
  artifactKey: Guid(b379006ce784c5141b99b1e7af0b62fa) Importer(815301076,1909f56bfc062723c751e8b465ee728b)
Start importing Assets/Edixor/Scripts/UI/EdixorWindow/EdixorSettings.asset using Guid(b379006ce784c5141b99b1e7af0b62fa) Importer(815301076,1909f56bfc062723c751e8b465ee728b) (PreviewImporter) -> (artifact id: 'aef2b0d92f8f5460f69b47e05d94dd83') in 0.0063149 seconds
Number of updated asset objects reloaded before import = 0Number of asset objects unloaded after import = 1

========================================================================
Received Prepare
Refreshing native plugins compatible for Editor in 4.58 ms, found 4 plugins.
Preloading 0 native plugins for Editor in 0.00 ms.
Unloading 0 Unused Serialized files (Serialized files now loaded: 0)
Unloading 4741 unused Assets / (131.0 KB). Loaded Objects now: 5257.
Memory consumption went from 86.2 MB to 86.1 MB.
Total: 24.153300 ms (FindLiveObjects: 1.788100 ms CreateObjectMapping: 1.733400 ms MarkObjects: 17.217200 ms  DeleteObjects: 3.406100 ms)

Prepare: number of updated asset objects reloaded= 0
========================================================================
Received Prepare
Begin MonoManager ReloadAssembly
- Loaded All Assemblies, in 13.125 seconds
Refreshing native plugins compatible for Editor in 9.98 ms, found 4 plugins.
Native extension for Android target not found
Native extension for WindowsStandalone target not found
Native extension for WebGL target not found
Mono: successfully reloaded assembly
- Finished resetting the current domain, in  7.974 seconds
Domain Reload Profiling: 21063ms
	BeginReloadAssembly (2598ms)
		ExecutionOrderSort (0ms)
		DisableScriptedObjects (168ms)
		BackupInstance (0ms)
		ReleaseScriptingObjects (1ms)
		CreateAndSetChildDomain (426ms)
	RebuildCommonClasses (424ms)
	RebuildNativeTypeToScriptingClass (129ms)
	initialDomainReloadingComplete (354ms)
	LoadAllAssembliesAndSetupDomain (9580ms)
		LoadAssemblies (8626ms)
		RebuildTransferFunctionScriptingTraits (0ms)
		AnalyzeDomain (2573ms)
			TypeCache.Refresh (90ms)
				TypeCache.ScanAssembly (6ms)
			BuildScriptInfoCaches (2154ms)
			ResolveRequiredComponents (47ms)
	FinalizeReload (7979ms)
		ReleaseScriptCaches (0ms)
		RebuildScriptCaches (0ms)
		SetupLoadedEditorAssemblies (6744ms)
			LogAssemblyErrors (0ms)
			InitializePlatformSupportModulesInManaged (123ms)
			SetLoadedEditorAssemblies (48ms)
			BeforeProcessingInitializeOnLoad (730ms)
			ProcessInitializeOnLoadAttributes (5365ms)
			ProcessInitializeOnLoadMethodAttributes (411ms)
			AfterProcessingInitializeOnLoad (63ms)
			EditorAssembliesLoaded (3ms)
		ExecutionOrderSort2 (0ms)
		AwakeInstancesAfterBackupRestoration (67ms)
Refreshing native plugins compatible for Editor in 9.37 ms, found 4 plugins.
Preloading 0 native plugins for Editor in 0.00 ms.
Unloading 0 Unused Serialized files (Serialized files now loaded: 0)
Unloading 4752 unused Assets / (1.9 MB). Loaded Objects now: 5259.
Memory consumption went from 86.1 MB to 84.2 MB.
Total: 31.754700 ms (FindLiveObjects: 2.598400 ms CreateObjectMapping: 2.356600 ms MarkObjects: 20.766400 ms  DeleteObjects: 6.023300 ms)

Prepare: number of updated asset objects reloaded= 0
========================================================================
Received Import Request.
  Time since last request: 355.948113 seconds.
  path: Assets/Edixor/Scripts/UI/EdixorWindow/EdixorSettings.asset
  artifactKey: Guid(b379006ce784c5141b99b1e7af0b62fa) Importer(815301076,1909f56bfc062723c751e8b465ee728b)
Start importing Assets/Edixor/Scripts/UI/EdixorWindow/EdixorSettings.asset using Guid(b379006ce784c5141b99b1e7af0b62fa) Importer(815301076,1909f56bfc062723c751e8b465ee728b) (PreviewImporter) -> (artifact id: 'c65442bf6d9976c182faf5ed0fc03807') in 0.1412839 seconds
Number of updated asset objects reloaded before import = 0Number of asset objects unloaded after import = 1

========================================================================
Received Import Request.
  Time since last request: 12.648373 seconds.
  path: Assets/Edixor/Scripts/UI/EdixorWindow/EdixorSettings.asset
  artifactKey: Guid(b379006ce784c5141b99b1e7af0b62fa) Importer(815301076,1909f56bfc062723c751e8b465ee728b)
Start importing Assets/Edixor/Scripts/UI/EdixorWindow/EdixorSettings.asset using Guid(b379006ce784c5141b99b1e7af0b62fa) Importer(815301076,1909f56bfc062723c751e8b465ee728b) (PreviewImporter) -> (artifact id: '3d0a31982254478eb3ebfa261f4910ab') in 0.0050662 seconds
Number of updated asset objects reloaded before import = 0Number of asset objects unloaded after import = 1

========================================================================
Received Import Request.
  Time since last request: 32.371550 seconds.
  path: Assets/Edixor/Scripts/UI/EdixorWindow/EdixorSettings.asset
  artifactKey: Guid(b379006ce784c5141b99b1e7af0b62fa) Importer(815301076,1909f56bfc062723c751e8b465ee728b)
Start importing Assets/Edixor/Scripts/UI/EdixorWindow/EdixorSettings.asset using Guid(b379006ce784c5141b99b1e7af0b62fa) Importer(815301076,1909f56bfc062723c751e8b465ee728b) (PreviewImporter) -> (artifact id: '6bc3080e8724b89521a0e2a0a336ae9a') in 0.0042798 seconds
Number of updated asset objects reloaded before import = 0Number of asset objects unloaded after import = 1

========================================================================
Received Import Request.
  Time since last request: 38.734598 seconds.
  path: Assets/Edixor/Scripts/UI/EdixorWindow/EdixorSettings.asset
  artifactKey: Guid(b379006ce784c5141b99b1e7af0b62fa) Importer(815301076,1909f56bfc062723c751e8b465ee728b)
Start importing Assets/Edixor/Scripts/UI/EdixorWindow/EdixorSettings.asset using Guid(b379006ce784c5141b99b1e7af0b62fa) Importer(815301076,1909f56bfc062723c751e8b465ee728b) (PreviewImporter) -> (artifact id: '696f5010cebdf5de23b6debc4ac77ea1') in 0.0048443 seconds
Number of updated asset objects reloaded before import = 0Number of asset objects unloaded after import = 1

========================================================================
Received Import Request.
  Time since last request: 24.538808 seconds.
  path: Assets/Edixor/Scripts/UI/EdixorWindow/EdixorSettings.asset
  artifactKey: Guid(b379006ce784c5141b99b1e7af0b62fa) Importer(815301076,1909f56bfc062723c751e8b465ee728b)
Start importing Assets/Edixor/Scripts/UI/EdixorWindow/EdixorSettings.asset using Guid(b379006ce784c5141b99b1e7af0b62fa) Importer(815301076,1909f56bfc062723c751e8b465ee728b) (PreviewImporter) -> (artifact id: '7d7c357368766688faf541a0e402c630') in 0.0052867 seconds
Number of updated asset objects reloaded before import = 0Number of asset objects unloaded after import = 1

========================================================================
Received Prepare
Refreshing native plugins compatible for Editor in 4.50 ms, found 4 plugins.
Preloading 0 native plugins for Editor in 0.00 ms.
Unloading 0 Unused Serialized files (Serialized files now loaded: 0)
Unloading 4741 unused Assets / (131.0 KB). Loaded Objects now: 5259.
Memory consumption went from 86.2 MB to 86.1 MB.
Total: 38.999700 ms (FindLiveObjects: 1.729300 ms CreateObjectMapping: 2.560800 ms MarkObjects: 23.907300 ms  DeleteObjects: 10.793400 ms)

Prepare: number of updated asset objects reloaded= 0
AssetImportWorkerClient::OnTransportError - code=10054 error=Удаленный хост принудительно разорвал существующее подключение.
