Using pre-set license
Built from '6000.0/release' branch; Version is '6000.0.29f1 (9fafe5c9db65) revision 10465253'; Using compiler version '193933523'; Build Type 'Release'
OS: 'Windows 10  (10.0.18362) 64bit Enterprise' Language: 'ru' Physical Memory: 4024 MB
BatchMode: 1, IsHumanControllingUs: 0, StartBugReporterOnCrash: 0, Is64bit: 1, IsPro: 1

COMMAND LINE ARGUMENTS:
C:\Program Files\Unity\Hub\Editor\6000.0.29f1\Editor\Unity.exe
-adb2
-batchMode
-noUpm
-name
AssetImportWorker4
-projectPath
C:/Users/S/Documents/GitHub/Edixor/Edixor
-logFile
Logs/AssetImportWorker4.log
-srvPort
59742
-job-worker-count
1
-background-job-worker-count
8
-asset-garbage-collectors
1
Successfully changed project path to: C:/Users/S/Documents/GitHub/Edixor/Edixor
C:/Users/S/Documents/GitHub/Edixor/Edixor
[UnityMemory] Configuration Parameters - Can be set up in boot.config
    "memorysetup-bucket-allocator-granularity=16"
    "memorysetup-bucket-allocator-bucket-count=8"
    "memorysetup-bucket-allocator-block-size=33554432"
    "memorysetup-bucket-allocator-block-count=8"
    "memorysetup-main-allocator-block-size=16777216"
    "memorysetup-thread-allocator-block-size=16777216"
    "memorysetup-gfx-main-allocator-block-size=16777216"
    "memorysetup-gfx-thread-allocator-block-size=16777216"
    "memorysetup-cache-allocator-block-size=4194304"
    "memorysetup-typetree-allocator-block-size=2097152"
    "memorysetup-profiler-bucket-allocator-granularity=16"
    "memorysetup-profiler-bucket-allocator-bucket-count=8"
    "memorysetup-profiler-bucket-allocator-block-size=33554432"
    "memorysetup-profiler-bucket-allocator-block-count=8"
    "memorysetup-profiler-allocator-block-size=16777216"
    "memorysetup-profiler-editor-allocator-block-size=1048576"
    "memorysetup-temp-allocator-size-main=16777216"
    "memorysetup-job-temp-allocator-block-size=2097152"
    "memorysetup-job-temp-allocator-block-size-background=1048576"
    "memorysetup-job-temp-allocator-reduction-small-platforms=262144"
    "memorysetup-allocator-temp-initial-block-size-main=262144"
    "memorysetup-allocator-temp-initial-block-size-worker=262144"
    "memorysetup-temp-allocator-size-background-worker=32768"
    "memorysetup-temp-allocator-size-job-worker=262144"
    "memorysetup-temp-allocator-size-preload-manager=33554432"
    "memorysetup-temp-allocator-size-nav-mesh-worker=65536"
    "memorysetup-temp-allocator-size-audio-worker=65536"
    "memorysetup-temp-allocator-size-cloud-worker=32768"
    "memorysetup-temp-allocator-size-gi-baking-worker=262144"
    "memorysetup-temp-allocator-size-gi-baking-worker=262144"
    "memorysetup-temp-allocator-size-gi-baking-worker=262144"
    "memorysetup-temp-allocator-size-gi-baking-worker=262144"
    "memorysetup-temp-allocator-size-gi-baking-worker=262144"
    "memorysetup-temp-allocator-size-gfx=262144"
Player connection [8148]  Target information:

Player connection [8148]  * "[IP] 192.168.1.46 [Port] 0 [Flags] 2 [Guid] 4233458843 [EditorId] 4233458843 [Version] 1048832 [Id] WindowsEditor(7,DESKTOP-7VPLHCL) [Debug] 1 [PackageName] WindowsEditor [ProjectName] Editor" 

Player connection [8148] Host joined multi-casting on [225.0.0.222:54997]...
Player connection [8148] Host joined alternative multi-casting on [225.0.0.222:34997]...
JobSystem: Creating JobQueue using job-worker-count value 1
[Physics::Module] Initialized fallback backend.
[Physics::Module] Id: 0xdecafbad
Library Redirect Path: Library/
[Physics::Module] Selected backend.
[Physics::Module] Name: PhysX
[Physics::Module] Id: 0xf2b8ea05
[Physics::Module] SDK Version: 4.1.2
[Physics::Module] Integration Version: 1.0.0
[Physics::Module] Threading Mode: Multi-Threaded
Refreshing native plugins compatible for Editor in 119.43 ms, found 4 plugins.
Preloading 0 native plugins for Editor in 0.00 ms.
Initialize engine version: 6000.0.29f1 (9fafe5c9db65)
[Subsystems] Discovering subsystems at path C:/Program Files/Unity/Hub/Editor/6000.0.29f1/Editor/Data/Resources/UnitySubsystems
[Subsystems] Discovering subsystems at path C:/Users/S/Documents/GitHub/Edixor/Edixor/Assets
GfxDevice: creating device client; kGfxThreadingModeNonThreaded
Direct3D:
    Version:  Direct3D 11.0 [level 10.0]
    Renderer: Mobile Intel(R) 4 Series Express Chipset Family (Microsoft Corporation - WDDM 1.1) (ID=0x2a42)
    Vendor:   Intel
    VRAM:     128 MB
    Driver:   8.15.10.2702
Initialize mono
Mono path[0] = 'C:/Program Files/Unity/Hub/Editor/6000.0.29f1/Editor/Data/Managed'
Mono path[1] = 'C:/Program Files/Unity/Hub/Editor/6000.0.29f1/Editor/Data/MonoBleedingEdge/lib/mono/unityjit-win32'
Mono config path = 'C:/Program Files/Unity/Hub/Editor/6000.0.29f1/Editor/Data/MonoBleedingEdge/etc'
Using monoOptions --debugger-agent=transport=dt_socket,embedding=1,server=y,suspend=n,address=127.0.0.1:56020
Begin MonoManager ReloadAssembly
Registering precompiled unity dll's ...
Register platform support module: C:/Program Files/Unity/Hub/Editor/6000.0.29f1/Editor/Data/PlaybackEngines/WebGLSupport/UnityEditor.WebGL.Extensions.dll
Register platform support module: C:/Program Files/Unity/Hub/Editor/6000.0.29f1/Editor/Data/PlaybackEngines/WindowsStandaloneSupport/UnityEditor.WindowsStandalone.Extensions.dll
Register platform support module: C:/Program Files/Unity/Hub/Editor/6000.0.29f1/Editor/Data/PlaybackEngines/AndroidPlayer/UnityEditor.Android.Extensions.dll
Registered in 0.040458 seconds.
- Loaded All Assemblies, in 15.431 seconds
Native extension for Android target not found
Android Extension - Scanning For ADB Devices 1504 ms
Native extension for WindowsStandalone target not found
Native extension for WebGL target not found
Mono: successfully reloaded assembly
- Finished resetting the current domain, in  4.691 seconds
Domain Reload Profiling: 20106ms
	BeginReloadAssembly (7306ms)
		ExecutionOrderSort (0ms)
		DisableScriptedObjects (0ms)
		BackupInstance (0ms)
		ReleaseScriptingObjects (2ms)
		CreateAndSetChildDomain (9ms)
	RebuildCommonClasses (777ms)
	RebuildNativeTypeToScriptingClass (152ms)
	initialDomainReloadingComplete (742ms)
	LoadAllAssembliesAndSetupDomain (6437ms)
		LoadAssemblies (7285ms)
		RebuildTransferFunctionScriptingTraits (0ms)
		AnalyzeDomain (6382ms)
			TypeCache.Refresh (6360ms)
				TypeCache.ScanAssembly (6108ms)
			BuildScriptInfoCaches (1ms)
			ResolveRequiredComponents (18ms)
	FinalizeReload (4692ms)
		ReleaseScriptCaches (0ms)
		RebuildScriptCaches (0ms)
		SetupLoadedEditorAssemblies (4269ms)
			LogAssemblyErrors (0ms)
			InitializePlatformSupportModulesInManaged (2889ms)
			SetLoadedEditorAssemblies (16ms)
			BeforeProcessingInitializeOnLoad (23ms)
			ProcessInitializeOnLoadAttributes (482ms)
			ProcessInitializeOnLoadMethodAttributes (252ms)
			AfterProcessingInitializeOnLoad (607ms)
			EditorAssembliesLoaded (0ms)
		ExecutionOrderSort2 (0ms)
		AwakeInstancesAfterBackupRestoration (0ms)
========================================================================
Worker process is ready to serve import requests
Import Worker Mode flag is 0x00
Begin MonoManager ReloadAssembly
- Loaded All Assemblies, in  5.732 seconds
Refreshing native plugins compatible for Editor in 8.59 ms, found 4 plugins.
Native extension for Android target not found
Native extension for WindowsStandalone target not found
Native extension for WebGL target not found
Mono: successfully reloaded assembly
- Finished resetting the current domain, in  6.895 seconds
Domain Reload Profiling: 12616ms
	BeginReloadAssembly (675ms)
		ExecutionOrderSort (0ms)
		DisableScriptedObjects (34ms)
		BackupInstance (0ms)
		ReleaseScriptingObjects (0ms)
		CreateAndSetChildDomain (95ms)
	RebuildCommonClasses (122ms)
	RebuildNativeTypeToScriptingClass (37ms)
	initialDomainReloadingComplete (134ms)
	LoadAllAssembliesAndSetupDomain (4751ms)
		LoadAssemblies (2233ms)
		RebuildTransferFunctionScriptingTraits (0ms)
		AnalyzeDomain (2877ms)
			TypeCache.Refresh (2592ms)
				TypeCache.ScanAssembly (2232ms)
			BuildScriptInfoCaches (225ms)
			ResolveRequiredComponents (49ms)
	FinalizeReload (6898ms)
		ReleaseScriptCaches (0ms)
		RebuildScriptCaches (0ms)
		SetupLoadedEditorAssemblies (6219ms)
			LogAssemblyErrors (0ms)
			InitializePlatformSupportModulesInManaged (82ms)
			SetLoadedEditorAssemblies (28ms)
			BeforeProcessingInitializeOnLoad (308ms)
			ProcessInitializeOnLoadAttributes (5550ms)
			ProcessInitializeOnLoadMethodAttributes (222ms)
			AfterProcessingInitializeOnLoad (28ms)
			EditorAssembliesLoaded (1ms)
		ExecutionOrderSort2 (0ms)
		AwakeInstancesAfterBackupRestoration (61ms)
Launched and connected shader compiler UnityShaderCompiler.exe after 0.08 seconds
Refreshing native plugins compatible for Editor in 4.42 ms, found 4 plugins.
Preloading 0 native plugins for Editor in 0.00 ms.
Unloading 14 Unused Serialized files (Serialized files now loaded: 0)
Unloading 4753 unused Assets / (222.1 KB). Loaded Objects now: 5244.
Memory consumption went from 88.1 MB to 87.8 MB.
Total: 25.788400 ms (FindLiveObjects: 1.822900 ms CreateObjectMapping: 1.449400 ms MarkObjects: 18.510500 ms  DeleteObjects: 3.993900 ms)

========================================================================
Received Prepare
Refreshing native plugins compatible for Editor in 9.64 ms, found 4 plugins.
Preloading 0 native plugins for Editor in 0.00 ms.
Unloading 0 Unused Serialized files (Serialized files now loaded: 0)
Unloading 4740 unused Assets / (297.8 KB). Loaded Objects now: 5244.
Memory consumption went from 83.9 MB to 83.6 MB.
Total: 51.689500 ms (FindLiveObjects: 3.584900 ms CreateObjectMapping: 5.199500 ms MarkObjects: 34.404700 ms  DeleteObjects: 8.492200 ms)

Prepare: number of updated asset objects reloaded= 0
========================================================================
Received Import Request.
  Time since last request: 462475.395779 seconds.
  path: Assets/Edixor/Scripts/UI/EdixorWindow/EdixorSettings.asset
  artifactKey: Guid(b379006ce784c5141b99b1e7af0b62fa) Importer(815301076,1909f56bfc062723c751e8b465ee728b)
Start importing Assets/Edixor/Scripts/UI/EdixorWindow/EdixorSettings.asset using Guid(b379006ce784c5141b99b1e7af0b62fa) Importer(815301076,1909f56bfc062723c751e8b465ee728b) (PreviewImporter)Зарегистрированные классы:
UnityEngine.Debug:ExtractStackTraceNoAlloc (byte*,int,string)
UnityEngine.StackTraceUtility:ExtractStackTrace ()
UnityEngine.DebugLogHandler:Internal_Log (UnityEngine.LogType,UnityEngine.LogOption,string,UnityEngine.Object)
UnityEngine.DebugLogHandler:LogFormat (UnityEngine.LogType,UnityEngine.Object,string,object[])
UnityEngine.Logger:Log (UnityEngine.LogType,object)
UnityEngine.Debug:Log (object)
Factory`2<EdixorDesign, EdixorWindow>:RegisterAll (EdixorWindow) (at Assets/Edixor/Scripts/Patterns/Factory.cs:56)
EdixorWindowSetting:InitializeData () (at Assets/Edixor/Scripts/UI/EdixorWindow/EdixorSetting.cs:60)
EdixorWindowSetting:EnsureInitialized () (at Assets/Edixor/Scripts/UI/EdixorWindow/EdixorSetting.cs:29)
EdixorWindowSetting:GetHotKeys () (at Assets/Edixor/Scripts/UI/EdixorWindow/EdixorSetting.cs:85)
EdixorWindow:InitializeSettings () (at Assets/Edixor/Scripts/UI/EdixorWindow/EdixorWIndow.cs:43)
EdixorWindow:OnEnable () (at Assets/Edixor/Scripts/UI/EdixorWindow/EdixorWIndow.cs:22)
UnityEngine.ScriptableObject:CreateScriptableObjectInstanceFromType (System.Type,bool)
UnityEngine.ScriptableObject:CreateInstance (System.Type)
UnityEditor.EditorWindow:GetWindowPrivate (System.Type,bool,string,bool,bool)
UnityEditor.EditorWindow:GetWindow (System.Type,bool,string,bool)
UnityEditor.EditorWindow:GetWindow<EdixorWindow> (bool,string,bool)
UnityEditor.EditorWindow:GetWindow<EdixorWindow> ()
EdixorSettings:OnEnable () (at Assets/Edixor/Scripts/UI/EdixorSetting.cs:21)

(Filename: Assets/Edixor/Scripts/Patterns/Factory.cs Line: 56)

Assets/Edixor/Scripts/UI/Design/Standart/StandartDesign.cs
UnityEngine.Debug:ExtractStackTraceNoAlloc (byte*,int,string)
UnityEngine.StackTraceUtility:ExtractStackTrace ()
UnityEngine.DebugLogHandler:Internal_Log (UnityEngine.LogType,UnityEngine.LogOption,string,UnityEngine.Object)
UnityEngine.DebugLogHandler:LogFormat (UnityEngine.LogType,UnityEngine.Object,string,object[])
UnityEngine.Logger:Log (UnityEngine.LogType,object)
UnityEngine.Debug:Log (object)
Factory`2<EdixorDesign, EdixorWindow>:RegisterAll (EdixorWindow) (at Assets/Edixor/Scripts/Patterns/Factory.cs:59)
EdixorWindowSetting:InitializeData () (at Assets/Edixor/Scripts/UI/EdixorWindow/EdixorSetting.cs:60)
EdixorWindowSetting:EnsureInitialized () (at Assets/Edixor/Scripts/UI/EdixorWindow/EdixorSetting.cs:29)
EdixorWindowSetting:GetHotKeys () (at Assets/Edixor/Scripts/UI/EdixorWindow/EdixorSetting.cs:85)
EdixorWindow:InitializeSettings () (at Assets/Edixor/Scripts/UI/EdixorWindow/EdixorWIndow.cs:43)
EdixorWindow:OnEnable () (at Assets/Edixor/Scripts/UI/EdixorWindow/EdixorWIndow.cs:22)
UnityEngine.ScriptableObject:CreateScriptableObjectInstanceFromType (System.Type,bool)
UnityEngine.ScriptableObject:CreateInstance (System.Type)
UnityEditor.EditorWindow:GetWindowPrivate (System.Type,bool,string,bool,bool)
UnityEditor.EditorWindow:GetWindow (System.Type,bool,string,bool)
UnityEditor.EditorWindow:GetWindow<EdixorWindow> (bool,string,bool)
UnityEditor.EditorWindow:GetWindow<EdixorWindow> ()
EdixorSettings:OnEnable () (at Assets/Edixor/Scripts/UI/EdixorSetting.cs:21)

(Filename: Assets/Edixor/Scripts/Patterns/Factory.cs Line: 59)

Assets/Edixor/Scripts/UI/Design/Inverted/Inverted.cs
UnityEngine.Debug:ExtractStackTraceNoAlloc (byte*,int,string)
UnityEngine.StackTraceUtility:ExtractStackTrace ()
UnityEngine.DebugLogHandler:Internal_Log (UnityEngine.LogType,UnityEngine.LogOption,string,UnityEngine.Object)
UnityEngine.DebugLogHandler:LogFormat (UnityEngine.LogType,UnityEngine.Object,string,object[])
UnityEngine.Logger:Log (UnityEngine.LogType,object)
UnityEngine.Debug:Log (object)
Factory`2<EdixorDesign, EdixorWindow>:RegisterAll (EdixorWindow) (at Assets/Edixor/Scripts/Patterns/Factory.cs:59)
EdixorWindowSetting:InitializeData () (at Assets/Edixor/Scripts/UI/EdixorWindow/EdixorSetting.cs:60)
EdixorWindowSetting:EnsureInitialized () (at Assets/Edixor/Scripts/UI/EdixorWindow/EdixorSetting.cs:29)
EdixorWindowSetting:GetHotKeys () (at Assets/Edixor/Scripts/UI/EdixorWindow/EdixorSetting.cs:85)
EdixorWindow:InitializeSettings () (at Assets/Edixor/Scripts/UI/EdixorWindow/EdixorWIndow.cs:43)
EdixorWindow:OnEnable () (at Assets/Edixor/Scripts/UI/EdixorWindow/EdixorWIndow.cs:22)
UnityEngine.ScriptableObject:CreateScriptableObjectInstanceFromType (System.Type,bool)
UnityEngine.ScriptableObject:CreateInstance (System.Type)
UnityEditor.EditorWindow:GetWindowPrivate (System.Type,bool,string,bool,bool)
UnityEditor.EditorWindow:GetWindow (System.Type,bool,string,bool)
UnityEditor.EditorWindow:GetWindow<EdixorWindow> (bool,string,bool)
UnityEditor.EditorWindow:GetWindow<EdixorWindow> ()
EdixorSettings:OnEnable () (at Assets/Edixor/Scripts/UI/EdixorSetting.cs:21)

(Filename: Assets/Edixor/Scripts/Patterns/Factory.cs Line: 59)

Calls to "AssetDatabase.SaveAssets" are restricted during asset importing. 
UnityEngine.Debug:ExtractStackTraceNoAlloc (byte*,int,string)
UnityEngine.StackTraceUtility:ExtractStackTrace ()
EdixorWindowSetting:Save () (at Assets/Edixor/Scripts/UI/EdixorWindow/EdixorSetting.cs:177)
EdixorWindowSetting:InitializeData () (at Assets/Edixor/Scripts/UI/EdixorWindow/EdixorSetting.cs:66)
EdixorWindowSetting:EnsureInitialized () (at Assets/Edixor/Scripts/UI/EdixorWindow/EdixorSetting.cs:29)
EdixorWindowSetting:GetHotKeys () (at Assets/Edixor/Scripts/UI/EdixorWindow/EdixorSetting.cs:85)
EdixorWindow:InitializeSettings () (at Assets/Edixor/Scripts/UI/EdixorWindow/EdixorWIndow.cs:43)
EdixorWindow:OnEnable () (at Assets/Edixor/Scripts/UI/EdixorWindow/EdixorWIndow.cs:22)
UnityEngine.ScriptableObject:CreateScriptableObjectInstanceFromType (System.Type,bool)
UnityEngine.ScriptableObject:CreateInstance (System.Type)
UnityEditor.EditorWindow:GetWindowPrivate (System.Type,bool,string,bool,bool)
UnityEditor.EditorWindow:GetWindow (System.Type,bool,string,bool)
UnityEditor.EditorWindow:GetWindow<EdixorWindow> (bool,string,bool)
UnityEditor.EditorWindow:GetWindow<EdixorWindow> ()
EdixorSettings:OnEnable () (at Assets/Edixor/Scripts/UI/EdixorSetting.cs:21)

[Assets/Edixor/Scripts/UI/EdixorSetting.cs line 21]

UnityException: Calls to "AssetDatabase.SaveAssets" are restricted during asset importing. 
  at (wrapper managed-to-native) UnityEditor.AssetDatabase.SaveAssets()
  at EdixorWindowSetting.Save () [0x00019] in C:\Users\S\Documents\GitHub\Edixor\Edixor\Assets\Edixor\Scripts\UI\EdixorWindow\EdixorSetting.cs:177 
  at EdixorWindowSetting.InitializeData () [0x000f0] in C:\Users\S\Documents\GitHub\Edixor\Edixor\Assets\Edixor\Scripts\UI\EdixorWindow\EdixorSetting.cs:66 
  at EdixorWindowSetting.EnsureInitialized () [0x00008] in C:\Users\S\Documents\GitHub\Edixor\Edixor\Assets\Edixor\Scripts\UI\EdixorWindow\EdixorSetting.cs:29 
  at EdixorWindowSetting.GetHotKeys () [0x00000] in C:\Users\S\Documents\GitHub\Edixor\Edixor\Assets\Edixor\Scripts\UI\EdixorWindow\EdixorSetting.cs:85 
  at EdixorWindow.InitializeSettings () [0x0001f] in C:\Users\S\Documents\GitHub\Edixor\Edixor\Assets\Edixor\Scripts\UI\EdixorWindow\EdixorWIndow.cs:43 
  at EdixorWindow.OnEnable () [0x00011] in C:\Users\S\Documents\GitHub\Edixor\Edixor\Assets\Edixor\Scripts\UI\EdixorWindow\EdixorWIndow.cs:22 
UnityEngine.ScriptableObject:CreateScriptableObjectInstanceFromType_Injected(Type, Boolean)
UnityEngine.ScriptableObject:CreateScriptableObjectInstanceFromType(Type, Boolean)
UnityEngine.ScriptableObject:CreateInstance(Type)
UnityEditor.EditorWindow:GetWindowPrivate(Type, Boolean, String, Boolean, Boolean)
UnityEditor.EditorWindow:GetWindow(Type, Boolean, String, Boolean)
UnityEditor.EditorWindow:GetWindow(Boolean, String, Boolean)
UnityEditor.EditorWindow:GetWindow()
EdixorSettings:OnEnable() (at Assets\Edixor\Scripts\UI\EdixorSetting.cs:21)

(Filename: Assets/Edixor/Scripts/UI/EdixorWindow/EdixorSetting.cs Line: 177)

[MODES] ModeService[none].Initialize
[MODES] ModeService[none].LoadModes
[MODES] Loading mode Default (0) for mode-current-id-Edixor
<RI> Initialized touch support.
<RI> Initializing input.
New input system (experimental) initialized
Using Windows.Gaming.Input
XInput1_3.dll not found. Trying XInput9_1_0.dll instead...
<RI> Input initialized.
 -> (artifact id: 'c878ba8f6de5fbae28feb6977d0e4d54') in 2.8205717 seconds
Number of updated asset objects reloaded before import = 0Number of asset objects unloaded after import = 1

========================================================================
Received Prepare
Begin MonoManager ReloadAssembly
- Loaded All Assemblies, in  3.211 seconds
Refreshing native plugins compatible for Editor in 8.81 ms, found 4 plugins.
Native extension for Android target not found
Native extension for WindowsStandalone target not found
Native extension for WebGL target not found
Settings not found, creating new default settings.
UnityEngine.Debug:ExtractStackTraceNoAlloc (byte*,int,string)
UnityEngine.StackTraceUtility:ExtractStackTrace ()
UnityEngine.DebugLogHandler:Internal_Log (UnityEngine.LogType,UnityEngine.LogOption,string,UnityEngine.Object)
UnityEngine.DebugLogHandler:LogFormat (UnityEngine.LogType,UnityEngine.Object,string,object[])
UnityEngine.Logger:Log (UnityEngine.LogType,object)
UnityEngine.Debug:LogWarning (object)
EdixorWindowSetting:Load () (at Assets/Edixor/Scripts/UI/EdixorWindow/EdixorSetting.cs:165)
EdixorWindowSetting:.ctor (EdixorWindow) (at Assets/Edixor/Scripts/UI/EdixorWindow/EdixorSetting.cs:22)
EdixorWindow:InitializeSettings () (at Assets/Edixor/Scripts/UI/EdixorWindow/EdixorWIndow.cs:38)
EdixorWindow:OnEnable () (at Assets/Edixor/Scripts/UI/EdixorWindow/EdixorWIndow.cs:22)

(Filename: Assets/Edixor/Scripts/UI/EdixorWindow/EdixorSetting.cs Line: 165)

[MODES] ModeService[none].Initialize
[MODES] ModeService[none].LoadModes
<RI> Initialized touch support.
CreateSerializedAsset is not supported while importing out-of-process
UnityEngine.Debug:ExtractStackTraceNoAlloc (byte*,int,string)
UnityEngine.StackTraceUtility:ExtractStackTrace ()
UnityEditor.AssetDatabase:CreateAsset (UnityEngine.Object,string)
EdixorWindowSetting:Load () (at Assets/Edixor/Scripts/UI/EdixorWindow/EdixorSetting.cs:167)
EdixorWindowSetting:.ctor (EdixorWindow) (at Assets/Edixor/Scripts/UI/EdixorWindow/EdixorSetting.cs:22)
EdixorWindow:InitializeSettings () (at Assets/Edixor/Scripts/UI/EdixorWindow/EdixorWIndow.cs:38)
EdixorWindow:OnEnable () (at Assets/Edixor/Scripts/UI/EdixorWindow/EdixorWIndow.cs:22)

[Assets/Edixor/Scripts/UI/EdixorWindow/EdixorSetting.cs line 167]

UnityException: Creating asset at path Assets/Edixor/Scripts/UI/EdixorWindow/EdixorSettings.asset failed.
  at (wrapper managed-to-native) UnityEditor.AssetDatabase.CreateAsset_Injected(intptr,UnityEngine.Bindings.ManagedSpanWrapper&)
  at UnityEditor.AssetDatabase.CreateAsset (UnityEngine.Object asset, System.String path) [0x0004d] in <20f98a04ac634cc8bf5f95425bb19bb9>:0 
  at EdixorWindowSetting.Load () [0x00033] in C:\Users\S\Documents\GitHub\Edixor\Edixor\Assets\Edixor\Scripts\UI\EdixorWindow\EdixorSetting.cs:167 
  at EdixorWindowSetting..ctor (EdixorWindow context) [0x0000d] in C:\Users\S\Documents\GitHub\Edixor\Edixor\Assets\Edixor\Scripts\UI\EdixorWindow\EdixorSetting.cs:22 
  at EdixorWindow.InitializeSettings () [0x00008] in C:\Users\S\Documents\GitHub\Edixor\Edixor\Assets\Edixor\Scripts\UI\EdixorWindow\EdixorWIndow.cs:38 
  at EdixorWindow.OnEnable () [0x00011] in C:\Users\S\Documents\GitHub\Edixor\Edixor\Assets\Edixor\Scripts\UI\EdixorWindow\EdixorWIndow.cs:22 

(Filename: Assets/Edixor/Scripts/UI/EdixorWindow/EdixorSetting.cs Line: 167)

Mono: successfully reloaded assembly
- Finished resetting the current domain, in 16.462 seconds
Domain Reload Profiling: 19651ms
	BeginReloadAssembly (1060ms)
		ExecutionOrderSort (0ms)
		DisableScriptedObjects (144ms)
		BackupInstance (0ms)
		ReleaseScriptingObjects (1ms)
		CreateAndSetChildDomain (267ms)
	RebuildCommonClasses (155ms)
	RebuildNativeTypeToScriptingClass (46ms)
	initialDomainReloadingComplete (131ms)
	LoadAllAssembliesAndSetupDomain (1795ms)
		LoadAssemblies (1565ms)
		RebuildTransferFunctionScriptingTraits (0ms)
		AnalyzeDomain (737ms)
			TypeCache.Refresh (28ms)
				TypeCache.ScanAssembly (2ms)
			BuildScriptInfoCaches (678ms)
			ResolveRequiredComponents (23ms)
	FinalizeReload (16464ms)
		ReleaseScriptCaches (0ms)
		RebuildScriptCaches (0ms)
		SetupLoadedEditorAssemblies (13662ms)
			LogAssemblyErrors (0ms)
			InitializePlatformSupportModulesInManaged (75ms)
			SetLoadedEditorAssemblies (37ms)
			BeforeProcessingInitializeOnLoad (812ms)
			ProcessInitializeOnLoadAttributes (12426ms)
			ProcessInitializeOnLoadMethodAttributes (246ms)
			AfterProcessingInitializeOnLoad (65ms)
			EditorAssembliesLoaded (1ms)
		ExecutionOrderSort2 (0ms)
		AwakeInstancesAfterBackupRestoration (1159ms)
Refreshing native plugins compatible for Editor in 6.18 ms, found 4 plugins.
Preloading 0 native plugins for Editor in 0.00 ms.
Unloading 0 Unused Serialized files (Serialized files now loaded: 0)
Unloading 4751 unused Assets / (480.6 KB). Loaded Objects now: 5260.
Memory consumption went from 166.4 MB to 166.0 MB.
Total: 37.319700 ms (FindLiveObjects: 2.405800 ms CreateObjectMapping: 1.878600 ms MarkObjects: 21.356900 ms  DeleteObjects: 11.669400 ms)

Prepare: number of updated asset objects reloaded= 0
========================================================================
Received Prepare
Refreshing native plugins compatible for Editor in 10.44 ms, found 4 plugins.
Preloading 0 native plugins for Editor in 0.00 ms.
Unloading 0 Unused Serialized files (Serialized files now loaded: 0)
Unloading 4740 unused Assets / (131.0 KB). Loaded Objects now: 5260.
Memory consumption went from 166.6 MB to 166.5 MB.
Total: 49.912300 ms (FindLiveObjects: 2.049900 ms CreateObjectMapping: 1.920700 ms MarkObjects: 36.577900 ms  DeleteObjects: 9.355000 ms)

Prepare: number of updated asset objects reloaded= 0
========================================================================
Received Import Request.
  Time since last request: 50.230156 seconds.
  path: Assets/Edixor/Scripts/UI/EdixorWindow/EdixorSettings.asset
  artifactKey: Guid(b379006ce784c5141b99b1e7af0b62fa) Importer(815301076,1909f56bfc062723c751e8b465ee728b)
Start importing Assets/Edixor/Scripts/UI/EdixorWindow/EdixorSettings.asset using Guid(b379006ce784c5141b99b1e7af0b62fa) Importer(815301076,1909f56bfc062723c751e8b465ee728b) (PreviewImporter) -> (artifact id: 'f5e178160eb195839215d23047d7448a') in 0.2693349 seconds
Number of updated asset objects reloaded before import = 0Number of asset objects unloaded after import = 1

========================================================================
Received Prepare
Begin MonoManager ReloadAssembly
- Loaded All Assemblies, in  3.130 seconds
Refreshing native plugins compatible for Editor in 4.09 ms, found 4 plugins.
Native extension for Android target not found
Native extension for WindowsStandalone target not found
Native extension for WebGL target not found
[MODES] ModeService[none].Initialize
[MODES] ModeService[none].LoadModes
<RI> Initialized touch support.
Зарегистрированные классы:
UnityEngine.Debug:ExtractStackTraceNoAlloc (byte*,int,string)
UnityEngine.StackTraceUtility:ExtractStackTrace ()
UnityEngine.DebugLogHandler:Internal_Log (UnityEngine.LogType,UnityEngine.LogOption,string,UnityEngine.Object)
UnityEngine.DebugLogHandler:LogFormat (UnityEngine.LogType,UnityEngine.Object,string,object[])
UnityEngine.Logger:Log (UnityEngine.LogType,object)
UnityEngine.Debug:Log (object)
Factory`2<EdixorDesign, EdixorWindow>:RegisterAll (EdixorWindow) (at Assets/Edixor/Scripts/Patterns/Factory.cs:56)
EdixorWindowSetting:InitializeData () (at Assets/Edixor/Scripts/UI/EdixorWindow/EdixorSetting.cs:60)
EdixorWindowSetting:EnsureInitialized () (at Assets/Edixor/Scripts/UI/EdixorWindow/EdixorSetting.cs:29)
EdixorWindowSetting:GetHotKeys () (at Assets/Edixor/Scripts/UI/EdixorWindow/EdixorSetting.cs:85)
EdixorWindow:InitializeSettings () (at Assets/Edixor/Scripts/UI/EdixorWindow/EdixorWIndow.cs:43)
EdixorWindow:OnEnable () (at Assets/Edixor/Scripts/UI/EdixorWindow/EdixorWIndow.cs:22)

(Filename: Assets/Edixor/Scripts/Patterns/Factory.cs Line: 56)

Assets/Edixor/Scripts/UI/Design/Standart/StandartDesign.cs
UnityEngine.Debug:ExtractStackTraceNoAlloc (byte*,int,string)
UnityEngine.StackTraceUtility:ExtractStackTrace ()
UnityEngine.DebugLogHandler:Internal_Log (UnityEngine.LogType,UnityEngine.LogOption,string,UnityEngine.Object)
UnityEngine.DebugLogHandler:LogFormat (UnityEngine.LogType,UnityEngine.Object,string,object[])
UnityEngine.Logger:Log (UnityEngine.LogType,object)
UnityEngine.Debug:Log (object)
Factory`2<EdixorDesign, EdixorWindow>:RegisterAll (EdixorWindow) (at Assets/Edixor/Scripts/Patterns/Factory.cs:59)
EdixorWindowSetting:InitializeData () (at Assets/Edixor/Scripts/UI/EdixorWindow/EdixorSetting.cs:60)
EdixorWindowSetting:EnsureInitialized () (at Assets/Edixor/Scripts/UI/EdixorWindow/EdixorSetting.cs:29)
EdixorWindowSetting:GetHotKeys () (at Assets/Edixor/Scripts/UI/EdixorWindow/EdixorSetting.cs:85)
EdixorWindow:InitializeSettings () (at Assets/Edixor/Scripts/UI/EdixorWindow/EdixorWIndow.cs:43)
EdixorWindow:OnEnable () (at Assets/Edixor/Scripts/UI/EdixorWindow/EdixorWIndow.cs:22)

(Filename: Assets/Edixor/Scripts/Patterns/Factory.cs Line: 59)

Assets/Edixor/Scripts/UI/Design/Inverted/Inverted.cs
UnityEngine.Debug:ExtractStackTraceNoAlloc (byte*,int,string)
UnityEngine.StackTraceUtility:ExtractStackTrace ()
UnityEngine.DebugLogHandler:Internal_Log (UnityEngine.LogType,UnityEngine.LogOption,string,UnityEngine.Object)
UnityEngine.DebugLogHandler:LogFormat (UnityEngine.LogType,UnityEngine.Object,string,object[])
UnityEngine.Logger:Log (UnityEngine.LogType,object)
UnityEngine.Debug:Log (object)
Factory`2<EdixorDesign, EdixorWindow>:RegisterAll (EdixorWindow) (at Assets/Edixor/Scripts/Patterns/Factory.cs:59)
EdixorWindowSetting:InitializeData () (at Assets/Edixor/Scripts/UI/EdixorWindow/EdixorSetting.cs:60)
EdixorWindowSetting:EnsureInitialized () (at Assets/Edixor/Scripts/UI/EdixorWindow/EdixorSetting.cs:29)
EdixorWindowSetting:GetHotKeys () (at Assets/Edixor/Scripts/UI/EdixorWindow/EdixorSetting.cs:85)
EdixorWindow:InitializeSettings () (at Assets/Edixor/Scripts/UI/EdixorWindow/EdixorWIndow.cs:43)
EdixorWindow:OnEnable () (at Assets/Edixor/Scripts/UI/EdixorWindow/EdixorWIndow.cs:22)

(Filename: Assets/Edixor/Scripts/Patterns/Factory.cs Line: 59)

Assertion failed on expression: '!AssetDatabase::IsAssetImportWorkerProcess()'
UnityEngine.Debug:ExtractStackTraceNoAlloc (byte*,int,string)
UnityEngine.StackTraceUtility:ExtractStackTrace ()
EdixorWindowSetting:Save () (at Assets/Edixor/Scripts/UI/EdixorWindow/EdixorSetting.cs:177)
EdixorWindowSetting:InitializeData () (at Assets/Edixor/Scripts/UI/EdixorWindow/EdixorSetting.cs:66)
EdixorWindowSetting:EnsureInitialized () (at Assets/Edixor/Scripts/UI/EdixorWindow/EdixorSetting.cs:29)
EdixorWindowSetting:GetHotKeys () (at Assets/Edixor/Scripts/UI/EdixorWindow/EdixorSetting.cs:85)
EdixorWindow:InitializeSettings () (at Assets/Edixor/Scripts/UI/EdixorWindow/EdixorWIndow.cs:43)
EdixorWindow:OnEnable () (at Assets/Edixor/Scripts/UI/EdixorWindow/EdixorWIndow.cs:22)

[Assets/Edixor/Scripts/UI/EdixorWindow/EdixorSetting.cs line 177]

Refresh completed but there are assets queued up for importing. Check for code that modifies assets which gets called after OnPostProcessAllAssets. Additional details in Log file
UnityEngine.Debug:ExtractStackTraceNoAlloc (byte*,int,string)
UnityEngine.StackTraceUtility:ExtractStackTrace ()
EdixorWindowSetting:Save () (at Assets/Edixor/Scripts/UI/EdixorWindow/EdixorSetting.cs:177)
EdixorWindowSetting:InitializeData () (at Assets/Edixor/Scripts/UI/EdixorWindow/EdixorSetting.cs:66)
EdixorWindowSetting:EnsureInitialized () (at Assets/Edixor/Scripts/UI/EdixorWindow/EdixorSetting.cs:29)
EdixorWindowSetting:GetHotKeys () (at Assets/Edixor/Scripts/UI/EdixorWindow/EdixorSetting.cs:85)
EdixorWindow:InitializeSettings () (at Assets/Edixor/Scripts/UI/EdixorWindow/EdixorWIndow.cs:43)
EdixorWindow:OnEnable () (at Assets/Edixor/Scripts/UI/EdixorWindow/EdixorWIndow.cs:22)

[Assets/Edixor/Scripts/UI/EdixorWindow/EdixorSetting.cs line 177]

Assets queued for import after Refresh completed:
	Assets/Edixor/Scripts/UI/EdixorWindow/EdixorSettings.asset
Asset Pipeline Refresh (id=904666f863d4ed44989d7d56b2920843): Total: 0.004 seconds - Initiated by StopAssetImportingV2(NoUpdateAssetOptions)
Assertion failed on expression: 'm_Ptr'
UnityEngine.Debug:ExtractStackTraceNoAlloc (byte*,int,string)
UnityEngine.StackTraceUtility:ExtractStackTrace ()
EdixorWindowSetting:Save () (at Assets/Edixor/Scripts/UI/EdixorWindow/EdixorSetting.cs:177)
EdixorWindowSetting:InitializeData () (at Assets/Edixor/Scripts/UI/EdixorWindow/EdixorSetting.cs:66)
EdixorWindowSetting:EnsureInitialized () (at Assets/Edixor/Scripts/UI/EdixorWindow/EdixorSetting.cs:29)
EdixorWindowSetting:GetHotKeys () (at Assets/Edixor/Scripts/UI/EdixorWindow/EdixorSetting.cs:85)
EdixorWindow:InitializeSettings () (at Assets/Edixor/Scripts/UI/EdixorWindow/EdixorWIndow.cs:43)
EdixorWindow:OnEnable () (at Assets/Edixor/Scripts/UI/EdixorWindow/EdixorWIndow.cs:22)

[Assets/Edixor/Scripts/UI/EdixorWindow/EdixorSetting.cs line 177]

False - aaa
UnityEngine.Debug:ExtractStackTraceNoAlloc (byte*,int,string)
UnityEngine.StackTraceUtility:ExtractStackTrace ()
UnityEngine.DebugLogHandler:Internal_Log (UnityEngine.LogType,UnityEngine.LogOption,string,UnityEngine.Object)
UnityEngine.DebugLogHandler:LogFormat (UnityEngine.LogType,UnityEngine.Object,string,object[])
UnityEngine.Logger:Log (UnityEngine.LogType,object)
UnityEngine.Debug:Log (object)
EdixorUIManager:LoadUI () (at Assets/Edixor/Scripts/UI/EdixorWindow/EdixorUIManager.cs:24)
EdixorWindow:InitializeUI () (at Assets/Edixor/Scripts/UI/EdixorWindow/EdixorWIndow.cs:55)
EdixorWindow:OnEnable () (at Assets/Edixor/Scripts/UI/EdixorWindow/EdixorWIndow.cs:23)

(Filename: Assets/Edixor/Scripts/UI/EdixorWindow/EdixorUIManager.cs Line: 24)

NewTab UI has been successfully removed from the parent container.
UnityEngine.Debug:ExtractStackTraceNoAlloc (byte*,int,string)
UnityEngine.StackTraceUtility:ExtractStackTrace ()
UnityEngine.DebugLogHandler:Internal_Log (UnityEngine.LogType,UnityEngine.LogOption,string,UnityEngine.Object)
UnityEngine.DebugLogHandler:LogFormat (UnityEngine.LogType,UnityEngine.Object,string,object[])
UnityEngine.Logger:Log (UnityEngine.LogType,object)
UnityEngine.Debug:Log (object)
EdixorTab:DeleteUI () (at Assets/Edixor/Scripts/UI/EdixorTab/EdixorTab.cs:59)
EdixorUIManager:SwitchTab (int) (at Assets/Edixor/Scripts/UI/EdixorWindow/EdixorUIManager.cs:74)
EdixorUIManager:AddTab (EdixorTab) (at Assets/Edixor/Scripts/UI/EdixorWindow/EdixorUIManager.cs:70)
EdixorUIManager:LoadUI () (at Assets/Edixor/Scripts/UI/EdixorWindow/EdixorUIManager.cs:29)
EdixorWindow:InitializeUI () (at Assets/Edixor/Scripts/UI/EdixorWindow/EdixorWIndow.cs:55)
EdixorWindow:OnEnable () (at Assets/Edixor/Scripts/UI/EdixorWindow/EdixorWIndow.cs:23)

(Filename: Assets/Edixor/Scripts/UI/EdixorTab/EdixorTab.cs Line: 59)

Mono: successfully reloaded assembly
- Finished resetting the current domain, in  3.853 seconds
Domain Reload Profiling: 6976ms
	BeginReloadAssembly (1050ms)
		ExecutionOrderSort (0ms)
		DisableScriptedObjects (93ms)
		BackupInstance (0ms)
		ReleaseScriptingObjects (0ms)
		CreateAndSetChildDomain (385ms)
	RebuildCommonClasses (124ms)
	RebuildNativeTypeToScriptingClass (44ms)
	initialDomainReloadingComplete (114ms)
	LoadAllAssembliesAndSetupDomain (1791ms)
		LoadAssemblies (1444ms)
		RebuildTransferFunctionScriptingTraits (0ms)
		AnalyzeDomain (758ms)
			TypeCache.Refresh (40ms)
				TypeCache.ScanAssembly (2ms)
			BuildScriptInfoCaches (690ms)
			ResolveRequiredComponents (20ms)
	FinalizeReload (3854ms)
		ReleaseScriptCaches (0ms)
		RebuildScriptCaches (0ms)
		SetupLoadedEditorAssemblies (2204ms)
			LogAssemblyErrors (0ms)
			InitializePlatformSupportModulesInManaged (41ms)
			SetLoadedEditorAssemblies (11ms)
			BeforeProcessingInitializeOnLoad (185ms)
			ProcessInitializeOnLoadAttributes (1796ms)
			ProcessInitializeOnLoadMethodAttributes (145ms)
			AfterProcessingInitializeOnLoad (26ms)
			EditorAssembliesLoaded (1ms)
		ExecutionOrderSort2 (0ms)
		AwakeInstancesAfterBackupRestoration (1109ms)
Refreshing native plugins compatible for Editor in 4.21 ms, found 4 plugins.
Preloading 0 native plugins for Editor in 0.00 ms.
Unloading 7 Unused Serialized files (Serialized files now loaded: 0)
Unloading 4751 unused Assets / (0.9 MB). Loaded Objects now: 5276.
Memory consumption went from 169.0 MB to 168.0 MB.
Total: 30.547100 ms (FindLiveObjects: 1.763000 ms CreateObjectMapping: 1.829000 ms MarkObjects: 22.141100 ms  DeleteObjects: 4.805300 ms)

Prepare: number of updated asset objects reloaded= 0
========================================================================
Received Prepare
Begin MonoManager ReloadAssembly
- Loaded All Assemblies, in  4.194 seconds
Refreshing native plugins compatible for Editor in 6.06 ms, found 4 plugins.
Native extension for Android target not found
Native extension for WindowsStandalone target not found
Native extension for WebGL target not found
[MODES] ModeService[none].Initialize
[MODES] ModeService[none].LoadModes
Settings not found, creating new default settings.
UnityEngine.Debug:ExtractStackTraceNoAlloc (byte*,int,string)
UnityEngine.StackTraceUtility:ExtractStackTrace ()
UnityEngine.DebugLogHandler:Internal_Log (UnityEngine.LogType,UnityEngine.LogOption,string,UnityEngine.Object)
UnityEngine.DebugLogHandler:LogFormat (UnityEngine.LogType,UnityEngine.Object,string,object[])
UnityEngine.Logger:Log (UnityEngine.LogType,object)
UnityEngine.Debug:LogWarning (object)
EdixorWindowSetting:Load () (at Assets/Edixor/Scripts/UI/EdixorWindow/EdixorSetting.cs:165)
EdixorWindowSetting:.ctor (EdixorWindow) (at Assets/Edixor/Scripts/UI/EdixorWindow/EdixorSetting.cs:22)
EdixorWindow:InitializeSettings () (at Assets/Edixor/Scripts/UI/EdixorWindow/EdixorWIndow.cs:38)
EdixorWindow:OnEnable () (at Assets/Edixor/Scripts/UI/EdixorWindow/EdixorWIndow.cs:22)

(Filename: Assets/Edixor/Scripts/UI/EdixorWindow/EdixorSetting.cs Line: 165)

CreateSerializedAsset is not supported while importing out-of-process
UnityEngine.Debug:ExtractStackTraceNoAlloc (byte*,int,string)
UnityEngine.StackTraceUtility:ExtractStackTrace ()
UnityEditor.AssetDatabase:CreateAsset (UnityEngine.Object,string)
EdixorWindowSetting:Load () (at Assets/Edixor/Scripts/UI/EdixorWindow/EdixorSetting.cs:167)
EdixorWindowSetting:.ctor (EdixorWindow) (at Assets/Edixor/Scripts/UI/EdixorWindow/EdixorSetting.cs:22)
EdixorWindow:InitializeSettings () (at Assets/Edixor/Scripts/UI/EdixorWindow/EdixorWIndow.cs:38)
EdixorWindow:OnEnable () (at Assets/Edixor/Scripts/UI/EdixorWindow/EdixorWIndow.cs:22)

[Assets/Edixor/Scripts/UI/EdixorWindow/EdixorSetting.cs line 167]

UnityException: Creating asset at path Assets/Edixor/Scripts/UI/EdixorWindow/EdixorSettings.asset failed.
  at (wrapper managed-to-native) UnityEditor.AssetDatabase.CreateAsset_Injected(intptr,UnityEngine.Bindings.ManagedSpanWrapper&)
  at UnityEditor.AssetDatabase.CreateAsset (UnityEngine.Object asset, System.String path) [0x0004d] in <20f98a04ac634cc8bf5f95425bb19bb9>:0 
  at EdixorWindowSetting.Load () [0x00033] in C:\Users\S\Documents\GitHub\Edixor\Edixor\Assets\Edixor\Scripts\UI\EdixorWindow\EdixorSetting.cs:167 
  at EdixorWindowSetting..ctor (EdixorWindow context) [0x0000d] in C:\Users\S\Documents\GitHub\Edixor\Edixor\Assets\Edixor\Scripts\UI\EdixorWindow\EdixorSetting.cs:22 
  at EdixorWindow.InitializeSettings () [0x00008] in C:\Users\S\Documents\GitHub\Edixor\Edixor\Assets\Edixor\Scripts\UI\EdixorWindow\EdixorWIndow.cs:38 
  at EdixorWindow.OnEnable () [0x00011] in C:\Users\S\Documents\GitHub\Edixor\Edixor\Assets\Edixor\Scripts\UI\EdixorWindow\EdixorWIndow.cs:22 

(Filename: Assets/Edixor/Scripts/UI/EdixorWindow/EdixorSetting.cs Line: 167)

Mono: successfully reloaded assembly
- Finished resetting the current domain, in  7.592 seconds
Domain Reload Profiling: 11774ms
	BeginReloadAssembly (1065ms)
		ExecutionOrderSort (0ms)
		DisableScriptedObjects (90ms)
		BackupInstance (0ms)
		ReleaseScriptingObjects (4ms)
		CreateAndSetChildDomain (186ms)
	RebuildCommonClasses (160ms)
	RebuildNativeTypeToScriptingClass (48ms)
	initialDomainReloadingComplete (96ms)
	LoadAllAssembliesAndSetupDomain (2811ms)
		LoadAssemblies (1644ms)
		RebuildTransferFunctionScriptingTraits (0ms)
		AnalyzeDomain (1774ms)
			TypeCache.Refresh (39ms)
				TypeCache.ScanAssembly (0ms)
			BuildScriptInfoCaches (1704ms)
			ResolveRequiredComponents (23ms)
	FinalizeReload (7594ms)
		ReleaseScriptCaches (0ms)
		RebuildScriptCaches (0ms)
		SetupLoadedEditorAssemblies (5832ms)
			LogAssemblyErrors (0ms)
			InitializePlatformSupportModulesInManaged (115ms)
			SetLoadedEditorAssemblies (19ms)
			BeforeProcessingInitializeOnLoad (2042ms)
			ProcessInitializeOnLoadAttributes (3492ms)
			ProcessInitializeOnLoadMethodAttributes (138ms)
			AfterProcessingInitializeOnLoad (25ms)
			EditorAssembliesLoaded (1ms)
		ExecutionOrderSort2 (0ms)
		AwakeInstancesAfterBackupRestoration (801ms)
Refreshing native plugins compatible for Editor in 5.08 ms, found 4 plugins.
Preloading 0 native plugins for Editor in 0.00 ms.
Unloading 0 Unused Serialized files (Serialized files now loaded: 0)
Unloading 4761 unused Assets / (3.3 MB). Loaded Objects now: 5269.
Memory consumption went from 168.1 MB to 164.8 MB.
Total: 99.416500 ms (FindLiveObjects: 5.854000 ms CreateObjectMapping: 3.715900 ms MarkObjects: 62.446500 ms  DeleteObjects: 27.391700 ms)

Prepare: number of updated asset objects reloaded= 0
========================================================================
Received Prepare
Refreshing native plugins compatible for Editor in 8.05 ms, found 4 plugins.
Preloading 0 native plugins for Editor in 0.00 ms.
Unloading 0 Unused Serialized files (Serialized files now loaded: 0)
Unloading 4740 unused Assets / (131.0 KB). Loaded Objects now: 5269.
Memory consumption went from 168.3 MB to 168.1 MB.
Total: 81.105000 ms (FindLiveObjects: 30.421500 ms CreateObjectMapping: 6.431600 ms MarkObjects: 38.259600 ms  DeleteObjects: 5.983400 ms)

Prepare: number of updated asset objects reloaded= 0
========================================================================
Received Import Request.
  Time since last request: 213.231629 seconds.
  path: Assets/Edixor/Scripts/UI/EdixorWindow/EdixorSettings.asset
  artifactKey: Guid(b379006ce784c5141b99b1e7af0b62fa) Importer(815301076,1909f56bfc062723c751e8b465ee728b)
Start importing Assets/Edixor/Scripts/UI/EdixorWindow/EdixorSettings.asset using Guid(b379006ce784c5141b99b1e7af0b62fa) Importer(815301076,1909f56bfc062723c751e8b465ee728b) (PreviewImporter) -> (artifact id: '4d0fee6b82622d9d7375930a20f84528') in 0.0065107 seconds
Number of updated asset objects reloaded before import = 0Number of asset objects unloaded after import = 0

========================================================================
Received Prepare
Begin MonoManager ReloadAssembly
- Loaded All Assemblies, in  3.528 seconds
Refreshing native plugins compatible for Editor in 4.64 ms, found 4 plugins.
Native extension for Android target not found
Native extension for WindowsStandalone target not found
Native extension for WebGL target not found
[MODES] ModeService[none].Initialize
[MODES] ModeService[none].LoadModes
Settings not found, creating new default settings.
UnityEngine.Debug:ExtractStackTraceNoAlloc (byte*,int,string)
UnityEngine.StackTraceUtility:ExtractStackTrace ()
UnityEngine.DebugLogHandler:Internal_Log (UnityEngine.LogType,UnityEngine.LogOption,string,UnityEngine.Object)
UnityEngine.DebugLogHandler:LogFormat (UnityEngine.LogType,UnityEngine.Object,string,object[])
UnityEngine.Logger:Log (UnityEngine.LogType,object)
UnityEngine.Debug:LogWarning (object)
EdixorWindowSetting:Load () (at Assets/Edixor/Scripts/UI/EdixorWindow/EdixorSetting.cs:165)
EdixorWindowSetting:.ctor (EdixorWindow) (at Assets/Edixor/Scripts/UI/EdixorWindow/EdixorSetting.cs:22)
EdixorWindow:InitializeSettings () (at Assets/Edixor/Scripts/UI/EdixorWindow/EdixorWIndow.cs:38)
EdixorWindow:OnEnable () (at Assets/Edixor/Scripts/UI/EdixorWindow/EdixorWIndow.cs:22)

(Filename: Assets/Edixor/Scripts/UI/EdixorWindow/EdixorSetting.cs Line: 165)

CreateSerializedAsset is not supported while importing out-of-process
UnityEngine.Debug:ExtractStackTraceNoAlloc (byte*,int,string)
UnityEngine.StackTraceUtility:ExtractStackTrace ()
UnityEditor.AssetDatabase:CreateAsset (UnityEngine.Object,string)
EdixorWindowSetting:Load () (at Assets/Edixor/Scripts/UI/EdixorWindow/EdixorSetting.cs:167)
EdixorWindowSetting:.ctor (EdixorWindow) (at Assets/Edixor/Scripts/UI/EdixorWindow/EdixorSetting.cs:22)
EdixorWindow:InitializeSettings () (at Assets/Edixor/Scripts/UI/EdixorWindow/EdixorWIndow.cs:38)
EdixorWindow:OnEnable () (at Assets/Edixor/Scripts/UI/EdixorWindow/EdixorWIndow.cs:22)

[Assets/Edixor/Scripts/UI/EdixorWindow/EdixorSetting.cs line 167]

UnityException: Creating asset at path Assets/Edixor/Scripts/UI/EdixorWindow/EdixorSettings.asset failed.
  at (wrapper managed-to-native) UnityEditor.AssetDatabase.CreateAsset_Injected(intptr,UnityEngine.Bindings.ManagedSpanWrapper&)
  at UnityEditor.AssetDatabase.CreateAsset (UnityEngine.Object asset, System.String path) [0x0004d] in <20f98a04ac634cc8bf5f95425bb19bb9>:0 
  at EdixorWindowSetting.Load () [0x00033] in C:\Users\S\Documents\GitHub\Edixor\Edixor\Assets\Edixor\Scripts\UI\EdixorWindow\EdixorSetting.cs:167 
  at EdixorWindowSetting..ctor (EdixorWindow context) [0x0000d] in C:\Users\S\Documents\GitHub\Edixor\Edixor\Assets\Edixor\Scripts\UI\EdixorWindow\EdixorSetting.cs:22 
  at EdixorWindow.InitializeSettings () [0x00008] in C:\Users\S\Documents\GitHub\Edixor\Edixor\Assets\Edixor\Scripts\UI\EdixorWindow\EdixorWIndow.cs:38 
  at EdixorWindow.OnEnable () [0x00011] in C:\Users\S\Documents\GitHub\Edixor\Edixor\Assets\Edixor\Scripts\UI\EdixorWindow\EdixorWIndow.cs:22 

(Filename: Assets/Edixor/Scripts/UI/EdixorWindow/EdixorSetting.cs Line: 167)

Mono: successfully reloaded assembly
- Finished resetting the current domain, in  9.767 seconds
Domain Reload Profiling: 13286ms
	BeginReloadAssembly (1045ms)
		ExecutionOrderSort (0ms)
		DisableScriptedObjects (158ms)
		BackupInstance (0ms)
		ReleaseScriptingObjects (0ms)
		CreateAndSetChildDomain (182ms)
	RebuildCommonClasses (154ms)
	RebuildNativeTypeToScriptingClass (89ms)
	initialDomainReloadingComplete (118ms)
	LoadAllAssembliesAndSetupDomain (2110ms)
		LoadAssemblies (1971ms)
		RebuildTransferFunctionScriptingTraits (0ms)
		AnalyzeDomain (701ms)
			TypeCache.Refresh (63ms)
				TypeCache.ScanAssembly (2ms)
			BuildScriptInfoCaches (567ms)
			ResolveRequiredComponents (63ms)
	FinalizeReload (9769ms)
		ReleaseScriptCaches (0ms)
		RebuildScriptCaches (0ms)
		SetupLoadedEditorAssemblies (7613ms)
			LogAssemblyErrors (0ms)
			InitializePlatformSupportModulesInManaged (58ms)
			SetLoadedEditorAssemblies (18ms)
			BeforeProcessingInitializeOnLoad (861ms)
			ProcessInitializeOnLoadAttributes (6175ms)
			ProcessInitializeOnLoadMethodAttributes (444ms)
			AfterProcessingInitializeOnLoad (56ms)
			EditorAssembliesLoaded (1ms)
		ExecutionOrderSort2 (0ms)
		AwakeInstancesAfterBackupRestoration (1449ms)
Refreshing native plugins compatible for Editor in 15.46 ms, found 4 plugins.
Preloading 0 native plugins for Editor in 0.00 ms.
Unloading 0 Unused Serialized files (Serialized files now loaded: 0)
Unloading 4751 unused Assets / (131.0 KB). Loaded Objects now: 5272.
Memory consumption went from 166.5 MB to 166.4 MB.
Total: 65.009300 ms (FindLiveObjects: 3.277500 ms CreateObjectMapping: 1.619900 ms MarkObjects: 31.853700 ms  DeleteObjects: 28.248800 ms)

Prepare: number of updated asset objects reloaded= 0
========================================================================
Received Import Request.
  Time since last request: 69.742546 seconds.
  path: Assets/Edixor/Scripts/UI/EdixorWindow/EdixorSettings.asset
  artifactKey: Guid(b379006ce784c5141b99b1e7af0b62fa) Importer(815301076,1909f56bfc062723c751e8b465ee728b)
Start importing Assets/Edixor/Scripts/UI/EdixorWindow/EdixorSettings.asset using Guid(b379006ce784c5141b99b1e7af0b62fa) Importer(815301076,1909f56bfc062723c751e8b465ee728b) (PreviewImporter) -> (artifact id: 'f617fce894b63a2e2ff9ab5672f7f075') in 0.0270612 seconds
Number of updated asset objects reloaded before import = 0Number of asset objects unloaded after import = 0

========================================================================
Received Prepare
Begin MonoManager ReloadAssembly
- Loaded All Assemblies, in  7.955 seconds
Refreshing native plugins compatible for Editor in 11.38 ms, found 4 plugins.
Native extension for Android target not found
Native extension for WindowsStandalone target not found
Native extension for WebGL target not found
[MODES] ModeService[none].Initialize
[MODES] ModeService[none].LoadModes
Settings not found, creating new default settings.
UnityEngine.Debug:ExtractStackTraceNoAlloc (byte*,int,string)
UnityEngine.StackTraceUtility:ExtractStackTrace ()
UnityEngine.DebugLogHandler:Internal_Log (UnityEngine.LogType,UnityEngine.LogOption,string,UnityEngine.Object)
UnityEngine.DebugLogHandler:LogFormat (UnityEngine.LogType,UnityEngine.Object,string,object[])
UnityEngine.Logger:Log (UnityEngine.LogType,object)
UnityEngine.Debug:LogWarning (object)
EdixorWindowSetting:Load () (at Assets/Edixor/Scripts/UI/EdixorWindow/EdixorSetting.cs:165)
EdixorWindowSetting:.ctor (EdixorWindow) (at Assets/Edixor/Scripts/UI/EdixorWindow/EdixorSetting.cs:22)
EdixorWindow:InitializeSettings () (at Assets/Edixor/Scripts/UI/EdixorWindow/EdixorWIndow.cs:38)
EdixorWindow:OnEnable () (at Assets/Edixor/Scripts/UI/EdixorWindow/EdixorWIndow.cs:22)

(Filename: Assets/Edixor/Scripts/UI/EdixorWindow/EdixorSetting.cs Line: 165)

CreateSerializedAsset is not supported while importing out-of-process
UnityEngine.Debug:ExtractStackTraceNoAlloc (byte*,int,string)
UnityEngine.StackTraceUtility:ExtractStackTrace ()
UnityEditor.AssetDatabase:CreateAsset (UnityEngine.Object,string)
EdixorWindowSetting:Load () (at Assets/Edixor/Scripts/UI/EdixorWindow/EdixorSetting.cs:167)
EdixorWindowSetting:.ctor (EdixorWindow) (at Assets/Edixor/Scripts/UI/EdixorWindow/EdixorSetting.cs:22)
EdixorWindow:InitializeSettings () (at Assets/Edixor/Scripts/UI/EdixorWindow/EdixorWIndow.cs:38)
EdixorWindow:OnEnable () (at Assets/Edixor/Scripts/UI/EdixorWindow/EdixorWIndow.cs:22)

[Assets/Edixor/Scripts/UI/EdixorWindow/EdixorSetting.cs line 167]

UnityException: Creating asset at path Assets/Edixor/Scripts/UI/EdixorWindow/EdixorSettings.asset failed.
  at (wrapper managed-to-native) UnityEditor.AssetDatabase.CreateAsset_Injected(intptr,UnityEngine.Bindings.ManagedSpanWrapper&)
  at UnityEditor.AssetDatabase.CreateAsset (UnityEngine.Object asset, System.String path) [0x0004d] in <20f98a04ac634cc8bf5f95425bb19bb9>:0 
  at EdixorWindowSetting.Load () [0x00033] in C:\Users\S\Documents\GitHub\Edixor\Edixor\Assets\Edixor\Scripts\UI\EdixorWindow\EdixorSetting.cs:167 
  at EdixorWindowSetting..ctor (EdixorWindow context) [0x0000d] in C:\Users\S\Documents\GitHub\Edixor\Edixor\Assets\Edixor\Scripts\UI\EdixorWindow\EdixorSetting.cs:22 
  at EdixorWindow.InitializeSettings () [0x00008] in C:\Users\S\Documents\GitHub\Edixor\Edixor\Assets\Edixor\Scripts\UI\EdixorWindow\EdixorWIndow.cs:38 
  at EdixorWindow.OnEnable () [0x00011] in C:\Users\S\Documents\GitHub\Edixor\Edixor\Assets\Edixor\Scripts\UI\EdixorWindow\EdixorWIndow.cs:22 

(Filename: Assets/Edixor/Scripts/UI/EdixorWindow/EdixorSetting.cs Line: 167)

Mono: successfully reloaded assembly
- Finished resetting the current domain, in 18.537 seconds
Domain Reload Profiling: 26482ms
	BeginReloadAssembly (1651ms)
		ExecutionOrderSort (0ms)
		DisableScriptedObjects (127ms)
		BackupInstance (0ms)
		ReleaseScriptingObjects (0ms)
		CreateAndSetChildDomain (225ms)
	RebuildCommonClasses (210ms)
	RebuildNativeTypeToScriptingClass (113ms)
	initialDomainReloadingComplete (216ms)
	LoadAllAssembliesAndSetupDomain (5750ms)
		LoadAssemblies (3319ms)
		RebuildTransferFunctionScriptingTraits (0ms)
		AnalyzeDomain (3447ms)
			TypeCache.Refresh (45ms)
				TypeCache.ScanAssembly (0ms)
			BuildScriptInfoCaches (3314ms)
			ResolveRequiredComponents (69ms)
	FinalizeReload (18542ms)
		ReleaseScriptCaches (0ms)
		RebuildScriptCaches (0ms)
		SetupLoadedEditorAssemblies (13379ms)
			LogAssemblyErrors (0ms)
			InitializePlatformSupportModulesInManaged (155ms)
			SetLoadedEditorAssemblies (36ms)
			BeforeProcessingInitializeOnLoad (857ms)
			ProcessInitializeOnLoadAttributes (12062ms)
			ProcessInitializeOnLoadMethodAttributes (236ms)
			AfterProcessingInitializeOnLoad (32ms)
			EditorAssembliesLoaded (1ms)
		ExecutionOrderSort2 (0ms)
		AwakeInstancesAfterBackupRestoration (640ms)
Refreshing native plugins compatible for Editor in 4.20 ms, found 4 plugins.
Preloading 0 native plugins for Editor in 0.00 ms.
Unloading 0 Unused Serialized files (Serialized files now loaded: 0)
Unloading 4751 unused Assets / (132.0 KB). Loaded Objects now: 5275.
Memory consumption went from 166.5 MB to 166.4 MB.
Total: 38.922200 ms (FindLiveObjects: 1.936800 ms CreateObjectMapping: 6.760300 ms MarkObjects: 26.188200 ms  DeleteObjects: 4.028100 ms)

Prepare: number of updated asset objects reloaded= 0
========================================================================
Received Prepare
Refreshing native plugins compatible for Editor in 6.02 ms, found 4 plugins.
Preloading 0 native plugins for Editor in 0.00 ms.
Unloading 0 Unused Serialized files (Serialized files now loaded: 0)
Unloading 4740 unused Assets / (131.0 KB). Loaded Objects now: 5275.
Memory consumption went from 166.7 MB to 166.5 MB.
Total: 32.343700 ms (FindLiveObjects: 1.801700 ms CreateObjectMapping: 1.652400 ms MarkObjects: 25.679200 ms  DeleteObjects: 3.201200 ms)

Prepare: number of updated asset objects reloaded= 0
========================================================================
Received Import Request.
  Time since last request: 51.059257 seconds.
  path: Assets/Edixor/Scripts/UI/EdixorWindow/EdixorSettings.asset
  artifactKey: Guid(b379006ce784c5141b99b1e7af0b62fa) Importer(815301076,1909f56bfc062723c751e8b465ee728b)
Start importing Assets/Edixor/Scripts/UI/EdixorWindow/EdixorSettings.asset using Guid(b379006ce784c5141b99b1e7af0b62fa) Importer(815301076,1909f56bfc062723c751e8b465ee728b) (PreviewImporter) -> (artifact id: 'f617fce894b63a2e2ff9ab5672f7f075') in 0.0058738 seconds
Number of updated asset objects reloaded before import = 0Number of asset objects unloaded after import = 0

========================================================================
Received Prepare
Begin MonoManager ReloadAssembly
- Loaded All Assemblies, in 10.685 seconds
Refreshing native plugins compatible for Editor in 14.84 ms, found 4 plugins.
Native extension for Android target not found
Native extension for WindowsStandalone target not found
Native extension for WebGL target not found
[MODES] ModeService[none].Initialize
[MODES] ModeService[none].LoadModes
Settings not found, creating new default settings.
UnityEngine.Debug:ExtractStackTraceNoAlloc (byte*,int,string)
UnityEngine.StackTraceUtility:ExtractStackTrace ()
UnityEngine.DebugLogHandler:Internal_Log (UnityEngine.LogType,UnityEngine.LogOption,string,UnityEngine.Object)
UnityEngine.DebugLogHandler:LogFormat (UnityEngine.LogType,UnityEngine.Object,string,object[])
UnityEngine.Logger:Log (UnityEngine.LogType,object)
UnityEngine.Debug:LogWarning (object)
EdixorWindowSetting:Load () (at Assets/Edixor/Scripts/UI/EdixorWindow/EdixorSetting.cs:165)
EdixorWindowSetting:.ctor (EdixorWindow) (at Assets/Edixor/Scripts/UI/EdixorWindow/EdixorSetting.cs:22)
EdixorWindow:InitializeSettings () (at Assets/Edixor/Scripts/UI/EdixorWindow/EdixorWIndow.cs:38)
EdixorWindow:OnEnable () (at Assets/Edixor/Scripts/UI/EdixorWindow/EdixorWIndow.cs:22)

(Filename: Assets/Edixor/Scripts/UI/EdixorWindow/EdixorSetting.cs Line: 165)

CreateSerializedAsset is not supported while importing out-of-process
UnityEngine.Debug:ExtractStackTraceNoAlloc (byte*,int,string)
UnityEngine.StackTraceUtility:ExtractStackTrace ()
UnityEditor.AssetDatabase:CreateAsset (UnityEngine.Object,string)
EdixorWindowSetting:Load () (at Assets/Edixor/Scripts/UI/EdixorWindow/EdixorSetting.cs:167)
EdixorWindowSetting:.ctor (EdixorWindow) (at Assets/Edixor/Scripts/UI/EdixorWindow/EdixorSetting.cs:22)
EdixorWindow:InitializeSettings () (at Assets/Edixor/Scripts/UI/EdixorWindow/EdixorWIndow.cs:38)
EdixorWindow:OnEnable () (at Assets/Edixor/Scripts/UI/EdixorWindow/EdixorWIndow.cs:22)

[Assets/Edixor/Scripts/UI/EdixorWindow/EdixorSetting.cs line 167]

UnityException: Creating asset at path Assets/Edixor/Scripts/UI/EdixorWindow/EdixorSettings.asset failed.
  at (wrapper managed-to-native) UnityEditor.AssetDatabase.CreateAsset_Injected(intptr,UnityEngine.Bindings.ManagedSpanWrapper&)
  at UnityEditor.AssetDatabase.CreateAsset (UnityEngine.Object asset, System.String path) [0x0004d] in <20f98a04ac634cc8bf5f95425bb19bb9>:0 
  at EdixorWindowSetting.Load () [0x00033] in C:\Users\S\Documents\GitHub\Edixor\Edixor\Assets\Edixor\Scripts\UI\EdixorWindow\EdixorSetting.cs:167 
  at EdixorWindowSetting..ctor (EdixorWindow context) [0x0000d] in C:\Users\S\Documents\GitHub\Edixor\Edixor\Assets\Edixor\Scripts\UI\EdixorWindow\EdixorSetting.cs:22 
  at EdixorWindow.InitializeSettings () [0x00008] in C:\Users\S\Documents\GitHub\Edixor\Edixor\Assets\Edixor\Scripts\UI\EdixorWindow\EdixorWIndow.cs:38 
  at EdixorWindow.OnEnable () [0x00011] in C:\Users\S\Documents\GitHub\Edixor\Edixor\Assets\Edixor\Scripts\UI\EdixorWindow\EdixorWIndow.cs:22 

(Filename: Assets/Edixor/Scripts/UI/EdixorWindow/EdixorSetting.cs Line: 167)

Mono: successfully reloaded assembly
- Finished resetting the current domain, in 13.533 seconds
Domain Reload Profiling: 24204ms
	BeginReloadAssembly (1716ms)
		ExecutionOrderSort (0ms)
		DisableScriptedObjects (161ms)
		BackupInstance (0ms)
		ReleaseScriptingObjects (0ms)
		CreateAndSetChildDomain (525ms)
	RebuildCommonClasses (2493ms)
	RebuildNativeTypeToScriptingClass (232ms)
	initialDomainReloadingComplete (295ms)
	LoadAllAssembliesAndSetupDomain (5926ms)
		LoadAssemblies (3825ms)
		RebuildTransferFunctionScriptingTraits (0ms)
		AnalyzeDomain (2973ms)
			TypeCache.Refresh (76ms)
				TypeCache.ScanAssembly (0ms)
			BuildScriptInfoCaches (2818ms)
			ResolveRequiredComponents (64ms)
	FinalizeReload (13542ms)
		ReleaseScriptCaches (0ms)
		RebuildScriptCaches (0ms)
		SetupLoadedEditorAssemblies (10098ms)
			LogAssemblyErrors (0ms)
			InitializePlatformSupportModulesInManaged (121ms)
			SetLoadedEditorAssemblies (60ms)
			BeforeProcessingInitializeOnLoad (703ms)
			ProcessInitializeOnLoadAttributes (8684ms)
			ProcessInitializeOnLoadMethodAttributes (463ms)
			AfterProcessingInitializeOnLoad (64ms)
			EditorAssembliesLoaded (2ms)
		ExecutionOrderSort2 (0ms)
		AwakeInstancesAfterBackupRestoration (1538ms)
Refreshing native plugins compatible for Editor in 7.08 ms, found 4 plugins.
Preloading 0 native plugins for Editor in 0.00 ms.
Unloading 0 Unused Serialized files (Serialized files now loaded: 0)
Unloading 4751 unused Assets / (130.9 KB). Loaded Objects now: 5278.
Memory consumption went from 166.5 MB to 166.4 MB.
Total: 55.363400 ms (FindLiveObjects: 3.543200 ms CreateObjectMapping: 2.547000 ms MarkObjects: 43.238700 ms  DeleteObjects: 6.025500 ms)

Prepare: number of updated asset objects reloaded= 0
========================================================================
Received Import Request.
  Time since last request: 42.178895 seconds.
  path: Assets/Edixor/Scripts/UI/EdixorWindow/EdixorSettings.asset
  artifactKey: Guid(b379006ce784c5141b99b1e7af0b62fa) Importer(815301076,1909f56bfc062723c751e8b465ee728b)
Start importing Assets/Edixor/Scripts/UI/EdixorWindow/EdixorSettings.asset using Guid(b379006ce784c5141b99b1e7af0b62fa) Importer(815301076,1909f56bfc062723c751e8b465ee728b) (PreviewImporter) -> (artifact id: 'f617fce894b63a2e2ff9ab5672f7f075') in 0.0116592 seconds
Number of updated asset objects reloaded before import = 0Number of asset objects unloaded after import = 0

========================================================================
Received Prepare
Refreshing native plugins compatible for Editor in 3.99 ms, found 4 plugins.
Preloading 0 native plugins for Editor in 0.00 ms.
Unloading 0 Unused Serialized files (Serialized files now loaded: 0)
Unloading 4740 unused Assets / (131.0 KB). Loaded Objects now: 5278.
Memory consumption went from 166.7 MB to 166.5 MB.
Total: 71.926900 ms (FindLiveObjects: 3.456500 ms CreateObjectMapping: 6.084800 ms MarkObjects: 58.929100 ms  DeleteObjects: 3.447300 ms)

Prepare: number of updated asset objects reloaded= 0
========================================================================
Received Import Request.
  Time since last request: 118.174623 seconds.
  path: Assets/Edixor/Scripts/UI/EdixorWindow/EdixorSettings.asset
  artifactKey: Guid(b379006ce784c5141b99b1e7af0b62fa) Importer(815301076,1909f56bfc062723c751e8b465ee728b)
Start importing Assets/Edixor/Scripts/UI/EdixorWindow/EdixorSettings.asset using Guid(b379006ce784c5141b99b1e7af0b62fa) Importer(815301076,1909f56bfc062723c751e8b465ee728b) (PreviewImporter) -> (artifact id: '5268a36ce24969650aa7f418f82b726f') in 0.0055022 seconds
Number of updated asset objects reloaded before import = 0Number of asset objects unloaded after import = 0

========================================================================
Received Prepare
Begin MonoManager ReloadAssembly
- Loaded All Assemblies, in  9.652 seconds
Refreshing native plugins compatible for Editor in 10.91 ms, found 4 plugins.
Native extension for Android target not found
Native extension for WindowsStandalone target not found
Native extension for WebGL target not found
[MODES] ModeService[none].Initialize
[MODES] ModeService[none].LoadModes
Settings not found, creating new default settings.
UnityEngine.Debug:ExtractStackTraceNoAlloc (byte*,int,string)
UnityEngine.StackTraceUtility:ExtractStackTrace ()
UnityEngine.DebugLogHandler:Internal_Log (UnityEngine.LogType,UnityEngine.LogOption,string,UnityEngine.Object)
UnityEngine.DebugLogHandler:LogFormat (UnityEngine.LogType,UnityEngine.Object,string,object[])
UnityEngine.Logger:Log (UnityEngine.LogType,object)
UnityEngine.Debug:LogWarning (object)
EdixorWindowSetting:Load () (at Assets/Edixor/Scripts/UI/EdixorWindow/EdixorSetting.cs:165)
EdixorWindowSetting:.ctor (EdixorWindow) (at Assets/Edixor/Scripts/UI/EdixorWindow/EdixorSetting.cs:22)
EdixorWindow:InitializeSettings () (at Assets/Edixor/Scripts/UI/EdixorWindow/EdixorWIndow.cs:38)
EdixorWindow:OnEnable () (at Assets/Edixor/Scripts/UI/EdixorWindow/EdixorWIndow.cs:22)

(Filename: Assets/Edixor/Scripts/UI/EdixorWindow/EdixorSetting.cs Line: 165)

CreateSerializedAsset is not supported while importing out-of-process
UnityEngine.Debug:ExtractStackTraceNoAlloc (byte*,int,string)
UnityEngine.StackTraceUtility:ExtractStackTrace ()
UnityEditor.AssetDatabase:CreateAsset (UnityEngine.Object,string)
EdixorWindowSetting:Load () (at Assets/Edixor/Scripts/UI/EdixorWindow/EdixorSetting.cs:167)
EdixorWindowSetting:.ctor (EdixorWindow) (at Assets/Edixor/Scripts/UI/EdixorWindow/EdixorSetting.cs:22)
EdixorWindow:InitializeSettings () (at Assets/Edixor/Scripts/UI/EdixorWindow/EdixorWIndow.cs:38)
EdixorWindow:OnEnable () (at Assets/Edixor/Scripts/UI/EdixorWindow/EdixorWIndow.cs:22)

[Assets/Edixor/Scripts/UI/EdixorWindow/EdixorSetting.cs line 167]

UnityException: Creating asset at path Assets/Edixor/Scripts/UI/EdixorWindow/EdixorSettings.asset failed.
  at (wrapper managed-to-native) UnityEditor.AssetDatabase.CreateAsset_Injected(intptr,UnityEngine.Bindings.ManagedSpanWrapper&)
  at UnityEditor.AssetDatabase.CreateAsset (UnityEngine.Object asset, System.String path) [0x0004d] in <20f98a04ac634cc8bf5f95425bb19bb9>:0 
  at EdixorWindowSetting.Load () [0x00033] in C:\Users\S\Documents\GitHub\Edixor\Edixor\Assets\Edixor\Scripts\UI\EdixorWindow\EdixorSetting.cs:167 
  at EdixorWindowSetting..ctor (EdixorWindow context) [0x0000d] in C:\Users\S\Documents\GitHub\Edixor\Edixor\Assets\Edixor\Scripts\UI\EdixorWindow\EdixorSetting.cs:22 
  at EdixorWindow.InitializeSettings () [0x00008] in C:\Users\S\Documents\GitHub\Edixor\Edixor\Assets\Edixor\Scripts\UI\EdixorWindow\EdixorWIndow.cs:38 
  at EdixorWindow.OnEnable () [0x00011] in C:\Users\S\Documents\GitHub\Edixor\Edixor\Assets\Edixor\Scripts\UI\EdixorWindow\EdixorWIndow.cs:22 

(Filename: Assets/Edixor/Scripts/UI/EdixorWindow/EdixorSetting.cs Line: 167)

Mono: successfully reloaded assembly
- Finished resetting the current domain, in 17.664 seconds
Domain Reload Profiling: 27292ms
	BeginReloadAssembly (2192ms)
		ExecutionOrderSort (0ms)
		DisableScriptedObjects (284ms)
		BackupInstance (0ms)
		ReleaseScriptingObjects (0ms)
		CreateAndSetChildDomain (452ms)
	RebuildCommonClasses (311ms)
	RebuildNativeTypeToScriptingClass (88ms)
	initialDomainReloadingComplete (339ms)
	LoadAllAssembliesAndSetupDomain (6694ms)
		LoadAssemblies (5698ms)
		RebuildTransferFunctionScriptingTraits (0ms)
		AnalyzeDomain (2204ms)
			TypeCache.Refresh (91ms)
				TypeCache.ScanAssembly (4ms)
			BuildScriptInfoCaches (2034ms)
			ResolveRequiredComponents (59ms)
	FinalizeReload (17668ms)
		ReleaseScriptCaches (0ms)
		RebuildScriptCaches (0ms)
		SetupLoadedEditorAssemblies (9915ms)
			LogAssemblyErrors (0ms)
			InitializePlatformSupportModulesInManaged (120ms)
			SetLoadedEditorAssemblies (33ms)
			BeforeProcessingInitializeOnLoad (1141ms)
			ProcessInitializeOnLoadAttributes (7887ms)
			ProcessInitializeOnLoadMethodAttributes (620ms)
			AfterProcessingInitializeOnLoad (113ms)
			EditorAssembliesLoaded (2ms)
		ExecutionOrderSort2 (0ms)
		AwakeInstancesAfterBackupRestoration (5908ms)
Refreshing native plugins compatible for Editor in 26.71 ms, found 4 plugins.
Preloading 0 native plugins for Editor in 0.00 ms.
Unloading 0 Unused Serialized files (Serialized files now loaded: 0)
Unloading 4751 unused Assets / (131.0 KB). Loaded Objects now: 5281.
Memory consumption went from 166.5 MB to 166.4 MB.
Total: 65.319800 ms (FindLiveObjects: 5.071500 ms CreateObjectMapping: 1.807100 ms MarkObjects: 55.041000 ms  DeleteObjects: 3.390700 ms)

Prepare: number of updated asset objects reloaded= 0
========================================================================
Received Import Request.
  Time since last request: 47.030238 seconds.
  path: Assets/Edixor/Scripts/UI/EdixorWindow/EdixorSettings.asset
  artifactKey: Guid(b379006ce784c5141b99b1e7af0b62fa) Importer(815301076,1909f56bfc062723c751e8b465ee728b)
Start importing Assets/Edixor/Scripts/UI/EdixorWindow/EdixorSettings.asset using Guid(b379006ce784c5141b99b1e7af0b62fa) Importer(815301076,1909f56bfc062723c751e8b465ee728b) (PreviewImporter) -> (artifact id: 'e3a40a1a4df0242c0325566b8720c031') in 0.0753562 seconds
Number of updated asset objects reloaded before import = 0Number of asset objects unloaded after import = 0

========================================================================
Received Prepare
Refreshing native plugins compatible for Editor in 5.54 ms, found 4 plugins.
Preloading 0 native plugins for Editor in 0.00 ms.
Unloading 0 Unused Serialized files (Serialized files now loaded: 0)
Unloading 4740 unused Assets / (3.1 MB). Loaded Objects now: 5281.
Memory consumption went from 166.7 MB to 163.6 MB.
Total: 39.725600 ms (FindLiveObjects: 1.862400 ms CreateObjectMapping: 1.599000 ms MarkObjects: 22.893300 ms  DeleteObjects: 13.362100 ms)

Prepare: number of updated asset objects reloaded= 0
========================================================================
Received Import Request.
  Time since last request: 32.891493 seconds.
  path: Assets/Edixor/Scripts/UI/EdixorWindow/EdixorSettings.asset
  artifactKey: Guid(b379006ce784c5141b99b1e7af0b62fa) Importer(815301076,1909f56bfc062723c751e8b465ee728b)
Start importing Assets/Edixor/Scripts/UI/EdixorWindow/EdixorSettings.asset using Guid(b379006ce784c5141b99b1e7af0b62fa) Importer(815301076,1909f56bfc062723c751e8b465ee728b) (PreviewImporter) -> (artifact id: 'e3a40a1a4df0242c0325566b8720c031') in 0.0022301 seconds
Number of updated asset objects reloaded before import = 0Number of asset objects unloaded after import = 0

========================================================================
Received Prepare
Begin MonoManager ReloadAssembly
- Loaded All Assemblies, in 12.423 seconds
Refreshing native plugins compatible for Editor in 12.27 ms, found 4 plugins.
Native extension for Android target not found
Native extension for WindowsStandalone target not found
Native extension for WebGL target not found
[MODES] ModeService[none].Initialize
[MODES] ModeService[none].LoadModes
Settings not found, creating new default settings.
UnityEngine.Debug:ExtractStackTraceNoAlloc (byte*,int,string)
UnityEngine.StackTraceUtility:ExtractStackTrace ()
UnityEngine.DebugLogHandler:Internal_Log (UnityEngine.LogType,UnityEngine.LogOption,string,UnityEngine.Object)
UnityEngine.DebugLogHandler:LogFormat (UnityEngine.LogType,UnityEngine.Object,string,object[])
UnityEngine.Logger:Log (UnityEngine.LogType,object)
UnityEngine.Debug:LogWarning (object)
EdixorWindowSetting:Load () (at Assets/Edixor/Scripts/UI/EdixorWindow/EdixorSetting.cs:165)
EdixorWindowSetting:.ctor (EdixorWindow) (at Assets/Edixor/Scripts/UI/EdixorWindow/EdixorSetting.cs:22)
EdixorWindow:InitializeSettings () (at Assets/Edixor/Scripts/UI/EdixorWindow/EdixorWIndow.cs:38)
EdixorWindow:OnEnable () (at Assets/Edixor/Scripts/UI/EdixorWindow/EdixorWIndow.cs:22)

(Filename: Assets/Edixor/Scripts/UI/EdixorWindow/EdixorSetting.cs Line: 165)

CreateSerializedAsset is not supported while importing out-of-process
UnityEngine.Debug:ExtractStackTraceNoAlloc (byte*,int,string)
UnityEngine.StackTraceUtility:ExtractStackTrace ()
UnityEditor.AssetDatabase:CreateAsset (UnityEngine.Object,string)
EdixorWindowSetting:Load () (at Assets/Edixor/Scripts/UI/EdixorWindow/EdixorSetting.cs:167)
EdixorWindowSetting:.ctor (EdixorWindow) (at Assets/Edixor/Scripts/UI/EdixorWindow/EdixorSetting.cs:22)
EdixorWindow:InitializeSettings () (at Assets/Edixor/Scripts/UI/EdixorWindow/EdixorWIndow.cs:38)
EdixorWindow:OnEnable () (at Assets/Edixor/Scripts/UI/EdixorWindow/EdixorWIndow.cs:22)

[Assets/Edixor/Scripts/UI/EdixorWindow/EdixorSetting.cs line 167]

UnityException: Creating asset at path Assets/Edixor/Scripts/UI/EdixorWindow/EdixorSettings.asset failed.
  at (wrapper managed-to-native) UnityEditor.AssetDatabase.CreateAsset_Injected(intptr,UnityEngine.Bindings.ManagedSpanWrapper&)
  at UnityEditor.AssetDatabase.CreateAsset (UnityEngine.Object asset, System.String path) [0x0004d] in <20f98a04ac634cc8bf5f95425bb19bb9>:0 
  at EdixorWindowSetting.Load () [0x00033] in C:\Users\S\Documents\GitHub\Edixor\Edixor\Assets\Edixor\Scripts\UI\EdixorWindow\EdixorSetting.cs:167 
  at EdixorWindowSetting..ctor (EdixorWindow context) [0x0000d] in C:\Users\S\Documents\GitHub\Edixor\Edixor\Assets\Edixor\Scripts\UI\EdixorWindow\EdixorSetting.cs:22 
  at EdixorWindow.InitializeSettings () [0x00008] in C:\Users\S\Documents\GitHub\Edixor\Edixor\Assets\Edixor\Scripts\UI\EdixorWindow\EdixorWIndow.cs:38 
  at EdixorWindow.OnEnable () [0x00011] in C:\Users\S\Documents\GitHub\Edixor\Edixor\Assets\Edixor\Scripts\UI\EdixorWindow\EdixorWIndow.cs:22 

(Filename: Assets/Edixor/Scripts/UI/EdixorWindow/EdixorSetting.cs Line: 167)

Mono: successfully reloaded assembly
- Finished resetting the current domain, in 16.864 seconds
Domain Reload Profiling: 29278ms
	BeginReloadAssembly (2028ms)
		ExecutionOrderSort (0ms)
		DisableScriptedObjects (219ms)
		BackupInstance (0ms)
		ReleaseScriptingObjects (2ms)
		CreateAndSetChildDomain (331ms)
	RebuildCommonClasses (375ms)
	RebuildNativeTypeToScriptingClass (113ms)
	initialDomainReloadingComplete (137ms)
	LoadAllAssembliesAndSetupDomain (9755ms)
		LoadAssemblies (7900ms)
		RebuildTransferFunctionScriptingTraits (0ms)
		AnalyzeDomain (3071ms)
			TypeCache.Refresh (236ms)
				TypeCache.ScanAssembly (30ms)
			BuildScriptInfoCaches (2711ms)
			ResolveRequiredComponents (101ms)
	FinalizeReload (16870ms)
		ReleaseScriptCaches (0ms)
		RebuildScriptCaches (0ms)
		SetupLoadedEditorAssemblies (12476ms)
			LogAssemblyErrors (0ms)
			InitializePlatformSupportModulesInManaged (141ms)
			SetLoadedEditorAssemblies (39ms)
			BeforeProcessingInitializeOnLoad (852ms)
			ProcessInitializeOnLoadAttributes (10008ms)
			ProcessInitializeOnLoadMethodAttributes (1301ms)
			AfterProcessingInitializeOnLoad (131ms)
			EditorAssembliesLoaded (3ms)
		ExecutionOrderSort2 (0ms)
		AwakeInstancesAfterBackupRestoration (2363ms)
Refreshing native plugins compatible for Editor in 15.85 ms, found 4 plugins.
Preloading 0 native plugins for Editor in 0.00 ms.
Unloading 0 Unused Serialized files (Serialized files now loaded: 0)
Unloading 4751 unused Assets / (131.0 KB). Loaded Objects now: 5284.
Memory consumption went from 166.5 MB to 166.4 MB.
Total: 165.760200 ms (FindLiveObjects: 3.066800 ms CreateObjectMapping: 4.948500 ms MarkObjects: 148.478000 ms  DeleteObjects: 9.256700 ms)

Prepare: number of updated asset objects reloaded= 0
========================================================================
Received Import Request.
  Time since last request: 49.387239 seconds.
  path: Assets/Edixor/Scripts/UI/EdixorWindow/EdixorSettings.asset
  artifactKey: Guid(b379006ce784c5141b99b1e7af0b62fa) Importer(815301076,1909f56bfc062723c751e8b465ee728b)
Start importing Assets/Edixor/Scripts/UI/EdixorWindow/EdixorSettings.asset using Guid(b379006ce784c5141b99b1e7af0b62fa) Importer(815301076,1909f56bfc062723c751e8b465ee728b) (PreviewImporter) -> (artifact id: '98d1d4ff8d5697be00301bae90d21de6') in 0.0302419 seconds
Number of updated asset objects reloaded before import = 0Number of asset objects unloaded after import = 0

========================================================================
Received Prepare
Refreshing native plugins compatible for Editor in 11.87 ms, found 4 plugins.
Preloading 0 native plugins for Editor in 0.00 ms.
Unloading 0 Unused Serialized files (Serialized files now loaded: 0)
Unloading 4740 unused Assets / (130.9 KB). Loaded Objects now: 5284.
Memory consumption went from 166.7 MB to 166.6 MB.
Total: 61.916300 ms (FindLiveObjects: 2.908800 ms CreateObjectMapping: 20.590600 ms MarkObjects: 32.473200 ms  DeleteObjects: 5.934200 ms)

Prepare: number of updated asset objects reloaded= 0
========================================================================
Received Import Request.
  Time since last request: 195.201968 seconds.
  path: Assets/Edixor/Scripts/UI/EdixorWindow/EdixorSettings.asset
  artifactKey: Guid(b379006ce784c5141b99b1e7af0b62fa) Importer(815301076,1909f56bfc062723c751e8b465ee728b)
Start importing Assets/Edixor/Scripts/UI/EdixorWindow/EdixorSettings.asset using Guid(b379006ce784c5141b99b1e7af0b62fa) Importer(815301076,1909f56bfc062723c751e8b465ee728b) (PreviewImporter) -> (artifact id: 'b46a6f5bae0a0f9c7ef903a5533aa2ba') in 0.0032829 seconds
Number of updated asset objects reloaded before import = 0Number of asset objects unloaded after import = 0

========================================================================
Received Prepare
Begin MonoManager ReloadAssembly
- Loaded All Assemblies, in  7.252 seconds
Refreshing native plugins compatible for Editor in 15.72 ms, found 4 plugins.
Native extension for Android target not found
Native extension for WindowsStandalone target not found
Native extension for WebGL target not found
[MODES] ModeService[none].Initialize
[MODES] ModeService[none].LoadModes
Settings not found, creating new default settings.
UnityEngine.Debug:ExtractStackTraceNoAlloc (byte*,int,string)
UnityEngine.StackTraceUtility:ExtractStackTrace ()
UnityEngine.DebugLogHandler:Internal_Log (UnityEngine.LogType,UnityEngine.LogOption,string,UnityEngine.Object)
UnityEngine.DebugLogHandler:LogFormat (UnityEngine.LogType,UnityEngine.Object,string,object[])
UnityEngine.Logger:Log (UnityEngine.LogType,object)
UnityEngine.Debug:LogWarning (object)
EdixorWindowSetting:Load () (at Assets/Edixor/Scripts/UI/EdixorWindow/EdixorSetting.cs:165)
EdixorWindowSetting:.ctor (EdixorWindow) (at Assets/Edixor/Scripts/UI/EdixorWindow/EdixorSetting.cs:22)
EdixorWindow:InitializeSettings () (at Assets/Edixor/Scripts/UI/EdixorWindow/EdixorWIndow.cs:38)
EdixorWindow:OnEnable () (at Assets/Edixor/Scripts/UI/EdixorWindow/EdixorWIndow.cs:22)

(Filename: Assets/Edixor/Scripts/UI/EdixorWindow/EdixorSetting.cs Line: 165)

CreateSerializedAsset is not supported while importing out-of-process
UnityEngine.Debug:ExtractStackTraceNoAlloc (byte*,int,string)
UnityEngine.StackTraceUtility:ExtractStackTrace ()
UnityEditor.AssetDatabase:CreateAsset (UnityEngine.Object,string)
EdixorWindowSetting:Load () (at Assets/Edixor/Scripts/UI/EdixorWindow/EdixorSetting.cs:167)
EdixorWindowSetting:.ctor (EdixorWindow) (at Assets/Edixor/Scripts/UI/EdixorWindow/EdixorSetting.cs:22)
EdixorWindow:InitializeSettings () (at Assets/Edixor/Scripts/UI/EdixorWindow/EdixorWIndow.cs:38)
EdixorWindow:OnEnable () (at Assets/Edixor/Scripts/UI/EdixorWindow/EdixorWIndow.cs:22)

[Assets/Edixor/Scripts/UI/EdixorWindow/EdixorSetting.cs line 167]

UnityException: Creating asset at path Assets/Edixor/Scripts/UI/EdixorWindow/EdixorSettings.asset failed.
  at (wrapper managed-to-native) UnityEditor.AssetDatabase.CreateAsset_Injected(intptr,UnityEngine.Bindings.ManagedSpanWrapper&)
  at UnityEditor.AssetDatabase.CreateAsset (UnityEngine.Object asset, System.String path) [0x0004d] in <20f98a04ac634cc8bf5f95425bb19bb9>:0 
  at EdixorWindowSetting.Load () [0x00033] in C:\Users\S\Documents\GitHub\Edixor\Edixor\Assets\Edixor\Scripts\UI\EdixorWindow\EdixorSetting.cs:167 
  at EdixorWindowSetting..ctor (EdixorWindow context) [0x0000d] in C:\Users\S\Documents\GitHub\Edixor\Edixor\Assets\Edixor\Scripts\UI\EdixorWindow\EdixorSetting.cs:22 
  at EdixorWindow.InitializeSettings () [0x00008] in C:\Users\S\Documents\GitHub\Edixor\Edixor\Assets\Edixor\Scripts\UI\EdixorWindow\EdixorWIndow.cs:38 
  at EdixorWindow.OnEnable () [0x00011] in C:\Users\S\Documents\GitHub\Edixor\Edixor\Assets\Edixor\Scripts\UI\EdixorWindow\EdixorWIndow.cs:22 

(Filename: Assets/Edixor/Scripts/UI/EdixorWindow/EdixorSetting.cs Line: 167)

Mono: successfully reloaded assembly
- Finished resetting the current domain, in 10.206 seconds
Domain Reload Profiling: 17454ms
	BeginReloadAssembly (1906ms)
		ExecutionOrderSort (0ms)
		DisableScriptedObjects (177ms)
		BackupInstance (0ms)
		ReleaseScriptingObjects (0ms)
		CreateAndSetChildDomain (500ms)
	RebuildCommonClasses (255ms)
	RebuildNativeTypeToScriptingClass (103ms)
	initialDomainReloadingComplete (219ms)
	LoadAllAssembliesAndSetupDomain (4760ms)
		LoadAssemblies (3719ms)
		RebuildTransferFunctionScriptingTraits (0ms)
		AnalyzeDomain (2005ms)
			TypeCache.Refresh (65ms)
				TypeCache.ScanAssembly (3ms)
			BuildScriptInfoCaches (1419ms)
			ResolveRequiredComponents (472ms)
	FinalizeReload (10211ms)
		ReleaseScriptCaches (0ms)
		RebuildScriptCaches (0ms)
		SetupLoadedEditorAssemblies (7501ms)
			LogAssemblyErrors (0ms)
			InitializePlatformSupportModulesInManaged (105ms)
			SetLoadedEditorAssemblies (30ms)
			BeforeProcessingInitializeOnLoad (604ms)
			ProcessInitializeOnLoadAttributes (6355ms)
			ProcessInitializeOnLoadMethodAttributes (354ms)
			AfterProcessingInitializeOnLoad (52ms)
			EditorAssembliesLoaded (1ms)
		ExecutionOrderSort2 (0ms)
		AwakeInstancesAfterBackupRestoration (1454ms)
Refreshing native plugins compatible for Editor in 22.96 ms, found 4 plugins.
Preloading 0 native plugins for Editor in 0.00 ms.
Unloading 0 Unused Serialized files (Serialized files now loaded: 0)
Unloading 4751 unused Assets / (130.9 KB). Loaded Objects now: 5287.
Memory consumption went from 166.5 MB to 166.4 MB.
Total: 42.442700 ms (FindLiveObjects: 3.398000 ms CreateObjectMapping: 1.547500 ms MarkObjects: 25.073900 ms  DeleteObjects: 12.414300 ms)

Prepare: number of updated asset objects reloaded= 0
========================================================================
Received Import Request.
  Time since last request: 120.389535 seconds.
  path: Assets/Edixor/Scripts/UI/EdixorWindow/EdixorSettings.asset
  artifactKey: Guid(b379006ce784c5141b99b1e7af0b62fa) Importer(815301076,1909f56bfc062723c751e8b465ee728b)
Start importing Assets/Edixor/Scripts/UI/EdixorWindow/EdixorSettings.asset using Guid(b379006ce784c5141b99b1e7af0b62fa) Importer(815301076,1909f56bfc062723c751e8b465ee728b) (PreviewImporter) -> (artifact id: '01516b0849feeb5b5daea582e88a6da0') in 0.0202471 seconds
Number of updated asset objects reloaded before import = 0Number of asset objects unloaded after import = 0

========================================================================
Received Import Request.
  Time since last request: 22.193788 seconds.
  path: Assets/Edixor/Scripts/UI/EdixorWindow/EdixorSettings.asset
  artifactKey: Guid(b379006ce784c5141b99b1e7af0b62fa) Importer(815301076,1909f56bfc062723c751e8b465ee728b)
Start importing Assets/Edixor/Scripts/UI/EdixorWindow/EdixorSettings.asset using Guid(b379006ce784c5141b99b1e7af0b62fa) Importer(815301076,1909f56bfc062723c751e8b465ee728b) (PreviewImporter) -> (artifact id: '01516b0849feeb5b5daea582e88a6da0') in 0.0021554 seconds
Number of updated asset objects reloaded before import = 0Number of asset objects unloaded after import = 0

========================================================================
Received Import Request.
  Time since last request: 2.117154 seconds.
  path: Assets/Edixor/Scripts/UI/EdixorWindow/EdixorSettings.asset
  artifactKey: Guid(b379006ce784c5141b99b1e7af0b62fa) Importer(815301076,1909f56bfc062723c751e8b465ee728b)
Start importing Assets/Edixor/Scripts/UI/EdixorWindow/EdixorSettings.asset using Guid(b379006ce784c5141b99b1e7af0b62fa) Importer(815301076,1909f56bfc062723c751e8b465ee728b) (PreviewImporter) -> (artifact id: '01516b0849feeb5b5daea582e88a6da0') in 0.0022817 seconds
Number of updated asset objects reloaded before import = 0Number of asset objects unloaded after import = 0

========================================================================
Received Import Request.
  Time since last request: 9.166346 seconds.
  path: Assets/Edixor/Scripts/UI/EdixorWindow/EdixorSettings.asset
  artifactKey: Guid(b379006ce784c5141b99b1e7af0b62fa) Importer(815301076,1909f56bfc062723c751e8b465ee728b)
Start importing Assets/Edixor/Scripts/UI/EdixorWindow/EdixorSettings.asset using Guid(b379006ce784c5141b99b1e7af0b62fa) Importer(815301076,1909f56bfc062723c751e8b465ee728b) (PreviewImporter) -> (artifact id: 'ab7da5459df5f26a3fdc8a833ae39119') in 0.0053453 seconds
Number of updated asset objects reloaded before import = 0Number of asset objects unloaded after import = 0

========================================================================
Received Import Request.
  Time since last request: 25.130258 seconds.
  path: Assets/Edixor/Scripts/UI/EdixorWindow/EdixorSettings.asset
  artifactKey: Guid(b379006ce784c5141b99b1e7af0b62fa) Importer(815301076,1909f56bfc062723c751e8b465ee728b)
Start importing Assets/Edixor/Scripts/UI/EdixorWindow/EdixorSettings.asset using Guid(b379006ce784c5141b99b1e7af0b62fa) Importer(815301076,1909f56bfc062723c751e8b465ee728b) (PreviewImporter) -> (artifact id: '01516b0849feeb5b5daea582e88a6da0') in 0.0032032 seconds
Number of updated asset objects reloaded before import = 0Number of asset objects unloaded after import = 0

========================================================================
Received Import Request.
  Time since last request: 3.789785 seconds.
  path: Assets/Edixor/Scripts/UI/EdixorWindow/EdixorSettings.asset
  artifactKey: Guid(b379006ce784c5141b99b1e7af0b62fa) Importer(815301076,1909f56bfc062723c751e8b465ee728b)
Start importing Assets/Edixor/Scripts/UI/EdixorWindow/EdixorSettings.asset using Guid(b379006ce784c5141b99b1e7af0b62fa) Importer(815301076,1909f56bfc062723c751e8b465ee728b) (PreviewImporter) -> (artifact id: '01516b0849feeb5b5daea582e88a6da0') in 0.0026125 seconds
Number of updated asset objects reloaded before import = 0Number of asset objects unloaded after import = 0

========================================================================
Received Import Request.
  Time since last request: 59.354070 seconds.
  path: Assets/Edixor/Scripts/UI/EdixorWindow/EdixorSettings.asset
  artifactKey: Guid(b379006ce784c5141b99b1e7af0b62fa) Importer(815301076,1909f56bfc062723c751e8b465ee728b)
Start importing Assets/Edixor/Scripts/UI/EdixorWindow/EdixorSettings.asset using Guid(b379006ce784c5141b99b1e7af0b62fa) Importer(815301076,1909f56bfc062723c751e8b465ee728b) (PreviewImporter) -> (artifact id: '01516b0849feeb5b5daea582e88a6da0') in 0.0030427 seconds
Number of updated asset objects reloaded before import = 0Number of asset objects unloaded after import = 0

