Using pre-set license
Built from '6000.0/release' branch; Version is '6000.0.29f1 (9fafe5c9db65) revision 10465253'; Using compiler version '193933523'; Build Type 'Release'
OS: 'Windows 10  (10.0.18362) 64bit Enterprise' Language: 'ru' Physical Memory: 4024 MB
BatchMode: 1, IsHumanControllingUs: 0, StartBugReporterOnCrash: 0, Is64bit: 1, IsPro: 1

COMMAND LINE ARGUMENTS:
C:\Program Files\Unity\Hub\Editor\6000.0.29f1\Editor\Unity.exe
-adb2
-batchMode
-noUpm
-name
AssetImportWorker1
-projectPath
C:/Users/S/Documents/GitHub/Edixor/Edixor
-logFile
Logs/AssetImportWorker1.log
-srvPort
56597
-job-worker-count
1
-background-job-worker-count
8
-asset-garbage-collectors
1
Successfully changed project path to: C:/Users/S/Documents/GitHub/Edixor/Edixor
C:/Users/S/Documents/GitHub/Edixor/Edixor
[UnityMemory] Configuration Parameters - Can be set up in boot.config
    "memorysetup-bucket-allocator-granularity=16"
    "memorysetup-bucket-allocator-bucket-count=8"
    "memorysetup-bucket-allocator-block-size=33554432"
    "memorysetup-bucket-allocator-block-count=8"
    "memorysetup-main-allocator-block-size=16777216"
    "memorysetup-thread-allocator-block-size=16777216"
    "memorysetup-gfx-main-allocator-block-size=16777216"
    "memorysetup-gfx-thread-allocator-block-size=16777216"
    "memorysetup-cache-allocator-block-size=4194304"
    "memorysetup-typetree-allocator-block-size=2097152"
    "memorysetup-profiler-bucket-allocator-granularity=16"
    "memorysetup-profiler-bucket-allocator-bucket-count=8"
    "memorysetup-profiler-bucket-allocator-block-size=33554432"
    "memorysetup-profiler-bucket-allocator-block-count=8"
    "memorysetup-profiler-allocator-block-size=16777216"
    "memorysetup-profiler-editor-allocator-block-size=1048576"
    "memorysetup-temp-allocator-size-main=16777216"
    "memorysetup-job-temp-allocator-block-size=2097152"
    "memorysetup-job-temp-allocator-block-size-background=1048576"
    "memorysetup-job-temp-allocator-reduction-small-platforms=262144"
    "memorysetup-allocator-temp-initial-block-size-main=262144"
    "memorysetup-allocator-temp-initial-block-size-worker=262144"
    "memorysetup-temp-allocator-size-background-worker=32768"
    "memorysetup-temp-allocator-size-job-worker=262144"
    "memorysetup-temp-allocator-size-preload-manager=33554432"
    "memorysetup-temp-allocator-size-nav-mesh-worker=65536"
    "memorysetup-temp-allocator-size-audio-worker=65536"
    "memorysetup-temp-allocator-size-cloud-worker=32768"
    "memorysetup-temp-allocator-size-gi-baking-worker=262144"
    "memorysetup-temp-allocator-size-gi-baking-worker=262144"
    "memorysetup-temp-allocator-size-gi-baking-worker=262144"
    "memorysetup-temp-allocator-size-gi-baking-worker=262144"
    "memorysetup-temp-allocator-size-gi-baking-worker=262144"
    "memorysetup-temp-allocator-size-gfx=262144"
Player connection [11172]  Target information:

Player connection [11172]  * "[IP] 192.168.1.46 [Port] 0 [Flags] 2 [Guid] 2150219163 [EditorId] 2150219163 [Version] 1048832 [Id] WindowsEditor(7,DESKTOP-7VPLHCL) [Debug] 1 [PackageName] WindowsEditor [ProjectName] Editor" 

Player connection [11172] Host joined multi-casting on [225.0.0.222:54997]...
Player connection [11172] Host joined alternative multi-casting on [225.0.0.222:34997]...
JobSystem: Creating JobQueue using job-worker-count value 1
[Physics::Module] Initialized fallback backend.
[Physics::Module] Id: 0xdecafbad
Library Redirect Path: Library/
[Physics::Module] Selected backend.
[Physics::Module] Name: PhysX
[Physics::Module] Id: 0xf2b8ea05
[Physics::Module] SDK Version: 4.1.2
[Physics::Module] Integration Version: 1.0.0
[Physics::Module] Threading Mode: Multi-Threaded
Refreshing native plugins compatible for Editor in 35.23 ms, found 4 plugins.
Preloading 0 native plugins for Editor in 0.00 ms.
Initialize engine version: 6000.0.29f1 (9fafe5c9db65)
[Subsystems] Discovering subsystems at path C:/Program Files/Unity/Hub/Editor/6000.0.29f1/Editor/Data/Resources/UnitySubsystems
[Subsystems] Discovering subsystems at path C:/Users/S/Documents/GitHub/Edixor/Edixor/Assets
GfxDevice: creating device client; kGfxThreadingModeNonThreaded
Direct3D:
    Version:  Direct3D 11.0 [level 10.0]
    Renderer: Mobile Intel(R) 4 Series Express Chipset Family (Microsoft Corporation - WDDM 1.1) (ID=0x2a42)
    Vendor:   Intel
    VRAM:     128 MB
    Driver:   8.15.10.2702
Initialize mono
Mono path[0] = 'C:/Program Files/Unity/Hub/Editor/6000.0.29f1/Editor/Data/Managed'
Mono path[1] = 'C:/Program Files/Unity/Hub/Editor/6000.0.29f1/Editor/Data/MonoBleedingEdge/lib/mono/unityjit-win32'
Mono config path = 'C:/Program Files/Unity/Hub/Editor/6000.0.29f1/Editor/Data/MonoBleedingEdge/etc'
Using monoOptions --debugger-agent=transport=dt_socket,embedding=1,server=y,suspend=n,address=127.0.0.1:56132
Begin MonoManager ReloadAssembly
Registering precompiled unity dll's ...
Register platform support module: C:/Program Files/Unity/Hub/Editor/6000.0.29f1/Editor/Data/PlaybackEngines/WebGLSupport/UnityEditor.WebGL.Extensions.dll
Register platform support module: C:/Program Files/Unity/Hub/Editor/6000.0.29f1/Editor/Data/PlaybackEngines/WindowsStandaloneSupport/UnityEditor.WindowsStandalone.Extensions.dll
Register platform support module: C:/Program Files/Unity/Hub/Editor/6000.0.29f1/Editor/Data/PlaybackEngines/AndroidPlayer/UnityEditor.Android.Extensions.dll
Registered in 0.054178 seconds.
- Loaded All Assemblies, in  6.608 seconds
Native extension for Android target not found
Android Extension - Scanning For ADB Devices 2879 ms
Native extension for WindowsStandalone target not found
Native extension for WebGL target not found
Mono: successfully reloaded assembly
- Finished resetting the current domain, in  9.126 seconds
Domain Reload Profiling: 15717ms
	BeginReloadAssembly (3624ms)
		ExecutionOrderSort (0ms)
		DisableScriptedObjects (0ms)
		BackupInstance (0ms)
		ReleaseScriptingObjects (0ms)
		CreateAndSetChildDomain (7ms)
	RebuildCommonClasses (426ms)
	RebuildNativeTypeToScriptingClass (113ms)
	initialDomainReloadingComplete (614ms)
	LoadAllAssembliesAndSetupDomain (1811ms)
		LoadAssemblies (3611ms)
		RebuildTransferFunctionScriptingTraits (0ms)
		AnalyzeDomain (1777ms)
			TypeCache.Refresh (1765ms)
				TypeCache.ScanAssembly (1627ms)
			BuildScriptInfoCaches (1ms)
			ResolveRequiredComponents (6ms)
	FinalizeReload (9130ms)
		ReleaseScriptCaches (0ms)
		RebuildScriptCaches (0ms)
		SetupLoadedEditorAssemblies (8687ms)
			LogAssemblyErrors (0ms)
			InitializePlatformSupportModulesInManaged (4022ms)
			SetLoadedEditorAssemblies (45ms)
			BeforeProcessingInitializeOnLoad (133ms)
			ProcessInitializeOnLoadAttributes (2106ms)
			ProcessInitializeOnLoadMethodAttributes (738ms)
			AfterProcessingInitializeOnLoad (1643ms)
			EditorAssembliesLoaded (0ms)
		ExecutionOrderSort2 (0ms)
		AwakeInstancesAfterBackupRestoration (0ms)
========================================================================
Worker process is ready to serve import requests
Import Worker Mode flag is 0x00
Begin MonoManager ReloadAssembly
- Loaded All Assemblies, in 10.163 seconds
Refreshing native plugins compatible for Editor in 6.98 ms, found 4 plugins.
Native extension for Android target not found
Native extension for WindowsStandalone target not found
Native extension for WebGL target not found
Проект открыт! Запускаем свою логику.
UnityEngine.Debug:ExtractStackTraceNoAlloc (byte*,int,string)
UnityEngine.StackTraceUtility:ExtractStackTrace ()
UnityEngine.DebugLogHandler:Internal_Log (UnityEngine.LogType,UnityEngine.LogOption,string,UnityEngine.Object)
UnityEngine.DebugLogHandler:LogFormat (UnityEngine.LogType,UnityEngine.Object,string,object[])
UnityEngine.Logger:Log (UnityEngine.LogType,object)
UnityEngine.Debug:Log (object)
ProjectStartupHandler:.cctor () (at Assets/Edixor/Scripts/EdixorEntryPoint.cs:12)
System.Runtime.CompilerServices.RuntimeHelpers:RunClassConstructor (System.RuntimeTypeHandle)
UnityEditor.EditorAssemblies:ProcessInitializeOnLoadAttributes (System.Type[])

(Filename: Assets/Edixor/Scripts/EdixorEntryPoint.cs Line: 12)

Сервисы успешно зарегистрированы.
UnityEngine.Debug:ExtractStackTraceNoAlloc (byte*,int,string)
UnityEngine.StackTraceUtility:ExtractStackTrace ()
UnityEngine.DebugLogHandler:Internal_Log (UnityEngine.LogType,UnityEngine.LogOption,string,UnityEngine.Object)
UnityEngine.DebugLogHandler:LogFormat (UnityEngine.LogType,UnityEngine.Object,string,object[])
UnityEngine.Logger:Log (UnityEngine.LogType,object)
UnityEngine.Debug:Log (object)
ProjectStartupHandler:InitializeServices (DIContainer) (at Assets/Edixor/Scripts/EdixorEntryPoint.cs:67)
ProjectStartupHandler:.cctor () (at Assets/Edixor/Scripts/EdixorEntryPoint.cs:17)
System.Runtime.CompilerServices.RuntimeHelpers:RunClassConstructor (System.RuntimeTypeHandle)
UnityEditor.EditorAssemblies:ProcessInitializeOnLoadAttributes (System.Type[])

(Filename: Assets/Edixor/Scripts/EdixorEntryPoint.cs Line: 67)

Mono: successfully reloaded assembly
- Finished resetting the current domain, in 12.871 seconds
Domain Reload Profiling: 22999ms
	BeginReloadAssembly (1868ms)
		ExecutionOrderSort (0ms)
		DisableScriptedObjects (94ms)
		BackupInstance (0ms)
		ReleaseScriptingObjects (0ms)
		CreateAndSetChildDomain (313ms)
	RebuildCommonClasses (369ms)
	RebuildNativeTypeToScriptingClass (152ms)
	initialDomainReloadingComplete (583ms)
	LoadAllAssembliesAndSetupDomain (7151ms)
		LoadAssemblies (5830ms)
		RebuildTransferFunctionScriptingTraits (0ms)
		AnalyzeDomain (2372ms)
			TypeCache.Refresh (1981ms)
				TypeCache.ScanAssembly (1774ms)
			BuildScriptInfoCaches (361ms)
			ResolveRequiredComponents (21ms)
	FinalizeReload (12875ms)
		ReleaseScriptCaches (0ms)
		RebuildScriptCaches (0ms)
		SetupLoadedEditorAssemblies (11169ms)
			LogAssemblyErrors (0ms)
			InitializePlatformSupportModulesInManaged (160ms)
			SetLoadedEditorAssemblies (49ms)
			BeforeProcessingInitializeOnLoad (1229ms)
			ProcessInitializeOnLoadAttributes (9024ms)
			ProcessInitializeOnLoadMethodAttributes (630ms)
			AfterProcessingInitializeOnLoad (72ms)
			EditorAssembliesLoaded (5ms)
		ExecutionOrderSort2 (0ms)
		AwakeInstancesAfterBackupRestoration (58ms)
Launched and connected shader compiler UnityShaderCompiler.exe after 0.28 seconds
Refreshing native plugins compatible for Editor in 25.89 ms, found 4 plugins.
Preloading 0 native plugins for Editor in 0.00 ms.
Unloading 35 Unused Serialized files (Serialized files now loaded: 0)
Unloading 4780 unused Assets / (174.9 KB). Loaded Objects now: 5293.
Memory consumption went from 88.0 MB to 87.9 MB.
Total: 85.239600 ms (FindLiveObjects: 3.204300 ms CreateObjectMapping: 9.940900 ms MarkObjects: 60.468500 ms  DeleteObjects: 11.612800 ms)

========================================================================
Received Import Request.
  Time since last request: 973919.319125 seconds.
  path: Assets/Edixor/Scripts/Settings/HotKeySettings.asset
  artifactKey: Guid(0793be09dcb05f8449e3d1d1709c2b3c) Importer(815301076,1909f56bfc062723c751e8b465ee728b)
Start importing Assets/Edixor/Scripts/Settings/HotKeySettings.asset using Guid(0793be09dcb05f8449e3d1d1709c2b3c) Importer(815301076,1909f56bfc062723c751e8b465ee728b) (PreviewImporter) -> (artifact id: 'dc49b1ab2bdd007df29aaa755d79acff') in 0.405992 seconds
Number of updated asset objects reloaded before import = 2Number of asset objects unloaded after import = 0

========================================================================
Received Prepare
Refreshing native plugins compatible for Editor in 5.70 ms, found 4 plugins.
Preloading 0 native plugins for Editor in 0.00 ms.
Unloading 0 Unused Serialized files (Serialized files now loaded: 0)
Unloading 4767 unused Assets / (131.0 KB). Loaded Objects now: 5296.
Memory consumption went from 84.4 MB to 84.3 MB.
Total: 69.447300 ms (FindLiveObjects: 2.266900 ms CreateObjectMapping: 1.737100 ms MarkObjects: 59.352900 ms  DeleteObjects: 6.081900 ms)

Prepare: number of updated asset objects reloaded= 0
========================================================================
Received Prepare
Begin MonoManager ReloadAssembly
- Loaded All Assemblies, in 11.675 seconds
Refreshing native plugins compatible for Editor in 8.19 ms, found 4 plugins.
Native extension for Android target not found
Native extension for WindowsStandalone target not found
Native extension for WebGL target not found
Проект открыт! Запускаем свою логику.
UnityEngine.Debug:ExtractStackTraceNoAlloc (byte*,int,string)
UnityEngine.StackTraceUtility:ExtractStackTrace ()
UnityEngine.DebugLogHandler:Internal_Log (UnityEngine.LogType,UnityEngine.LogOption,string,UnityEngine.Object)
UnityEngine.DebugLogHandler:LogFormat (UnityEngine.LogType,UnityEngine.Object,string,object[])
UnityEngine.Logger:Log (UnityEngine.LogType,object)
UnityEngine.Debug:Log (object)
ProjectStartupHandler:.cctor () (at Assets/Edixor/Scripts/EdixorEntryPoint.cs:12)
System.Runtime.CompilerServices.RuntimeHelpers:RunClassConstructor (System.RuntimeTypeHandle)
UnityEditor.EditorAssemblies:ProcessInitializeOnLoadAttributes (System.Type[])

(Filename: Assets/Edixor/Scripts/EdixorEntryPoint.cs Line: 12)

CreateSerializedAsset is not supported while importing out-of-process
UnityEngine.Debug:ExtractStackTraceNoAlloc (byte*,int,string)
UnityEngine.StackTraceUtility:ExtractStackTrace ()
UnityEditor.AssetDatabase:CreateAsset (UnityEngine.Object,string)
EdixorSetting`1<HotKeySaveAsset>:Load () (at Assets/Edixor/Scripts/UI/SaveOptions/ISaveService.cs:44)
EdixorSetting`1<HotKeySaveAsset>:.ctor (string) (at Assets/Edixor/Scripts/UI/SaveOptions/ISaveService.cs:35)
HotKeyService:.ctor () (at Assets/Edixor/Scripts/UI/SaveOptions/HotKeyService.cs:8)
ProjectStartupHandler:InitializeServices (DIContainer) (at Assets/Edixor/Scripts/EdixorEntryPoint.cs:53)
ProjectStartupHandler:.cctor () (at Assets/Edixor/Scripts/EdixorEntryPoint.cs:17)
System.Runtime.CompilerServices.RuntimeHelpers:RunClassConstructor (System.RuntimeTypeHandle)
UnityEditor.EditorAssemblies:ProcessInitializeOnLoadAttributes (System.Type[])

[Assets/Edixor/Scripts/UI/SaveOptions/ISaveService.cs line 44]

UnityEngine.UnityException: Creating asset at path Assets/Edixor/Scripts/Settings/HotKeySettings.asset failed.
  at (wrapper managed-to-native) UnityEditor.AssetDatabase.CreateAsset_Injected(intptr,UnityEngine.Bindings.ManagedSpanWrapper&)
  at UnityEditor.AssetDatabase.CreateAsset (UnityEngine.Object asset, System.String path) [0x0004d] in <20f98a04ac634cc8bf5f95425bb19bb9>:0 
  at EdixorSetting`1[T].Load () [0x0002f] in C:\Users\S\Documents\GitHub\Edixor\Edixor\Assets\Edixor\Scripts\UI\SaveOptions\ISaveService.cs:44 
  at EdixorSetting`1[T]..ctor (System.String path) [0x0000d] in C:\Users\S\Documents\GitHub\Edixor\Edixor\Assets\Edixor\Scripts\UI\SaveOptions\ISaveService.cs:35 
  at HotKeyService..ctor () [0x00000] in C:\Users\S\Documents\GitHub\Edixor\Edixor\Assets\Edixor\Scripts\UI\SaveOptions\HotKeyService.cs:8 
  at ProjectStartupHandler.InitializeServices (DIContainer container) [0x00081] in C:\Users\S\Documents\GitHub\Edixor\Edixor\Assets\Edixor\Scripts\EdixorEntryPoint.cs:53 
  at ProjectStartupHandler..cctor () [0x00019] in C:\Users\S\Documents\GitHub\Edixor\Edixor\Assets\Edixor\Scripts\EdixorEntryPoint.cs:17 
UnityEngine.Debug:ExtractStackTraceNoAlloc (byte*,int,string)
UnityEngine.StackTraceUtility:ExtractStackTrace ()
UnityEngine.DebugLogHandler:Internal_Log (UnityEngine.LogType,UnityEngine.LogOption,string,UnityEngine.Object)
UnityEngine.DebugLogHandler:LogFormat (UnityEngine.LogType,UnityEngine.Object,string,object[])
UnityEngine.Logger:Log (UnityEngine.LogType,object)
UnityEngine.Debug:LogError (object)
UnityEditor.EditorAssemblies:ProcessInitializeOnLoadAttributes (System.Type[])

Mono: successfully reloaded assembly
- Finished resetting the current domain, in  5.913 seconds
Domain Reload Profiling: 17645ms
	BeginReloadAssembly (4549ms)
		ExecutionOrderSort (0ms)
		DisableScriptedObjects (356ms)
		BackupInstance (0ms)
		ReleaseScriptingObjects (4ms)
		CreateAndSetChildDomain (2236ms)
	RebuildCommonClasses (209ms)
	RebuildNativeTypeToScriptingClass (60ms)
	initialDomainReloadingComplete (221ms)
	LoadAllAssembliesAndSetupDomain (6689ms)
		LoadAssemblies (5915ms)
		RebuildTransferFunctionScriptingTraits (0ms)
		AnalyzeDomain (1841ms)
			TypeCache.Refresh (159ms)
				TypeCache.ScanAssembly (15ms)
			BuildScriptInfoCaches (1618ms)
			ResolveRequiredComponents (28ms)
	FinalizeReload (5916ms)
		ReleaseScriptCaches (0ms)
		RebuildScriptCaches (0ms)
		SetupLoadedEditorAssemblies (4990ms)
			LogAssemblyErrors (0ms)
			InitializePlatformSupportModulesInManaged (161ms)
			SetLoadedEditorAssemblies (29ms)
			BeforeProcessingInitializeOnLoad (310ms)
			ProcessInitializeOnLoadAttributes (4242ms)
			ProcessInitializeOnLoadMethodAttributes (213ms)
			AfterProcessingInitializeOnLoad (33ms)
			EditorAssembliesLoaded (2ms)
		ExecutionOrderSort2 (0ms)
		AwakeInstancesAfterBackupRestoration (28ms)
Refreshing native plugins compatible for Editor in 106.08 ms, found 4 plugins.
Preloading 0 native plugins for Editor in 0.00 ms.
Unloading 0 Unused Serialized files (Serialized files now loaded: 0)
Unloading 4783 unused Assets / (133.5 KB). Loaded Objects now: 5295.
Memory consumption went from 86.1 MB to 86.0 MB.
Total: 384.667600 ms (FindLiveObjects: 101.189400 ms CreateObjectMapping: 14.419800 ms MarkObjects: 248.555700 ms  DeleteObjects: 20.492000 ms)

Prepare: number of updated asset objects reloaded= 2
========================================================================
Received Import Request.
  Time since last request: 323.345465 seconds.
  path: Assets/Edixor/Scripts/Settings/HotKeySettings.asset
  artifactKey: Guid(0793be09dcb05f8449e3d1d1709c2b3c) Importer(815301076,1909f56bfc062723c751e8b465ee728b)
Start importing Assets/Edixor/Scripts/Settings/HotKeySettings.asset using Guid(0793be09dcb05f8449e3d1d1709c2b3c) Importer(815301076,1909f56bfc062723c751e8b465ee728b) (PreviewImporter) -> (artifact id: '17b04d86f4b2433d4538d1cfbdefbee6') in 0.3748195 seconds
Number of updated asset objects reloaded before import = 1Number of asset objects unloaded after import = 4

========================================================================
Received Prepare
Begin MonoManager ReloadAssembly
- Loaded All Assemblies, in 10.890 seconds
Refreshing native plugins compatible for Editor in 8.11 ms, found 4 plugins.
Native extension for Android target not found
Native extension for WindowsStandalone target not found
Native extension for WebGL target not found
Проект открыт! Запускаем свою логику.
UnityEngine.Debug:ExtractStackTraceNoAlloc (byte*,int,string)
UnityEngine.StackTraceUtility:ExtractStackTrace ()
UnityEngine.DebugLogHandler:Internal_Log (UnityEngine.LogType,UnityEngine.LogOption,string,UnityEngine.Object)
UnityEngine.DebugLogHandler:LogFormat (UnityEngine.LogType,UnityEngine.Object,string,object[])
UnityEngine.Logger:Log (UnityEngine.LogType,object)
UnityEngine.Debug:Log (object)
ProjectStartupHandler:.cctor () (at Assets/Edixor/Scripts/EdixorEntryPoint.cs:12)
System.Runtime.CompilerServices.RuntimeHelpers:RunClassConstructor (System.RuntimeTypeHandle)
UnityEditor.EditorAssemblies:ProcessInitializeOnLoadAttributes (System.Type[])

(Filename: Assets/Edixor/Scripts/EdixorEntryPoint.cs Line: 12)

Сервисы успешно зарегистрированы.
UnityEngine.Debug:ExtractStackTraceNoAlloc (byte*,int,string)
UnityEngine.StackTraceUtility:ExtractStackTrace ()
UnityEngine.DebugLogHandler:Internal_Log (UnityEngine.LogType,UnityEngine.LogOption,string,UnityEngine.Object)
UnityEngine.DebugLogHandler:LogFormat (UnityEngine.LogType,UnityEngine.Object,string,object[])
UnityEngine.Logger:Log (UnityEngine.LogType,object)
UnityEngine.Debug:Log (object)
ProjectStartupHandler:InitializeServices (DIContainer) (at Assets/Edixor/Scripts/EdixorEntryPoint.cs:67)
ProjectStartupHandler:.cctor () (at Assets/Edixor/Scripts/EdixorEntryPoint.cs:17)
System.Runtime.CompilerServices.RuntimeHelpers:RunClassConstructor (System.RuntimeTypeHandle)
UnityEditor.EditorAssemblies:ProcessInitializeOnLoadAttributes (System.Type[])

(Filename: Assets/Edixor/Scripts/EdixorEntryPoint.cs Line: 67)

Mono: successfully reloaded assembly
- Finished resetting the current domain, in  3.191 seconds
Domain Reload Profiling: 14110ms
	BeginReloadAssembly (4377ms)
		ExecutionOrderSort (0ms)
		DisableScriptedObjects (712ms)
		BackupInstance (0ms)
		ReleaseScriptingObjects (14ms)
		CreateAndSetChildDomain (1084ms)
	RebuildCommonClasses (175ms)
	RebuildNativeTypeToScriptingClass (62ms)
	initialDomainReloadingComplete (193ms)
	LoadAllAssembliesAndSetupDomain (6105ms)
		LoadAssemblies (4808ms)
		RebuildTransferFunctionScriptingTraits (0ms)
		AnalyzeDomain (2599ms)
			TypeCache.Refresh (1062ms)
				TypeCache.ScanAssembly (39ms)
			BuildScriptInfoCaches (1442ms)
			ResolveRequiredComponents (40ms)
	FinalizeReload (3198ms)
		ReleaseScriptCaches (0ms)
		RebuildScriptCaches (0ms)
		SetupLoadedEditorAssemblies (2447ms)
			LogAssemblyErrors (0ms)
			InitializePlatformSupportModulesInManaged (61ms)
			SetLoadedEditorAssemblies (23ms)
			BeforeProcessingInitializeOnLoad (216ms)
			ProcessInitializeOnLoadAttributes (1827ms)
			ProcessInitializeOnLoadMethodAttributes (278ms)
			AfterProcessingInitializeOnLoad (40ms)
			EditorAssembliesLoaded (1ms)
		ExecutionOrderSort2 (0ms)
		AwakeInstancesAfterBackupRestoration (42ms)
Refreshing native plugins compatible for Editor in 6.27 ms, found 4 plugins.
Preloading 0 native plugins for Editor in 0.00 ms.
Unloading 5 Unused Serialized files (Serialized files now loaded: 0)
Unloading 4778 unused Assets / (0.6 MB). Loaded Objects now: 5302.
Memory consumption went from 86.2 MB to 85.6 MB.
Total: 42.980800 ms (FindLiveObjects: 3.541100 ms CreateObjectMapping: 1.651900 ms MarkObjects: 33.743000 ms  DeleteObjects: 4.031100 ms)

Prepare: number of updated asset objects reloaded= 1
========================================================================
Received Prepare
Begin MonoManager ReloadAssembly
- Loaded All Assemblies, in 10.432 seconds
Refreshing native plugins compatible for Editor in 5.84 ms, found 4 plugins.
Native extension for Android target not found
Native extension for WindowsStandalone target not found
Native extension for WebGL target not found
Проект открыт! Запускаем свою логику.
UnityEngine.Debug:ExtractStackTraceNoAlloc (byte*,int,string)
UnityEngine.StackTraceUtility:ExtractStackTrace ()
UnityEngine.DebugLogHandler:Internal_Log (UnityEngine.LogType,UnityEngine.LogOption,string,UnityEngine.Object)
UnityEngine.DebugLogHandler:LogFormat (UnityEngine.LogType,UnityEngine.Object,string,object[])
UnityEngine.Logger:Log (UnityEngine.LogType,object)
UnityEngine.Debug:Log (object)
ProjectStartupHandler:.cctor () (at Assets/Edixor/Scripts/EdixorEntryPoint.cs:12)
System.Runtime.CompilerServices.RuntimeHelpers:RunClassConstructor (System.RuntimeTypeHandle)
UnityEditor.EditorAssemblies:ProcessInitializeOnLoadAttributes (System.Type[])

(Filename: Assets/Edixor/Scripts/EdixorEntryPoint.cs Line: 12)

Сервисы успешно зарегистрированы.
UnityEngine.Debug:ExtractStackTraceNoAlloc (byte*,int,string)
UnityEngine.StackTraceUtility:ExtractStackTrace ()
UnityEngine.DebugLogHandler:Internal_Log (UnityEngine.LogType,UnityEngine.LogOption,string,UnityEngine.Object)
UnityEngine.DebugLogHandler:LogFormat (UnityEngine.LogType,UnityEngine.Object,string,object[])
UnityEngine.Logger:Log (UnityEngine.LogType,object)
UnityEngine.Debug:Log (object)
ProjectStartupHandler:InitializeServices (DIContainer) (at Assets/Edixor/Scripts/EdixorEntryPoint.cs:67)
ProjectStartupHandler:.cctor () (at Assets/Edixor/Scripts/EdixorEntryPoint.cs:17)
System.Runtime.CompilerServices.RuntimeHelpers:RunClassConstructor (System.RuntimeTypeHandle)
UnityEditor.EditorAssemblies:ProcessInitializeOnLoadAttributes (System.Type[])

(Filename: Assets/Edixor/Scripts/EdixorEntryPoint.cs Line: 67)

Mono: successfully reloaded assembly
- Finished resetting the current domain, in  3.940 seconds
Domain Reload Profiling: 14382ms
	BeginReloadAssembly (3568ms)
		ExecutionOrderSort (0ms)
		DisableScriptedObjects (468ms)
		BackupInstance (0ms)
		ReleaseScriptingObjects (7ms)
		CreateAndSetChildDomain (1071ms)
	RebuildCommonClasses (194ms)
	RebuildNativeTypeToScriptingClass (61ms)
	initialDomainReloadingComplete (193ms)
	LoadAllAssembliesAndSetupDomain (6421ms)
		LoadAssemblies (4878ms)
		RebuildTransferFunctionScriptingTraits (0ms)
		AnalyzeDomain (2702ms)
			TypeCache.Refresh (1548ms)
				TypeCache.ScanAssembly (134ms)
			BuildScriptInfoCaches (1053ms)
			ResolveRequiredComponents (34ms)
	FinalizeReload (3944ms)
		ReleaseScriptCaches (0ms)
		RebuildScriptCaches (0ms)
		SetupLoadedEditorAssemblies (3041ms)
			LogAssemblyErrors (0ms)
			InitializePlatformSupportModulesInManaged (74ms)
			SetLoadedEditorAssemblies (36ms)
			BeforeProcessingInitializeOnLoad (258ms)
			ProcessInitializeOnLoadAttributes (2402ms)
			ProcessInitializeOnLoadMethodAttributes (229ms)
			AfterProcessingInitializeOnLoad (36ms)
			EditorAssembliesLoaded (6ms)
		ExecutionOrderSort2 (0ms)
		AwakeInstancesAfterBackupRestoration (34ms)
Refreshing native plugins compatible for Editor in 6.90 ms, found 4 plugins.
Preloading 0 native plugins for Editor in 0.00 ms.
Unloading 0 Unused Serialized files (Serialized files now loaded: 0)
Unloading 4778 unused Assets / (131.0 KB). Loaded Objects now: 5304.
Memory consumption went from 86.2 MB to 86.0 MB.
Total: 69.229900 ms (FindLiveObjects: 12.148000 ms CreateObjectMapping: 1.582400 ms MarkObjects: 49.982000 ms  DeleteObjects: 5.505800 ms)

Prepare: number of updated asset objects reloaded= 1
========================================================================
Received Prepare
Begin MonoManager ReloadAssembly
- Loaded All Assemblies, in 11.985 seconds
Refreshing native plugins compatible for Editor in 7.05 ms, found 4 plugins.
Native extension for Android target not found
Native extension for WindowsStandalone target not found
Native extension for WebGL target not found
Проект открыт! Запускаем свою логику.
UnityEngine.Debug:ExtractStackTraceNoAlloc (byte*,int,string)
UnityEngine.StackTraceUtility:ExtractStackTrace ()
UnityEngine.DebugLogHandler:Internal_Log (UnityEngine.LogType,UnityEngine.LogOption,string,UnityEngine.Object)
UnityEngine.DebugLogHandler:LogFormat (UnityEngine.LogType,UnityEngine.Object,string,object[])
UnityEngine.Logger:Log (UnityEngine.LogType,object)
UnityEngine.Debug:Log (object)
ProjectStartupHandler:.cctor () (at Assets/Edixor/Scripts/EdixorEntryPoint.cs:12)
System.Runtime.CompilerServices.RuntimeHelpers:RunClassConstructor (System.RuntimeTypeHandle)
UnityEditor.EditorAssemblies:ProcessInitializeOnLoadAttributes (System.Type[])

(Filename: Assets/Edixor/Scripts/EdixorEntryPoint.cs Line: 12)

Сервисы успешно зарегистрированы.
UnityEngine.Debug:ExtractStackTraceNoAlloc (byte*,int,string)
UnityEngine.StackTraceUtility:ExtractStackTrace ()
UnityEngine.DebugLogHandler:Internal_Log (UnityEngine.LogType,UnityEngine.LogOption,string,UnityEngine.Object)
UnityEngine.DebugLogHandler:LogFormat (UnityEngine.LogType,UnityEngine.Object,string,object[])
UnityEngine.Logger:Log (UnityEngine.LogType,object)
UnityEngine.Debug:Log (object)
ProjectStartupHandler:InitializeServices (DIContainer) (at Assets/Edixor/Scripts/EdixorEntryPoint.cs:67)
ProjectStartupHandler:.cctor () (at Assets/Edixor/Scripts/EdixorEntryPoint.cs:17)
System.Runtime.CompilerServices.RuntimeHelpers:RunClassConstructor (System.RuntimeTypeHandle)
UnityEditor.EditorAssemblies:ProcessInitializeOnLoadAttributes (System.Type[])

(Filename: Assets/Edixor/Scripts/EdixorEntryPoint.cs Line: 67)

Mono: successfully reloaded assembly
- Finished resetting the current domain, in 19.114 seconds
Domain Reload Profiling: 31364ms
	BeginReloadAssembly (4756ms)
		ExecutionOrderSort (5ms)
		DisableScriptedObjects (666ms)
		BackupInstance (0ms)
		ReleaseScriptingObjects (6ms)
		CreateAndSetChildDomain (1425ms)
	RebuildCommonClasses (268ms)
	RebuildNativeTypeToScriptingClass (57ms)
	initialDomainReloadingComplete (245ms)
	LoadAllAssembliesAndSetupDomain (6919ms)
		LoadAssemblies (6438ms)
		RebuildTransferFunctionScriptingTraits (0ms)
		AnalyzeDomain (2059ms)
			TypeCache.Refresh (364ms)
				TypeCache.ScanAssembly (33ms)
			BuildScriptInfoCaches (1567ms)
			ResolveRequiredComponents (55ms)
	FinalizeReload (19119ms)
		ReleaseScriptCaches (0ms)
		RebuildScriptCaches (0ms)
		SetupLoadedEditorAssemblies (17719ms)
			LogAssemblyErrors (0ms)
			InitializePlatformSupportModulesInManaged (76ms)
			SetLoadedEditorAssemblies (29ms)
			BeforeProcessingInitializeOnLoad (241ms)
			ProcessInitializeOnLoadAttributes (16681ms)
			ProcessInitializeOnLoadMethodAttributes (458ms)
			AfterProcessingInitializeOnLoad (144ms)
			EditorAssembliesLoaded (90ms)
		ExecutionOrderSort2 (0ms)
		AwakeInstancesAfterBackupRestoration (528ms)
Refreshing native plugins compatible for Editor in 10.65 ms, found 4 plugins.
Preloading 0 native plugins for Editor in 0.00 ms.
Unloading 0 Unused Serialized files (Serialized files now loaded: 0)
Unloading 4778 unused Assets / (132.0 KB). Loaded Objects now: 5306.
Memory consumption went from 86.2 MB to 86.0 MB.
Total: 61.693300 ms (FindLiveObjects: 5.869400 ms CreateObjectMapping: 2.488900 ms MarkObjects: 47.008800 ms  DeleteObjects: 6.311300 ms)

Prepare: number of updated asset objects reloaded= 1
