Using pre-set license
Built from '6000.0/release' branch; Version is '6000.0.29f1 (9fafe5c9db65) revision 10465253'; Using compiler version '193933523'; Build Type 'Release'
OS: 'Windows 10  (10.0.18362) 64bit Enterprise' Language: 'ru' Physical Memory: 4024 MB
BatchMode: 1, IsHumanControllingUs: 0, StartBugReporterOnCrash: 0, Is64bit: 1, IsPro: 1

COMMAND LINE ARGUMENTS:
C:\Program Files\Unity\Hub\Editor\6000.0.29f1\Editor\Unity.exe
-adb2
-batchMode
-noUpm
-name
AssetImportWorker2
-projectPath
C:/Users/S/Documents/GitHub/Edixor/Edixor
-logFile
Logs/AssetImportWorker2.log
-srvPort
59742
-job-worker-count
1
-background-job-worker-count
8
-asset-garbage-collectors
1
Successfully changed project path to: C:/Users/S/Documents/GitHub/Edixor/Edixor
C:/Users/S/Documents/GitHub/Edixor/Edixor
[UnityMemory] Configuration Parameters - Can be set up in boot.config
    "memorysetup-bucket-allocator-granularity=16"
    "memorysetup-bucket-allocator-bucket-count=8"
    "memorysetup-bucket-allocator-block-size=33554432"
    "memorysetup-bucket-allocator-block-count=8"
    "memorysetup-main-allocator-block-size=16777216"
    "memorysetup-thread-allocator-block-size=16777216"
    "memorysetup-gfx-main-allocator-block-size=16777216"
    "memorysetup-gfx-thread-allocator-block-size=16777216"
    "memorysetup-cache-allocator-block-size=4194304"
    "memorysetup-typetree-allocator-block-size=2097152"
    "memorysetup-profiler-bucket-allocator-granularity=16"
    "memorysetup-profiler-bucket-allocator-bucket-count=8"
    "memorysetup-profiler-bucket-allocator-block-size=33554432"
    "memorysetup-profiler-bucket-allocator-block-count=8"
    "memorysetup-profiler-allocator-block-size=16777216"
    "memorysetup-profiler-editor-allocator-block-size=1048576"
    "memorysetup-temp-allocator-size-main=16777216"
    "memorysetup-job-temp-allocator-block-size=2097152"
    "memorysetup-job-temp-allocator-block-size-background=1048576"
    "memorysetup-job-temp-allocator-reduction-small-platforms=262144"
    "memorysetup-allocator-temp-initial-block-size-main=262144"
    "memorysetup-allocator-temp-initial-block-size-worker=262144"
    "memorysetup-temp-allocator-size-background-worker=32768"
    "memorysetup-temp-allocator-size-job-worker=262144"
    "memorysetup-temp-allocator-size-preload-manager=33554432"
    "memorysetup-temp-allocator-size-nav-mesh-worker=65536"
    "memorysetup-temp-allocator-size-audio-worker=65536"
    "memorysetup-temp-allocator-size-cloud-worker=32768"
    "memorysetup-temp-allocator-size-gi-baking-worker=262144"
    "memorysetup-temp-allocator-size-gi-baking-worker=262144"
    "memorysetup-temp-allocator-size-gi-baking-worker=262144"
    "memorysetup-temp-allocator-size-gi-baking-worker=262144"
    "memorysetup-temp-allocator-size-gi-baking-worker=262144"
    "memorysetup-temp-allocator-size-gfx=262144"
Player connection [3680]  Target information:

Player connection [3680]  * "[IP] 192.168.1.46 [Port] 0 [Flags] 2 [Guid] 3490407197 [EditorId] 3490407197 [Version] 1048832 [Id] WindowsEditor(7,DESKTOP-7VPLHCL) [Debug] 1 [PackageName] WindowsEditor [ProjectName] Editor" 

Player connection [3680] Host joined multi-casting on [225.0.0.222:54997]...
Player connection [3680] Host joined alternative multi-casting on [225.0.0.222:34997]...
JobSystem: Creating JobQueue using job-worker-count value 1
[Physics::Module] Initialized fallback backend.
[Physics::Module] Id: 0xdecafbad
Library Redirect Path: Library/
[Physics::Module] Selected backend.
[Physics::Module] Name: PhysX
[Physics::Module] Id: 0xf2b8ea05
[Physics::Module] SDK Version: 4.1.2
[Physics::Module] Integration Version: 1.0.0
[Physics::Module] Threading Mode: Multi-Threaded
Refreshing native plugins compatible for Editor in 14.23 ms, found 4 plugins.
Preloading 0 native plugins for Editor in 0.00 ms.
Initialize engine version: 6000.0.29f1 (9fafe5c9db65)
[Subsystems] Discovering subsystems at path C:/Program Files/Unity/Hub/Editor/6000.0.29f1/Editor/Data/Resources/UnitySubsystems
[Subsystems] Discovering subsystems at path C:/Users/S/Documents/GitHub/Edixor/Edixor/Assets
GfxDevice: creating device client; kGfxThreadingModeNonThreaded
Direct3D:
    Version:  Direct3D 11.0 [level 10.0]
    Renderer: Mobile Intel(R) 4 Series Express Chipset Family (Microsoft Corporation - WDDM 1.1) (ID=0x2a42)
    Vendor:   Intel
    VRAM:     128 MB
    Driver:   8.15.10.2702
Initialize mono
Mono path[0] = 'C:/Program Files/Unity/Hub/Editor/6000.0.29f1/Editor/Data/Managed'
Mono path[1] = 'C:/Program Files/Unity/Hub/Editor/6000.0.29f1/Editor/Data/MonoBleedingEdge/lib/mono/unityjit-win32'
Mono config path = 'C:/Program Files/Unity/Hub/Editor/6000.0.29f1/Editor/Data/MonoBleedingEdge/etc'
Using monoOptions --debugger-agent=transport=dt_socket,embedding=1,server=y,suspend=n,address=127.0.0.1:56028
Begin MonoManager ReloadAssembly
Registering precompiled unity dll's ...
Register platform support module: C:/Program Files/Unity/Hub/Editor/6000.0.29f1/Editor/Data/PlaybackEngines/WebGLSupport/UnityEditor.WebGL.Extensions.dll
Register platform support module: C:/Program Files/Unity/Hub/Editor/6000.0.29f1/Editor/Data/PlaybackEngines/WindowsStandaloneSupport/UnityEditor.WindowsStandalone.Extensions.dll
Register platform support module: C:/Program Files/Unity/Hub/Editor/6000.0.29f1/Editor/Data/PlaybackEngines/AndroidPlayer/UnityEditor.Android.Extensions.dll
Registered in 0.030704 seconds.
- Loaded All Assemblies, in  2.153 seconds
Native extension for Android target not found
Android Extension - Scanning For ADB Devices 2235 ms
Native extension for WindowsStandalone target not found
Native extension for WebGL target not found
Mono: successfully reloaded assembly
- Finished resetting the current domain, in  6.872 seconds
Domain Reload Profiling: 9011ms
	BeginReloadAssembly (809ms)
		ExecutionOrderSort (0ms)
		DisableScriptedObjects (0ms)
		BackupInstance (0ms)
		ReleaseScriptingObjects (0ms)
		CreateAndSetChildDomain (14ms)
	RebuildCommonClasses (204ms)
	RebuildNativeTypeToScriptingClass (52ms)
	initialDomainReloadingComplete (309ms)
	LoadAllAssembliesAndSetupDomain (763ms)
		LoadAssemblies (788ms)
		RebuildTransferFunctionScriptingTraits (0ms)
		AnalyzeDomain (751ms)
			TypeCache.Refresh (739ms)
				TypeCache.ScanAssembly (683ms)
			BuildScriptInfoCaches (1ms)
			ResolveRequiredComponents (2ms)
	FinalizeReload (6873ms)
		ReleaseScriptCaches (0ms)
		RebuildScriptCaches (0ms)
		SetupLoadedEditorAssemblies (6473ms)
			LogAssemblyErrors (0ms)
			InitializePlatformSupportModulesInManaged (3143ms)
			SetLoadedEditorAssemblies (52ms)
			BeforeProcessingInitializeOnLoad (44ms)
			ProcessInitializeOnLoadAttributes (1051ms)
			ProcessInitializeOnLoadMethodAttributes (584ms)
			AfterProcessingInitializeOnLoad (1599ms)
			EditorAssembliesLoaded (1ms)
		ExecutionOrderSort2 (0ms)
		AwakeInstancesAfterBackupRestoration (0ms)
========================================================================
Worker process is ready to serve import requests
Import Worker Mode flag is 0x00
Begin MonoManager ReloadAssembly
- Loaded All Assemblies, in  4.254 seconds
Refreshing native plugins compatible for Editor in 10.09 ms, found 4 plugins.
Native extension for Android target not found
Native extension for WindowsStandalone target not found
Native extension for WebGL target not found
Mono: successfully reloaded assembly
- Finished resetting the current domain, in  6.689 seconds
Domain Reload Profiling: 10926ms
	BeginReloadAssembly (1112ms)
		ExecutionOrderSort (0ms)
		DisableScriptedObjects (36ms)
		BackupInstance (0ms)
		ReleaseScriptingObjects (0ms)
		CreateAndSetChildDomain (160ms)
	RebuildCommonClasses (241ms)
	RebuildNativeTypeToScriptingClass (45ms)
	initialDomainReloadingComplete (195ms)
	LoadAllAssembliesAndSetupDomain (2642ms)
		LoadAssemblies (1726ms)
		RebuildTransferFunctionScriptingTraits (0ms)
		AnalyzeDomain (1646ms)
			TypeCache.Refresh (1256ms)
				TypeCache.ScanAssembly (1003ms)
			BuildScriptInfoCaches (334ms)
			ResolveRequiredComponents (34ms)
	FinalizeReload (6691ms)
		ReleaseScriptCaches (0ms)
		RebuildScriptCaches (0ms)
		SetupLoadedEditorAssemblies (5552ms)
			LogAssemblyErrors (0ms)
			InitializePlatformSupportModulesInManaged (98ms)
			SetLoadedEditorAssemblies (29ms)
			BeforeProcessingInitializeOnLoad (336ms)
			ProcessInitializeOnLoadAttributes (4528ms)
			ProcessInitializeOnLoadMethodAttributes (534ms)
			AfterProcessingInitializeOnLoad (27ms)
			EditorAssembliesLoaded (1ms)
		ExecutionOrderSort2 (0ms)
		AwakeInstancesAfterBackupRestoration (55ms)
Launched and connected shader compiler UnityShaderCompiler.exe after 0.09 seconds
Refreshing native plugins compatible for Editor in 3.72 ms, found 4 plugins.
Preloading 0 native plugins for Editor in 0.00 ms.
Unloading 14 Unused Serialized files (Serialized files now loaded: 0)
Unloading 4753 unused Assets / (1.2 MB). Loaded Objects now: 5244.
Memory consumption went from 87.9 MB to 86.7 MB.
Total: 19.661300 ms (FindLiveObjects: 1.651000 ms CreateObjectMapping: 1.719700 ms MarkObjects: 12.359800 ms  DeleteObjects: 3.923100 ms)

========================================================================
Received Import Request.
  Time since last request: 450802.941025 seconds.
  path: Assets/Edixor/Scripts/UI/EdixorWindow/EdixorSettings.asset
  artifactKey: Guid(b379006ce784c5141b99b1e7af0b62fa) Importer(815301076,1909f56bfc062723c751e8b465ee728b)
Start importing Assets/Edixor/Scripts/UI/EdixorWindow/EdixorSettings.asset using Guid(b379006ce784c5141b99b1e7af0b62fa) Importer(815301076,1909f56bfc062723c751e8b465ee728b) (PreviewImporter)Зарегистрированные классы:
UnityEngine.Debug:ExtractStackTraceNoAlloc (byte*,int,string)
UnityEngine.StackTraceUtility:ExtractStackTrace ()
UnityEngine.DebugLogHandler:Internal_Log (UnityEngine.LogType,UnityEngine.LogOption,string,UnityEngine.Object)
UnityEngine.DebugLogHandler:LogFormat (UnityEngine.LogType,UnityEngine.Object,string,object[])
UnityEngine.Logger:Log (UnityEngine.LogType,object)
UnityEngine.Debug:Log (object)
Factory`2<EdixorDesign, EdixorWindow>:RegisterAll (EdixorWindow) (at Assets/Edixor/Scripts/Patterns/Factory.cs:56)
EdixorWindowSetting:InitializeData () (at Assets/Edixor/Scripts/UI/EdixorWindow/EdixorSetting.cs:60)
EdixorWindowSetting:EnsureInitialized () (at Assets/Edixor/Scripts/UI/EdixorWindow/EdixorSetting.cs:29)
EdixorWindowSetting:GetHotKeys () (at Assets/Edixor/Scripts/UI/EdixorWindow/EdixorSetting.cs:90)
EdixorWindow:InitializeSettings () (at Assets/Edixor/Scripts/UI/EdixorWindow/EdixorWIndow.cs:44)
EdixorWindow:OnEnable () (at Assets/Edixor/Scripts/UI/EdixorWindow/EdixorWIndow.cs:24)
UnityEngine.ScriptableObject:CreateScriptableObjectInstanceFromType (System.Type,bool)
UnityEngine.ScriptableObject:CreateInstance (System.Type)
UnityEditor.EditorWindow:GetWindowPrivate (System.Type,bool,string,bool,bool)
UnityEditor.EditorWindow:GetWindow (System.Type,bool,string,bool)
UnityEditor.EditorWindow:GetWindow<EdixorWindow> (bool,string,bool)
UnityEditor.EditorWindow:GetWindow<EdixorWindow> ()
EdixorSettings:OnEnable () (at Assets/Edixor/Scripts/UI/EdixorSetting.cs:19)

(Filename: Assets/Edixor/Scripts/Patterns/Factory.cs Line: 56)

Assets/Edixor/Scripts/UI/Design/Standart/StandartDesign.cs
UnityEngine.Debug:ExtractStackTraceNoAlloc (byte*,int,string)
UnityEngine.StackTraceUtility:ExtractStackTrace ()
UnityEngine.DebugLogHandler:Internal_Log (UnityEngine.LogType,UnityEngine.LogOption,string,UnityEngine.Object)
UnityEngine.DebugLogHandler:LogFormat (UnityEngine.LogType,UnityEngine.Object,string,object[])
UnityEngine.Logger:Log (UnityEngine.LogType,object)
UnityEngine.Debug:Log (object)
Factory`2<EdixorDesign, EdixorWindow>:RegisterAll (EdixorWindow) (at Assets/Edixor/Scripts/Patterns/Factory.cs:59)
EdixorWindowSetting:InitializeData () (at Assets/Edixor/Scripts/UI/EdixorWindow/EdixorSetting.cs:60)
EdixorWindowSetting:EnsureInitialized () (at Assets/Edixor/Scripts/UI/EdixorWindow/EdixorSetting.cs:29)
EdixorWindowSetting:GetHotKeys () (at Assets/Edixor/Scripts/UI/EdixorWindow/EdixorSetting.cs:90)
EdixorWindow:InitializeSettings () (at Assets/Edixor/Scripts/UI/EdixorWindow/EdixorWIndow.cs:44)
EdixorWindow:OnEnable () (at Assets/Edixor/Scripts/UI/EdixorWindow/EdixorWIndow.cs:24)
UnityEngine.ScriptableObject:CreateScriptableObjectInstanceFromType (System.Type,bool)
UnityEngine.ScriptableObject:CreateInstance (System.Type)
UnityEditor.EditorWindow:GetWindowPrivate (System.Type,bool,string,bool,bool)
UnityEditor.EditorWindow:GetWindow (System.Type,bool,string,bool)
UnityEditor.EditorWindow:GetWindow<EdixorWindow> (bool,string,bool)
UnityEditor.EditorWindow:GetWindow<EdixorWindow> ()
EdixorSettings:OnEnable () (at Assets/Edixor/Scripts/UI/EdixorSetting.cs:19)

(Filename: Assets/Edixor/Scripts/Patterns/Factory.cs Line: 59)

Assets/Edixor/Scripts/UI/Design/Inverted/Inverted.cs
UnityEngine.Debug:ExtractStackTraceNoAlloc (byte*,int,string)
UnityEngine.StackTraceUtility:ExtractStackTrace ()
UnityEngine.DebugLogHandler:Internal_Log (UnityEngine.LogType,UnityEngine.LogOption,string,UnityEngine.Object)
UnityEngine.DebugLogHandler:LogFormat (UnityEngine.LogType,UnityEngine.Object,string,object[])
UnityEngine.Logger:Log (UnityEngine.LogType,object)
UnityEngine.Debug:Log (object)
Factory`2<EdixorDesign, EdixorWindow>:RegisterAll (EdixorWindow) (at Assets/Edixor/Scripts/Patterns/Factory.cs:59)
EdixorWindowSetting:InitializeData () (at Assets/Edixor/Scripts/UI/EdixorWindow/EdixorSetting.cs:60)
EdixorWindowSetting:EnsureInitialized () (at Assets/Edixor/Scripts/UI/EdixorWindow/EdixorSetting.cs:29)
EdixorWindowSetting:GetHotKeys () (at Assets/Edixor/Scripts/UI/EdixorWindow/EdixorSetting.cs:90)
EdixorWindow:InitializeSettings () (at Assets/Edixor/Scripts/UI/EdixorWindow/EdixorWIndow.cs:44)
EdixorWindow:OnEnable () (at Assets/Edixor/Scripts/UI/EdixorWindow/EdixorWIndow.cs:24)
UnityEngine.ScriptableObject:CreateScriptableObjectInstanceFromType (System.Type,bool)
UnityEngine.ScriptableObject:CreateInstance (System.Type)
UnityEditor.EditorWindow:GetWindowPrivate (System.Type,bool,string,bool,bool)
UnityEditor.EditorWindow:GetWindow (System.Type,bool,string,bool)
UnityEditor.EditorWindow:GetWindow<EdixorWindow> (bool,string,bool)
UnityEditor.EditorWindow:GetWindow<EdixorWindow> ()
EdixorSettings:OnEnable () (at Assets/Edixor/Scripts/UI/EdixorSetting.cs:19)

(Filename: Assets/Edixor/Scripts/Patterns/Factory.cs Line: 59)

HotKeys: 2
UnityEngine.Debug:ExtractStackTraceNoAlloc (byte*,int,string)
UnityEngine.StackTraceUtility:ExtractStackTrace ()
UnityEngine.DebugLogHandler:Internal_Log (UnityEngine.LogType,UnityEngine.LogOption,string,UnityEngine.Object)
UnityEngine.DebugLogHandler:LogFormat (UnityEngine.LogType,UnityEngine.Object,string,object[])
UnityEngine.Logger:Log (UnityEngine.LogType,object)
UnityEngine.Debug:Log (object)
EdixorWindowSetting:InitializeData () (at Assets/Edixor/Scripts/UI/EdixorWindow/EdixorSetting.cs:66)
EdixorWindowSetting:EnsureInitialized () (at Assets/Edixor/Scripts/UI/EdixorWindow/EdixorSetting.cs:29)
EdixorWindowSetting:GetHotKeys () (at Assets/Edixor/Scripts/UI/EdixorWindow/EdixorSetting.cs:90)
EdixorWindow:InitializeSettings () (at Assets/Edixor/Scripts/UI/EdixorWindow/EdixorWIndow.cs:44)
EdixorWindow:OnEnable () (at Assets/Edixor/Scripts/UI/EdixorWindow/EdixorWIndow.cs:24)
UnityEngine.ScriptableObject:CreateScriptableObjectInstanceFromType (System.Type,bool)
UnityEngine.ScriptableObject:CreateInstance (System.Type)
UnityEditor.EditorWindow:GetWindowPrivate (System.Type,bool,string,bool,bool)
UnityEditor.EditorWindow:GetWindow (System.Type,bool,string,bool)
UnityEditor.EditorWindow:GetWindow<EdixorWindow> (bool,string,bool)
UnityEditor.EditorWindow:GetWindow<EdixorWindow> ()
EdixorSettings:OnEnable () (at Assets/Edixor/Scripts/UI/EdixorSetting.cs:19)

(Filename: Assets/Edixor/Scripts/UI/EdixorWindow/EdixorSetting.cs Line: 66)

HotKeyNames: Exit - Restart
UnityEngine.Debug:ExtractStackTraceNoAlloc (byte*,int,string)
UnityEngine.StackTraceUtility:ExtractStackTrace ()
UnityEngine.DebugLogHandler:Internal_Log (UnityEngine.LogType,UnityEngine.LogOption,string,UnityEngine.Object)
UnityEngine.DebugLogHandler:LogFormat (UnityEngine.LogType,UnityEngine.Object,string,object[])
UnityEngine.Logger:Log (UnityEngine.LogType,object)
UnityEngine.Debug:Log (object)
EdixorWindowSetting:InitializeData () (at Assets/Edixor/Scripts/UI/EdixorWindow/EdixorSetting.cs:67)
EdixorWindowSetting:EnsureInitialized () (at Assets/Edixor/Scripts/UI/EdixorWindow/EdixorSetting.cs:29)
EdixorWindowSetting:GetHotKeys () (at Assets/Edixor/Scripts/UI/EdixorWindow/EdixorSetting.cs:90)
EdixorWindow:InitializeSettings () (at Assets/Edixor/Scripts/UI/EdixorWindow/EdixorWIndow.cs:44)
EdixorWindow:OnEnable () (at Assets/Edixor/Scripts/UI/EdixorWindow/EdixorWIndow.cs:24)
UnityEngine.ScriptableObject:CreateScriptableObjectInstanceFromType (System.Type,bool)
UnityEngine.ScriptableObject:CreateInstance (System.Type)
UnityEditor.EditorWindow:GetWindowPrivate (System.Type,bool,string,bool,bool)
UnityEditor.EditorWindow:GetWindow (System.Type,bool,string,bool)
UnityEditor.EditorWindow:GetWindow<EdixorWindow> (bool,string,bool)
UnityEditor.EditorWindow:GetWindow<EdixorWindow> ()
EdixorSettings:OnEnable () (at Assets/Edixor/Scripts/UI/EdixorSetting.cs:19)

(Filename: Assets/Edixor/Scripts/UI/EdixorWindow/EdixorSetting.cs Line: 67)

HotKeyAction1: LeftShift - E
UnityEngine.Debug:ExtractStackTraceNoAlloc (byte*,int,string)
UnityEngine.StackTraceUtility:ExtractStackTrace ()
UnityEngine.DebugLogHandler:Internal_Log (UnityEngine.LogType,UnityEngine.LogOption,string,UnityEngine.Object)
UnityEngine.DebugLogHandler:LogFormat (UnityEngine.LogType,UnityEngine.Object,string,object[])
UnityEngine.Logger:Log (UnityEngine.LogType,object)
UnityEngine.Debug:Log (object)
EdixorWindowSetting:InitializeData () (at Assets/Edixor/Scripts/UI/EdixorWindow/EdixorSetting.cs:68)
EdixorWindowSetting:EnsureInitialized () (at Assets/Edixor/Scripts/UI/EdixorWindow/EdixorSetting.cs:29)
EdixorWindowSetting:GetHotKeys () (at Assets/Edixor/Scripts/UI/EdixorWindow/EdixorSetting.cs:90)
EdixorWindow:InitializeSettings () (at Assets/Edixor/Scripts/UI/EdixorWindow/EdixorWIndow.cs:44)
EdixorWindow:OnEnable () (at Assets/Edixor/Scripts/UI/EdixorWindow/EdixorWIndow.cs:24)
UnityEngine.ScriptableObject:CreateScriptableObjectInstanceFromType (System.Type,bool)
UnityEngine.ScriptableObject:CreateInstance (System.Type)
UnityEditor.EditorWindow:GetWindowPrivate (System.Type,bool,string,bool,bool)
UnityEditor.EditorWindow:GetWindow (System.Type,bool,string,bool)
UnityEditor.EditorWindow:GetWindow<EdixorWindow> (bool,string,bool)
UnityEditor.EditorWindow:GetWindow<EdixorWindow> ()
EdixorSettings:OnEnable () (at Assets/Edixor/Scripts/UI/EdixorSetting.cs:19)

(Filename: Assets/Edixor/Scripts/UI/EdixorWindow/EdixorSetting.cs Line: 68)

HotKeyAction2: LeftShift - R
UnityEngine.Debug:ExtractStackTraceNoAlloc (byte*,int,string)
UnityEngine.StackTraceUtility:ExtractStackTrace ()
UnityEngine.DebugLogHandler:Internal_Log (UnityEngine.LogType,UnityEngine.LogOption,string,UnityEngine.Object)
UnityEngine.DebugLogHandler:LogFormat (UnityEngine.LogType,UnityEngine.Object,string,object[])
UnityEngine.Logger:Log (UnityEngine.LogType,object)
UnityEngine.Debug:Log (object)
EdixorWindowSetting:InitializeData () (at Assets/Edixor/Scripts/UI/EdixorWindow/EdixorSetting.cs:69)
EdixorWindowSetting:EnsureInitialized () (at Assets/Edixor/Scripts/UI/EdixorWindow/EdixorSetting.cs:29)
EdixorWindowSetting:GetHotKeys () (at Assets/Edixor/Scripts/UI/EdixorWindow/EdixorSetting.cs:90)
EdixorWindow:InitializeSettings () (at Assets/Edixor/Scripts/UI/EdixorWindow/EdixorWIndow.cs:44)
EdixorWindow:OnEnable () (at Assets/Edixor/Scripts/UI/EdixorWindow/EdixorWIndow.cs:24)
UnityEngine.ScriptableObject:CreateScriptableObjectInstanceFromType (System.Type,bool)
UnityEngine.ScriptableObject:CreateInstance (System.Type)
UnityEditor.EditorWindow:GetWindowPrivate (System.Type,bool,string,bool,bool)
UnityEditor.EditorWindow:GetWindow (System.Type,bool,string,bool)
UnityEditor.EditorWindow:GetWindow<EdixorWindow> (bool,string,bool)
UnityEditor.EditorWindow:GetWindow<EdixorWindow> ()
EdixorSettings:OnEnable () (at Assets/Edixor/Scripts/UI/EdixorSetting.cs:19)

(Filename: Assets/Edixor/Scripts/UI/EdixorWindow/EdixorSetting.cs Line: 69)

Calls to "AssetDatabase.SaveAssets" are restricted during asset importing. 
UnityEngine.Debug:ExtractStackTraceNoAlloc (byte*,int,string)
UnityEngine.StackTraceUtility:ExtractStackTrace ()
EdixorWindowSetting:Save () (at Assets/Edixor/Scripts/UI/EdixorWindow/EdixorSetting.cs:182)
EdixorWindowSetting:InitializeData () (at Assets/Edixor/Scripts/UI/EdixorWindow/EdixorSetting.cs:71)
EdixorWindowSetting:EnsureInitialized () (at Assets/Edixor/Scripts/UI/EdixorWindow/EdixorSetting.cs:29)
EdixorWindowSetting:GetHotKeys () (at Assets/Edixor/Scripts/UI/EdixorWindow/EdixorSetting.cs:90)
EdixorWindow:InitializeSettings () (at Assets/Edixor/Scripts/UI/EdixorWindow/EdixorWIndow.cs:44)
EdixorWindow:OnEnable () (at Assets/Edixor/Scripts/UI/EdixorWindow/EdixorWIndow.cs:24)
UnityEngine.ScriptableObject:CreateScriptableObjectInstanceFromType (System.Type,bool)
UnityEngine.ScriptableObject:CreateInstance (System.Type)
UnityEditor.EditorWindow:GetWindowPrivate (System.Type,bool,string,bool,bool)
UnityEditor.EditorWindow:GetWindow (System.Type,bool,string,bool)
UnityEditor.EditorWindow:GetWindow<EdixorWindow> (bool,string,bool)
UnityEditor.EditorWindow:GetWindow<EdixorWindow> ()
EdixorSettings:OnEnable () (at Assets/Edixor/Scripts/UI/EdixorSetting.cs:19)

[Assets/Edixor/Scripts/UI/EdixorSetting.cs line 19]

UnityException: Calls to "AssetDatabase.SaveAssets" are restricted during asset importing. 
  at (wrapper managed-to-native) UnityEditor.AssetDatabase.SaveAssets()
  at EdixorWindowSetting.Save () [0x00019] in C:\Users\S\Documents\GitHub\Edixor\Edixor\Assets\Edixor\Scripts\UI\EdixorWindow\EdixorSetting.cs:182 
  at EdixorWindowSetting.InitializeData () [0x001d3] in C:\Users\S\Documents\GitHub\Edixor\Edixor\Assets\Edixor\Scripts\UI\EdixorWindow\EdixorSetting.cs:71 
  at EdixorWindowSetting.EnsureInitialized () [0x00008] in C:\Users\S\Documents\GitHub\Edixor\Edixor\Assets\Edixor\Scripts\UI\EdixorWindow\EdixorSetting.cs:29 
  at EdixorWindowSetting.GetHotKeys () [0x00000] in C:\Users\S\Documents\GitHub\Edixor\Edixor\Assets\Edixor\Scripts\UI\EdixorWindow\EdixorSetting.cs:90 
  at EdixorWindow.InitializeSettings () [0x0001f] in C:\Users\S\Documents\GitHub\Edixor\Edixor\Assets\Edixor\Scripts\UI\EdixorWindow\EdixorWIndow.cs:44 
  at EdixorWindow.OnEnable () [0x00011] in C:\Users\S\Documents\GitHub\Edixor\Edixor\Assets\Edixor\Scripts\UI\EdixorWindow\EdixorWIndow.cs:24 
UnityEngine.ScriptableObject:CreateScriptableObjectInstanceFromType_Injected(Type, Boolean)
UnityEngine.ScriptableObject:CreateScriptableObjectInstanceFromType(Type, Boolean)
UnityEngine.ScriptableObject:CreateInstance(Type)
UnityEditor.EditorWindow:GetWindowPrivate(Type, Boolean, String, Boolean, Boolean)
UnityEditor.EditorWindow:GetWindow(Type, Boolean, String, Boolean)
UnityEditor.EditorWindow:GetWindow(Boolean, String, Boolean)
UnityEditor.EditorWindow:GetWindow()
EdixorSettings:OnEnable() (at Assets\Edixor\Scripts\UI\EdixorSetting.cs:19)

(Filename: Assets/Edixor/Scripts/UI/EdixorWindow/EdixorSetting.cs Line: 182)

[MODES] ModeService[none].Initialize
[MODES] ModeService[none].LoadModes
[MODES] Loading mode Default (0) for mode-current-id-Edixor
<RI> Initialized touch support.
<RI> Initializing input.
New input system (experimental) initialized
Using Windows.Gaming.Input
XInput1_3.dll not found. Trying XInput9_1_0.dll instead...
<RI> Input initialized.
 -> (artifact id: '91fe64e169150c33d4bb5b16835f9dc0') in 0.8427486 seconds
Number of updated asset objects reloaded before import = 0Number of asset objects unloaded after import = 1

========================================================================
Received Prepare
Refreshing native plugins compatible for Editor in 5.58 ms, found 4 plugins.
Preloading 0 native plugins for Editor in 0.00 ms.
Unloading 0 Unused Serialized files (Serialized files now loaded: 0)
Unloading 4740 unused Assets / (131.0 KB). Loaded Objects now: 5253.
Memory consumption went from 164.5 MB to 164.4 MB.
Total: 42.535200 ms (FindLiveObjects: 3.191400 ms CreateObjectMapping: 1.382900 ms MarkObjects: 33.598100 ms  DeleteObjects: 4.352500 ms)

Prepare: number of updated asset objects reloaded= 0
========================================================================
Received Prepare
Begin MonoManager ReloadAssembly
- Loaded All Assemblies, in  3.301 seconds
Refreshing native plugins compatible for Editor in 4.90 ms, found 4 plugins.
Native extension for Android target not found
Native extension for WindowsStandalone target not found
Native extension for WebGL target not found
[MODES] ModeService[none].Initialize
[MODES] ModeService[none].LoadModes
<RI> Initialized touch support.
Зарегистрированные классы:
UnityEngine.Debug:ExtractStackTraceNoAlloc (byte*,int,string)
UnityEngine.StackTraceUtility:ExtractStackTrace ()
UnityEngine.DebugLogHandler:Internal_Log (UnityEngine.LogType,UnityEngine.LogOption,string,UnityEngine.Object)
UnityEngine.DebugLogHandler:LogFormat (UnityEngine.LogType,UnityEngine.Object,string,object[])
UnityEngine.Logger:Log (UnityEngine.LogType,object)
UnityEngine.Debug:Log (object)
Factory`2<EdixorDesign, EdixorWindow>:RegisterAll (EdixorWindow) (at Assets/Edixor/Scripts/Patterns/Factory.cs:56)
EdixorWindowSetting:InitializeData () (at Assets/Edixor/Scripts/UI/EdixorWindow/EdixorSetting.cs:60)
EdixorWindowSetting:EnsureInitialized () (at Assets/Edixor/Scripts/UI/EdixorWindow/EdixorSetting.cs:29)
EdixorWindowSetting:GetHotKeys () (at Assets/Edixor/Scripts/UI/EdixorWindow/EdixorSetting.cs:90)
EdixorWindow:InitializeSettings () (at Assets/Edixor/Scripts/UI/EdixorWindow/EdixorWIndow.cs:43)
EdixorWindow:OnEnable () (at Assets/Edixor/Scripts/UI/EdixorWindow/EdixorWIndow.cs:22)

(Filename: Assets/Edixor/Scripts/Patterns/Factory.cs Line: 56)

Assets/Edixor/Scripts/UI/Design/Standart/StandartDesign.cs
UnityEngine.Debug:ExtractStackTraceNoAlloc (byte*,int,string)
UnityEngine.StackTraceUtility:ExtractStackTrace ()
UnityEngine.DebugLogHandler:Internal_Log (UnityEngine.LogType,UnityEngine.LogOption,string,UnityEngine.Object)
UnityEngine.DebugLogHandler:LogFormat (UnityEngine.LogType,UnityEngine.Object,string,object[])
UnityEngine.Logger:Log (UnityEngine.LogType,object)
UnityEngine.Debug:Log (object)
Factory`2<EdixorDesign, EdixorWindow>:RegisterAll (EdixorWindow) (at Assets/Edixor/Scripts/Patterns/Factory.cs:59)
EdixorWindowSetting:InitializeData () (at Assets/Edixor/Scripts/UI/EdixorWindow/EdixorSetting.cs:60)
EdixorWindowSetting:EnsureInitialized () (at Assets/Edixor/Scripts/UI/EdixorWindow/EdixorSetting.cs:29)
EdixorWindowSetting:GetHotKeys () (at Assets/Edixor/Scripts/UI/EdixorWindow/EdixorSetting.cs:90)
EdixorWindow:InitializeSettings () (at Assets/Edixor/Scripts/UI/EdixorWindow/EdixorWIndow.cs:43)
EdixorWindow:OnEnable () (at Assets/Edixor/Scripts/UI/EdixorWindow/EdixorWIndow.cs:22)

(Filename: Assets/Edixor/Scripts/Patterns/Factory.cs Line: 59)

Assets/Edixor/Scripts/UI/Design/Inverted/Inverted.cs
UnityEngine.Debug:ExtractStackTraceNoAlloc (byte*,int,string)
UnityEngine.StackTraceUtility:ExtractStackTrace ()
UnityEngine.DebugLogHandler:Internal_Log (UnityEngine.LogType,UnityEngine.LogOption,string,UnityEngine.Object)
UnityEngine.DebugLogHandler:LogFormat (UnityEngine.LogType,UnityEngine.Object,string,object[])
UnityEngine.Logger:Log (UnityEngine.LogType,object)
UnityEngine.Debug:Log (object)
Factory`2<EdixorDesign, EdixorWindow>:RegisterAll (EdixorWindow) (at Assets/Edixor/Scripts/Patterns/Factory.cs:59)
EdixorWindowSetting:InitializeData () (at Assets/Edixor/Scripts/UI/EdixorWindow/EdixorSetting.cs:60)
EdixorWindowSetting:EnsureInitialized () (at Assets/Edixor/Scripts/UI/EdixorWindow/EdixorSetting.cs:29)
EdixorWindowSetting:GetHotKeys () (at Assets/Edixor/Scripts/UI/EdixorWindow/EdixorSetting.cs:90)
EdixorWindow:InitializeSettings () (at Assets/Edixor/Scripts/UI/EdixorWindow/EdixorWIndow.cs:43)
EdixorWindow:OnEnable () (at Assets/Edixor/Scripts/UI/EdixorWindow/EdixorWIndow.cs:22)

(Filename: Assets/Edixor/Scripts/Patterns/Factory.cs Line: 59)

HotKeys: 2
UnityEngine.Debug:ExtractStackTraceNoAlloc (byte*,int,string)
UnityEngine.StackTraceUtility:ExtractStackTrace ()
UnityEngine.DebugLogHandler:Internal_Log (UnityEngine.LogType,UnityEngine.LogOption,string,UnityEngine.Object)
UnityEngine.DebugLogHandler:LogFormat (UnityEngine.LogType,UnityEngine.Object,string,object[])
UnityEngine.Logger:Log (UnityEngine.LogType,object)
UnityEngine.Debug:Log (object)
EdixorWindowSetting:InitializeData () (at Assets/Edixor/Scripts/UI/EdixorWindow/EdixorSetting.cs:66)
EdixorWindowSetting:EnsureInitialized () (at Assets/Edixor/Scripts/UI/EdixorWindow/EdixorSetting.cs:29)
EdixorWindowSetting:GetHotKeys () (at Assets/Edixor/Scripts/UI/EdixorWindow/EdixorSetting.cs:90)
EdixorWindow:InitializeSettings () (at Assets/Edixor/Scripts/UI/EdixorWindow/EdixorWIndow.cs:43)
EdixorWindow:OnEnable () (at Assets/Edixor/Scripts/UI/EdixorWindow/EdixorWIndow.cs:22)

(Filename: Assets/Edixor/Scripts/UI/EdixorWindow/EdixorSetting.cs Line: 66)

HotKeyNames: Exit - Restart
UnityEngine.Debug:ExtractStackTraceNoAlloc (byte*,int,string)
UnityEngine.StackTraceUtility:ExtractStackTrace ()
UnityEngine.DebugLogHandler:Internal_Log (UnityEngine.LogType,UnityEngine.LogOption,string,UnityEngine.Object)
UnityEngine.DebugLogHandler:LogFormat (UnityEngine.LogType,UnityEngine.Object,string,object[])
UnityEngine.Logger:Log (UnityEngine.LogType,object)
UnityEngine.Debug:Log (object)
EdixorWindowSetting:InitializeData () (at Assets/Edixor/Scripts/UI/EdixorWindow/EdixorSetting.cs:67)
EdixorWindowSetting:EnsureInitialized () (at Assets/Edixor/Scripts/UI/EdixorWindow/EdixorSetting.cs:29)
EdixorWindowSetting:GetHotKeys () (at Assets/Edixor/Scripts/UI/EdixorWindow/EdixorSetting.cs:90)
EdixorWindow:InitializeSettings () (at Assets/Edixor/Scripts/UI/EdixorWindow/EdixorWIndow.cs:43)
EdixorWindow:OnEnable () (at Assets/Edixor/Scripts/UI/EdixorWindow/EdixorWIndow.cs:22)

(Filename: Assets/Edixor/Scripts/UI/EdixorWindow/EdixorSetting.cs Line: 67)

HotKeyAction1: LeftShift - E
UnityEngine.Debug:ExtractStackTraceNoAlloc (byte*,int,string)
UnityEngine.StackTraceUtility:ExtractStackTrace ()
UnityEngine.DebugLogHandler:Internal_Log (UnityEngine.LogType,UnityEngine.LogOption,string,UnityEngine.Object)
UnityEngine.DebugLogHandler:LogFormat (UnityEngine.LogType,UnityEngine.Object,string,object[])
UnityEngine.Logger:Log (UnityEngine.LogType,object)
UnityEngine.Debug:Log (object)
EdixorWindowSetting:InitializeData () (at Assets/Edixor/Scripts/UI/EdixorWindow/EdixorSetting.cs:68)
EdixorWindowSetting:EnsureInitialized () (at Assets/Edixor/Scripts/UI/EdixorWindow/EdixorSetting.cs:29)
EdixorWindowSetting:GetHotKeys () (at Assets/Edixor/Scripts/UI/EdixorWindow/EdixorSetting.cs:90)
EdixorWindow:InitializeSettings () (at Assets/Edixor/Scripts/UI/EdixorWindow/EdixorWIndow.cs:43)
EdixorWindow:OnEnable () (at Assets/Edixor/Scripts/UI/EdixorWindow/EdixorWIndow.cs:22)

(Filename: Assets/Edixor/Scripts/UI/EdixorWindow/EdixorSetting.cs Line: 68)

HotKeyAction2: LeftShift - R
UnityEngine.Debug:ExtractStackTraceNoAlloc (byte*,int,string)
UnityEngine.StackTraceUtility:ExtractStackTrace ()
UnityEngine.DebugLogHandler:Internal_Log (UnityEngine.LogType,UnityEngine.LogOption,string,UnityEngine.Object)
UnityEngine.DebugLogHandler:LogFormat (UnityEngine.LogType,UnityEngine.Object,string,object[])
UnityEngine.Logger:Log (UnityEngine.LogType,object)
UnityEngine.Debug:Log (object)
EdixorWindowSetting:InitializeData () (at Assets/Edixor/Scripts/UI/EdixorWindow/EdixorSetting.cs:69)
EdixorWindowSetting:EnsureInitialized () (at Assets/Edixor/Scripts/UI/EdixorWindow/EdixorSetting.cs:29)
EdixorWindowSetting:GetHotKeys () (at Assets/Edixor/Scripts/UI/EdixorWindow/EdixorSetting.cs:90)
EdixorWindow:InitializeSettings () (at Assets/Edixor/Scripts/UI/EdixorWindow/EdixorWIndow.cs:43)
EdixorWindow:OnEnable () (at Assets/Edixor/Scripts/UI/EdixorWindow/EdixorWIndow.cs:22)

(Filename: Assets/Edixor/Scripts/UI/EdixorWindow/EdixorSetting.cs Line: 69)

Assertion failed on expression: '!AssetDatabase::IsAssetImportWorkerProcess()'
UnityEngine.Debug:ExtractStackTraceNoAlloc (byte*,int,string)
UnityEngine.StackTraceUtility:ExtractStackTrace ()
EdixorWindowSetting:Save () (at Assets/Edixor/Scripts/UI/EdixorWindow/EdixorSetting.cs:182)
EdixorWindowSetting:InitializeData () (at Assets/Edixor/Scripts/UI/EdixorWindow/EdixorSetting.cs:71)
EdixorWindowSetting:EnsureInitialized () (at Assets/Edixor/Scripts/UI/EdixorWindow/EdixorSetting.cs:29)
EdixorWindowSetting:GetHotKeys () (at Assets/Edixor/Scripts/UI/EdixorWindow/EdixorSetting.cs:90)
EdixorWindow:InitializeSettings () (at Assets/Edixor/Scripts/UI/EdixorWindow/EdixorWIndow.cs:43)
EdixorWindow:OnEnable () (at Assets/Edixor/Scripts/UI/EdixorWindow/EdixorWIndow.cs:22)

[Assets/Edixor/Scripts/UI/EdixorWindow/EdixorSetting.cs line 182]

Refresh completed but there are assets queued up for importing. Check for code that modifies assets which gets called after OnPostProcessAllAssets. Additional details in Log file
UnityEngine.Debug:ExtractStackTraceNoAlloc (byte*,int,string)
UnityEngine.StackTraceUtility:ExtractStackTrace ()
EdixorWindowSetting:Save () (at Assets/Edixor/Scripts/UI/EdixorWindow/EdixorSetting.cs:182)
EdixorWindowSetting:InitializeData () (at Assets/Edixor/Scripts/UI/EdixorWindow/EdixorSetting.cs:71)
EdixorWindowSetting:EnsureInitialized () (at Assets/Edixor/Scripts/UI/EdixorWindow/EdixorSetting.cs:29)
EdixorWindowSetting:GetHotKeys () (at Assets/Edixor/Scripts/UI/EdixorWindow/EdixorSetting.cs:90)
EdixorWindow:InitializeSettings () (at Assets/Edixor/Scripts/UI/EdixorWindow/EdixorWIndow.cs:43)
EdixorWindow:OnEnable () (at Assets/Edixor/Scripts/UI/EdixorWindow/EdixorWIndow.cs:22)

[Assets/Edixor/Scripts/UI/EdixorWindow/EdixorSetting.cs line 182]

Assets queued for import after Refresh completed:
	Assets/Edixor/Scripts/UI/EdixorWindow/EdixorSettings.asset
Asset Pipeline Refresh (id=2c7c907fb62873b48827c0917b38ed47): Total: 0.005 seconds - Initiated by StopAssetImportingV2(NoUpdateAssetOptions)
Assertion failed on expression: 'm_Ptr'
UnityEngine.Debug:ExtractStackTraceNoAlloc (byte*,int,string)
UnityEngine.StackTraceUtility:ExtractStackTrace ()
EdixorWindowSetting:Save () (at Assets/Edixor/Scripts/UI/EdixorWindow/EdixorSetting.cs:182)
EdixorWindowSetting:InitializeData () (at Assets/Edixor/Scripts/UI/EdixorWindow/EdixorSetting.cs:71)
EdixorWindowSetting:EnsureInitialized () (at Assets/Edixor/Scripts/UI/EdixorWindow/EdixorSetting.cs:29)
EdixorWindowSetting:GetHotKeys () (at Assets/Edixor/Scripts/UI/EdixorWindow/EdixorSetting.cs:90)
EdixorWindow:InitializeSettings () (at Assets/Edixor/Scripts/UI/EdixorWindow/EdixorWIndow.cs:43)
EdixorWindow:OnEnable () (at Assets/Edixor/Scripts/UI/EdixorWindow/EdixorWIndow.cs:22)

[Assets/Edixor/Scripts/UI/EdixorWindow/EdixorSetting.cs line 182]

False - aaa
UnityEngine.Debug:ExtractStackTraceNoAlloc (byte*,int,string)
UnityEngine.StackTraceUtility:ExtractStackTrace ()
UnityEngine.DebugLogHandler:Internal_Log (UnityEngine.LogType,UnityEngine.LogOption,string,UnityEngine.Object)
UnityEngine.DebugLogHandler:LogFormat (UnityEngine.LogType,UnityEngine.Object,string,object[])
UnityEngine.Logger:Log (UnityEngine.LogType,object)
UnityEngine.Debug:Log (object)
EdixorUIManager:LoadUI () (at Assets/Edixor/Scripts/UI/EdixorWindow/EdixorUIManager.cs:24)
EdixorWindow:InitializeUI () (at Assets/Edixor/Scripts/UI/EdixorWindow/EdixorWIndow.cs:55)
EdixorWindow:OnEnable () (at Assets/Edixor/Scripts/UI/EdixorWindow/EdixorWIndow.cs:23)

(Filename: Assets/Edixor/Scripts/UI/EdixorWindow/EdixorUIManager.cs Line: 24)

NewTab UI has been successfully removed from the parent container.
UnityEngine.Debug:ExtractStackTraceNoAlloc (byte*,int,string)
UnityEngine.StackTraceUtility:ExtractStackTrace ()
UnityEngine.DebugLogHandler:Internal_Log (UnityEngine.LogType,UnityEngine.LogOption,string,UnityEngine.Object)
UnityEngine.DebugLogHandler:LogFormat (UnityEngine.LogType,UnityEngine.Object,string,object[])
UnityEngine.Logger:Log (UnityEngine.LogType,object)
UnityEngine.Debug:Log (object)
EdixorTab:DeleteUI () (at Assets/Edixor/Scripts/UI/EdixorTab/EdixorTab.cs:59)
EdixorUIManager:SwitchTab (int) (at Assets/Edixor/Scripts/UI/EdixorWindow/EdixorUIManager.cs:74)
EdixorUIManager:AddTab (EdixorTab) (at Assets/Edixor/Scripts/UI/EdixorWindow/EdixorUIManager.cs:70)
EdixorUIManager:LoadUI () (at Assets/Edixor/Scripts/UI/EdixorWindow/EdixorUIManager.cs:29)
EdixorWindow:InitializeUI () (at Assets/Edixor/Scripts/UI/EdixorWindow/EdixorWIndow.cs:55)
EdixorWindow:OnEnable () (at Assets/Edixor/Scripts/UI/EdixorWindow/EdixorWIndow.cs:23)

(Filename: Assets/Edixor/Scripts/UI/EdixorTab/EdixorTab.cs Line: 59)

Mono: successfully reloaded assembly
- Finished resetting the current domain, in  9.492 seconds
Domain Reload Profiling: 12789ms
	BeginReloadAssembly (1248ms)
		ExecutionOrderSort (0ms)
		DisableScriptedObjects (127ms)
		BackupInstance (0ms)
		ReleaseScriptingObjects (1ms)
		CreateAndSetChildDomain (157ms)
	RebuildCommonClasses (147ms)
	RebuildNativeTypeToScriptingClass (43ms)
	initialDomainReloadingComplete (99ms)
	LoadAllAssembliesAndSetupDomain (1757ms)
		LoadAssemblies (1838ms)
		RebuildTransferFunctionScriptingTraits (0ms)
		AnalyzeDomain (573ms)
			TypeCache.Refresh (30ms)
				TypeCache.ScanAssembly (2ms)
			BuildScriptInfoCaches (506ms)
			ResolveRequiredComponents (25ms)
	FinalizeReload (9495ms)
		ReleaseScriptCaches (0ms)
		RebuildScriptCaches (0ms)
		SetupLoadedEditorAssemblies (7626ms)
			LogAssemblyErrors (0ms)
			InitializePlatformSupportModulesInManaged (89ms)
			SetLoadedEditorAssemblies (5380ms)
			BeforeProcessingInitializeOnLoad (227ms)
			ProcessInitializeOnLoadAttributes (1763ms)
			ProcessInitializeOnLoadMethodAttributes (145ms)
			AfterProcessingInitializeOnLoad (21ms)
			EditorAssembliesLoaded (2ms)
		ExecutionOrderSort2 (0ms)
		AwakeInstancesAfterBackupRestoration (1206ms)
Refreshing native plugins compatible for Editor in 3.76 ms, found 4 plugins.
Preloading 0 native plugins for Editor in 0.00 ms.
Unloading 7 Unused Serialized files (Serialized files now loaded: 0)
Unloading 4751 unused Assets / (0.9 MB). Loaded Objects now: 5270.
Memory consumption went from 168.8 MB to 167.9 MB.
Total: 37.420800 ms (FindLiveObjects: 1.717700 ms CreateObjectMapping: 1.206200 ms MarkObjects: 30.381100 ms  DeleteObjects: 4.108000 ms)

Prepare: number of updated asset objects reloaded= 0
========================================================================
Received Prepare
Refreshing native plugins compatible for Editor in 4.15 ms, found 4 plugins.
Preloading 0 native plugins for Editor in 0.00 ms.
Unloading 0 Unused Serialized files (Serialized files now loaded: 0)
Unloading 4740 unused Assets / (0.9 MB). Loaded Objects now: 5270.
Memory consumption went from 168.2 MB to 167.3 MB.
Total: 23.617700 ms (FindLiveObjects: 1.778600 ms CreateObjectMapping: 1.370500 ms MarkObjects: 16.778200 ms  DeleteObjects: 3.682600 ms)

Prepare: number of updated asset objects reloaded= 0
========================================================================
Received Prepare
Refreshing native plugins compatible for Editor in 5.37 ms, found 4 plugins.
Preloading 0 native plugins for Editor in 0.00 ms.
Unloading 0 Unused Serialized files (Serialized files now loaded: 0)
Unloading 4740 unused Assets / (131.0 KB). Loaded Objects now: 5270.
Memory consumption went from 168.2 MB to 168.1 MB.
Total: 98.960700 ms (FindLiveObjects: 1.694000 ms CreateObjectMapping: 3.692600 ms MarkObjects: 88.535600 ms  DeleteObjects: 5.028500 ms)

Prepare: number of updated asset objects reloaded= 0
========================================================================
Received Import Request.
  Time since last request: 619.209283 seconds.
  path: Assets/Edixor/Scripts/UI/EdixorWindow/EdixorSettings.asset
  artifactKey: Guid(b379006ce784c5141b99b1e7af0b62fa) Importer(815301076,1909f56bfc062723c751e8b465ee728b)
Start importing Assets/Edixor/Scripts/UI/EdixorWindow/EdixorSettings.asset using Guid(b379006ce784c5141b99b1e7af0b62fa) Importer(815301076,1909f56bfc062723c751e8b465ee728b) (PreviewImporter) -> (artifact id: 'bb04a22b939af02049bdf9a04124acf0') in 0.0159848 seconds
Number of updated asset objects reloaded before import = 0Number of asset objects unloaded after import = 0

========================================================================
Received Prepare
Begin MonoManager ReloadAssembly
- Loaded All Assemblies, in  7.204 seconds
Refreshing native plugins compatible for Editor in 9.33 ms, found 4 plugins.
The list of [SerializeReference] objects being deserialized is from a more recent version of Unity. This is not supported and objects will be skipped.
A scripted class has a different serialization layout when loading. (Read 44 bytes but expected 368 bytes)
Did you change any of your scripts when entering playmode?
Native extension for Android target not found
Native extension for WindowsStandalone target not found
Native extension for WebGL target not found
[MODES] ModeService[none].Initialize
[MODES] ModeService[none].LoadModes
Settings not found, creating new default settings.
UnityEngine.Debug:ExtractStackTraceNoAlloc (byte*,int,string)
UnityEngine.StackTraceUtility:ExtractStackTrace ()
UnityEngine.DebugLogHandler:Internal_Log (UnityEngine.LogType,UnityEngine.LogOption,string,UnityEngine.Object)
UnityEngine.DebugLogHandler:LogFormat (UnityEngine.LogType,UnityEngine.Object,string,object[])
UnityEngine.Logger:Log (UnityEngine.LogType,object)
UnityEngine.Debug:LogWarning (object)
EdixorWindowSetting:Load () (at Assets/Edixor/Scripts/UI/EdixorWindow/EdixorSetting.cs:170)
EdixorWindowSetting:.ctor (EdixorWindow) (at Assets/Edixor/Scripts/UI/EdixorWindow/EdixorSetting.cs:22)
EdixorWindow:InitializeSettings () (at Assets/Edixor/Scripts/UI/EdixorWindow/EdixorWIndow.cs:38)
EdixorWindow:OnEnable () (at Assets/Edixor/Scripts/UI/EdixorWindow/EdixorWIndow.cs:22)

(Filename: Assets/Edixor/Scripts/UI/EdixorWindow/EdixorSetting.cs Line: 170)

CreateSerializedAsset is not supported while importing out-of-process
UnityEngine.Debug:ExtractStackTraceNoAlloc (byte*,int,string)
UnityEngine.StackTraceUtility:ExtractStackTrace ()
UnityEditor.AssetDatabase:CreateAsset (UnityEngine.Object,string)
EdixorWindowSetting:Load () (at Assets/Edixor/Scripts/UI/EdixorWindow/EdixorSetting.cs:172)
EdixorWindowSetting:.ctor (EdixorWindow) (at Assets/Edixor/Scripts/UI/EdixorWindow/EdixorSetting.cs:22)
EdixorWindow:InitializeSettings () (at Assets/Edixor/Scripts/UI/EdixorWindow/EdixorWIndow.cs:38)
EdixorWindow:OnEnable () (at Assets/Edixor/Scripts/UI/EdixorWindow/EdixorWIndow.cs:22)

[Assets/Edixor/Scripts/UI/EdixorWindow/EdixorSetting.cs line 172]

UnityException: Creating asset at path Assets/Edixor/Scripts/UI/EdixorWindow/EdixorSettings.asset failed.
  at (wrapper managed-to-native) UnityEditor.AssetDatabase.CreateAsset_Injected(intptr,UnityEngine.Bindings.ManagedSpanWrapper&)
  at UnityEditor.AssetDatabase.CreateAsset (UnityEngine.Object asset, System.String path) [0x0004d] in <20f98a04ac634cc8bf5f95425bb19bb9>:0 
  at EdixorWindowSetting.Load () [0x00033] in C:\Users\S\Documents\GitHub\Edixor\Edixor\Assets\Edixor\Scripts\UI\EdixorWindow\EdixorSetting.cs:172 
  at EdixorWindowSetting..ctor (EdixorWindow context) [0x0000d] in C:\Users\S\Documents\GitHub\Edixor\Edixor\Assets\Edixor\Scripts\UI\EdixorWindow\EdixorSetting.cs:22 
  at EdixorWindow.InitializeSettings () [0x00008] in C:\Users\S\Documents\GitHub\Edixor\Edixor\Assets\Edixor\Scripts\UI\EdixorWindow\EdixorWIndow.cs:38 
  at EdixorWindow.OnEnable () [0x00011] in C:\Users\S\Documents\GitHub\Edixor\Edixor\Assets\Edixor\Scripts\UI\EdixorWindow\EdixorWIndow.cs:22 

(Filename: Assets/Edixor/Scripts/UI/EdixorWindow/EdixorSetting.cs Line: 172)

NullReferenceException: Object reference not set to an instance of an object
  at EdixorSettings.OnEnable () [0x00025] in C:\Users\S\Documents\GitHub\Edixor\Edixor\Assets\Edixor\Scripts\UI\EdixorSetting.cs:25 

(Filename: Assets/Edixor/Scripts/UI/EdixorSetting.cs Line: 25)

Mono: successfully reloaded assembly
- Finished resetting the current domain, in  7.154 seconds
Domain Reload Profiling: 14349ms
	BeginReloadAssembly (1845ms)
		ExecutionOrderSort (0ms)
		DisableScriptedObjects (223ms)
		BackupInstance (0ms)
		ReleaseScriptingObjects (0ms)
		CreateAndSetChildDomain (367ms)
	RebuildCommonClasses (290ms)
	RebuildNativeTypeToScriptingClass (105ms)
	initialDomainReloadingComplete (231ms)
	LoadAllAssembliesAndSetupDomain (4723ms)
		LoadAssemblies (4097ms)
		RebuildTransferFunctionScriptingTraits (0ms)
		AnalyzeDomain (1600ms)
			TypeCache.Refresh (74ms)
				TypeCache.ScanAssembly (4ms)
			BuildScriptInfoCaches (1458ms)
			ResolveRequiredComponents (54ms)
	FinalizeReload (7155ms)
		ReleaseScriptCaches (0ms)
		RebuildScriptCaches (0ms)
		SetupLoadedEditorAssemblies (5030ms)
			LogAssemblyErrors (0ms)
			InitializePlatformSupportModulesInManaged (95ms)
			SetLoadedEditorAssemblies (43ms)
			BeforeProcessingInitializeOnLoad (601ms)
			ProcessInitializeOnLoadAttributes (4129ms)
			ProcessInitializeOnLoadMethodAttributes (140ms)
			AfterProcessingInitializeOnLoad (22ms)
			EditorAssembliesLoaded (1ms)
		ExecutionOrderSort2 (0ms)
		AwakeInstancesAfterBackupRestoration (445ms)
Refreshing native plugins compatible for Editor in 7.39 ms, found 4 plugins.
Preloading 0 native plugins for Editor in 0.00 ms.
Unloading 0 Unused Serialized files (Serialized files now loaded: 0)
Unloading 4761 unused Assets / (0.8 MB). Loaded Objects now: 5263.
Memory consumption went from 168.0 MB to 167.2 MB.
Total: 56.713100 ms (FindLiveObjects: 3.521900 ms CreateObjectMapping: 5.223100 ms MarkObjects: 36.180600 ms  DeleteObjects: 11.779400 ms)

Prepare: number of updated asset objects reloaded= 0
========================================================================
Received Import Request.
  Time since last request: 44.580253 seconds.
  path: Assets/Edixor/Scripts/UI/EdixorWindow/EdixorSettings.asset
  artifactKey: Guid(b379006ce784c5141b99b1e7af0b62fa) Importer(815301076,1909f56bfc062723c751e8b465ee728b)
Start importing Assets/Edixor/Scripts/UI/EdixorWindow/EdixorSettings.asset using Guid(b379006ce784c5141b99b1e7af0b62fa) Importer(815301076,1909f56bfc062723c751e8b465ee728b) (PreviewImporter) -> (artifact id: '41c4d6ed77fe821ac8900fed2ff6abd6') in 0.0105377 seconds
Number of updated asset objects reloaded before import = 0Number of asset objects unloaded after import = 0

========================================================================
Received Import Request.
  Time since last request: 8.065532 seconds.
  path: Assets/Edixor/Scripts/UI/EdixorWindow/EdixorSettings.asset
  artifactKey: Guid(b379006ce784c5141b99b1e7af0b62fa) Importer(815301076,1909f56bfc062723c751e8b465ee728b)
Start importing Assets/Edixor/Scripts/UI/EdixorWindow/EdixorSettings.asset using Guid(b379006ce784c5141b99b1e7af0b62fa) Importer(815301076,1909f56bfc062723c751e8b465ee728b) (PreviewImporter) -> (artifact id: '41c4d6ed77fe821ac8900fed2ff6abd6') in 0.0016637 seconds
Number of updated asset objects reloaded before import = 0Number of asset objects unloaded after import = 0

========================================================================
Received Import Request.
  Time since last request: 8.085149 seconds.
  path: Assets/Edixor/Scripts/UI/EdixorWindow/EdixorSettings.asset
  artifactKey: Guid(b379006ce784c5141b99b1e7af0b62fa) Importer(815301076,1909f56bfc062723c751e8b465ee728b)
Start importing Assets/Edixor/Scripts/UI/EdixorWindow/EdixorSettings.asset using Guid(b379006ce784c5141b99b1e7af0b62fa) Importer(815301076,1909f56bfc062723c751e8b465ee728b) (PreviewImporter) -> (artifact id: '41c4d6ed77fe821ac8900fed2ff6abd6') in 0.0020849 seconds
Number of updated asset objects reloaded before import = 0Number of asset objects unloaded after import = 0

========================================================================
Received Import Request.
  Time since last request: 3.207827 seconds.
  path: Assets/Edixor/Scripts/UI/EdixorWindow/EdixorSettings.asset
  artifactKey: Guid(b379006ce784c5141b99b1e7af0b62fa) Importer(815301076,1909f56bfc062723c751e8b465ee728b)
Start importing Assets/Edixor/Scripts/UI/EdixorWindow/EdixorSettings.asset using Guid(b379006ce784c5141b99b1e7af0b62fa) Importer(815301076,1909f56bfc062723c751e8b465ee728b) (PreviewImporter) -> (artifact id: '41c4d6ed77fe821ac8900fed2ff6abd6') in 0.0053403 seconds
Number of updated asset objects reloaded before import = 0Number of asset objects unloaded after import = 0

========================================================================
Received Import Request.
  Time since last request: 1.382170 seconds.
  path: Assets/Edixor/Scripts/UI/EdixorWindow/EdixorSettings.asset
  artifactKey: Guid(b379006ce784c5141b99b1e7af0b62fa) Importer(815301076,1909f56bfc062723c751e8b465ee728b)
Start importing Assets/Edixor/Scripts/UI/EdixorWindow/EdixorSettings.asset using Guid(b379006ce784c5141b99b1e7af0b62fa) Importer(815301076,1909f56bfc062723c751e8b465ee728b) (PreviewImporter) -> (artifact id: '41c4d6ed77fe821ac8900fed2ff6abd6') in 0.0024881 seconds
Number of updated asset objects reloaded before import = 0Number of asset objects unloaded after import = 0

========================================================================
Received Import Request.
  Time since last request: 0.703146 seconds.
  path: Assets/Edixor/Scripts/UI/EdixorWindow/EdixorSettings.asset
  artifactKey: Guid(b379006ce784c5141b99b1e7af0b62fa) Importer(815301076,1909f56bfc062723c751e8b465ee728b)
Start importing Assets/Edixor/Scripts/UI/EdixorWindow/EdixorSettings.asset using Guid(b379006ce784c5141b99b1e7af0b62fa) Importer(815301076,1909f56bfc062723c751e8b465ee728b) (PreviewImporter) -> (artifact id: '41c4d6ed77fe821ac8900fed2ff6abd6') in 0.0015163 seconds
Number of updated asset objects reloaded before import = 0Number of asset objects unloaded after import = 0

========================================================================
Received Import Request.
  Time since last request: 0.795860 seconds.
  path: Assets/Edixor/Scripts/UI/EdixorWindow/EdixorSettings.asset
  artifactKey: Guid(b379006ce784c5141b99b1e7af0b62fa) Importer(815301076,1909f56bfc062723c751e8b465ee728b)
Start importing Assets/Edixor/Scripts/UI/EdixorWindow/EdixorSettings.asset using Guid(b379006ce784c5141b99b1e7af0b62fa) Importer(815301076,1909f56bfc062723c751e8b465ee728b) (PreviewImporter) -> (artifact id: '41c4d6ed77fe821ac8900fed2ff6abd6') in 0.0041308 seconds
Number of updated asset objects reloaded before import = 0Number of asset objects unloaded after import = 0

========================================================================
Received Import Request.
  Time since last request: 2.725349 seconds.
  path: Assets/Edixor/Scripts/UI/EdixorWindow/EdixorSettings.asset
  artifactKey: Guid(b379006ce784c5141b99b1e7af0b62fa) Importer(815301076,1909f56bfc062723c751e8b465ee728b)
Start importing Assets/Edixor/Scripts/UI/EdixorWindow/EdixorSettings.asset using Guid(b379006ce784c5141b99b1e7af0b62fa) Importer(815301076,1909f56bfc062723c751e8b465ee728b) (PreviewImporter) -> (artifact id: '41c4d6ed77fe821ac8900fed2ff6abd6') in 0.0019544 seconds
Number of updated asset objects reloaded before import = 0Number of asset objects unloaded after import = 0

========================================================================
Received Import Request.
  Time since last request: 4.028200 seconds.
  path: Assets/Edixor/Scripts/UI/EdixorWindow/EdixorSettings.asset
  artifactKey: Guid(b379006ce784c5141b99b1e7af0b62fa) Importer(815301076,1909f56bfc062723c751e8b465ee728b)
Start importing Assets/Edixor/Scripts/UI/EdixorWindow/EdixorSettings.asset using Guid(b379006ce784c5141b99b1e7af0b62fa) Importer(815301076,1909f56bfc062723c751e8b465ee728b) (PreviewImporter) -> (artifact id: '41c4d6ed77fe821ac8900fed2ff6abd6') in 0.003241 seconds
Number of updated asset objects reloaded before import = 0Number of asset objects unloaded after import = 0

========================================================================
Received Import Request.
  Time since last request: 0.983278 seconds.
  path: Assets/Edixor/Scripts/UI/EdixorWindow/EdixorSettings.asset
  artifactKey: Guid(b379006ce784c5141b99b1e7af0b62fa) Importer(815301076,1909f56bfc062723c751e8b465ee728b)
Start importing Assets/Edixor/Scripts/UI/EdixorWindow/EdixorSettings.asset using Guid(b379006ce784c5141b99b1e7af0b62fa) Importer(815301076,1909f56bfc062723c751e8b465ee728b) (PreviewImporter) -> (artifact id: '41c4d6ed77fe821ac8900fed2ff6abd6') in 0.0044265 seconds
Number of updated asset objects reloaded before import = 0Number of asset objects unloaded after import = 0

========================================================================
Received Import Request.
  Time since last request: 3.019984 seconds.
  path: Assets/Edixor/Scripts/UI/EdixorWindow/EdixorSettings.asset
  artifactKey: Guid(b379006ce784c5141b99b1e7af0b62fa) Importer(815301076,1909f56bfc062723c751e8b465ee728b)
Start importing Assets/Edixor/Scripts/UI/EdixorWindow/EdixorSettings.asset using Guid(b379006ce784c5141b99b1e7af0b62fa) Importer(815301076,1909f56bfc062723c751e8b465ee728b) (PreviewImporter) -> (artifact id: '41c4d6ed77fe821ac8900fed2ff6abd6') in 0.0018256 seconds
Number of updated asset objects reloaded before import = 0Number of asset objects unloaded after import = 0

========================================================================
Received Import Request.
  Time since last request: 1.242213 seconds.
  path: Assets/Edixor/Scripts/UI/EdixorWindow/EdixorSettings.asset
  artifactKey: Guid(b379006ce784c5141b99b1e7af0b62fa) Importer(815301076,1909f56bfc062723c751e8b465ee728b)
Start importing Assets/Edixor/Scripts/UI/EdixorWindow/EdixorSettings.asset using Guid(b379006ce784c5141b99b1e7af0b62fa) Importer(815301076,1909f56bfc062723c751e8b465ee728b) (PreviewImporter) -> (artifact id: '41c4d6ed77fe821ac8900fed2ff6abd6') in 0.0016039 seconds
Number of updated asset objects reloaded before import = 0Number of asset objects unloaded after import = 0

========================================================================
Received Import Request.
  Time since last request: 2.132679 seconds.
  path: Assets/Edixor/Scripts/UI/EdixorWindow/EdixorSettings.asset
  artifactKey: Guid(b379006ce784c5141b99b1e7af0b62fa) Importer(815301076,1909f56bfc062723c751e8b465ee728b)
Start importing Assets/Edixor/Scripts/UI/EdixorWindow/EdixorSettings.asset using Guid(b379006ce784c5141b99b1e7af0b62fa) Importer(815301076,1909f56bfc062723c751e8b465ee728b) (PreviewImporter) -> (artifact id: '41c4d6ed77fe821ac8900fed2ff6abd6') in 0.0014484 seconds
Number of updated asset objects reloaded before import = 0Number of asset objects unloaded after import = 0

========================================================================
Received Import Request.
  Time since last request: 1.117210 seconds.
  path: Assets/Edixor/Scripts/UI/EdixorWindow/EdixorSettings.asset
  artifactKey: Guid(b379006ce784c5141b99b1e7af0b62fa) Importer(815301076,1909f56bfc062723c751e8b465ee728b)
Start importing Assets/Edixor/Scripts/UI/EdixorWindow/EdixorSettings.asset using Guid(b379006ce784c5141b99b1e7af0b62fa) Importer(815301076,1909f56bfc062723c751e8b465ee728b) (PreviewImporter) -> (artifact id: '41c4d6ed77fe821ac8900fed2ff6abd6') in 0.0035891 seconds
Number of updated asset objects reloaded before import = 0Number of asset objects unloaded after import = 0

========================================================================
Received Import Request.
  Time since last request: 2.057364 seconds.
  path: Assets/Edixor/Scripts/UI/EdixorWindow/EdixorSettings.asset
  artifactKey: Guid(b379006ce784c5141b99b1e7af0b62fa) Importer(815301076,1909f56bfc062723c751e8b465ee728b)
Start importing Assets/Edixor/Scripts/UI/EdixorWindow/EdixorSettings.asset using Guid(b379006ce784c5141b99b1e7af0b62fa) Importer(815301076,1909f56bfc062723c751e8b465ee728b) (PreviewImporter) -> (artifact id: '41c4d6ed77fe821ac8900fed2ff6abd6') in 0.0023572 seconds
Number of updated asset objects reloaded before import = 0Number of asset objects unloaded after import = 0

========================================================================
Received Prepare
Refreshing native plugins compatible for Editor in 4.98 ms, found 4 plugins.
Preloading 0 native plugins for Editor in 0.00 ms.
Unloading 0 Unused Serialized files (Serialized files now loaded: 0)
Unloading 4740 unused Assets / (131.0 KB). Loaded Objects now: 5263.
Memory consumption went from 166.7 MB to 166.5 MB.
Total: 72.359600 ms (FindLiveObjects: 1.899100 ms CreateObjectMapping: 1.494800 ms MarkObjects: 63.965100 ms  DeleteObjects: 4.991500 ms)

Prepare: number of updated asset objects reloaded= 0
========================================================================
Received Import Request.
  Time since last request: 7019.132763 seconds.
  path: Assets/Edixor/Scripts/UI/EdixorWindow/EdixorSettings.asset
  artifactKey: Guid(b379006ce784c5141b99b1e7af0b62fa) Importer(815301076,1909f56bfc062723c751e8b465ee728b)
Start importing Assets/Edixor/Scripts/UI/EdixorWindow/EdixorSettings.asset using Guid(b379006ce784c5141b99b1e7af0b62fa) Importer(815301076,1909f56bfc062723c751e8b465ee728b) (PreviewImporter) -> (artifact id: '6f636cb49b9f7fb5a8013e9b3a1b4341') in 0.0026987 seconds
Number of updated asset objects reloaded before import = 0Number of asset objects unloaded after import = 0

========================================================================
Received Prepare
Begin MonoManager ReloadAssembly
- Loaded All Assemblies, in 12.699 seconds
Refreshing native plugins compatible for Editor in 17.68 ms, found 4 plugins.
The file 'MemoryStream' is corrupted! Remove it and launch unity again!
[Position out of bounds!]
Fatal Error! The file 'MemoryStream' is corrupted! Remove it and launch unity again!
[Position out of bounds!]
Crash!!!
SymInit: Symbol-SearchPath: 'C:/Program Files/Unity/Hub/Editor/6000.0.29f1/Editor/Data/Mono;.;C:\Users\S\Documents\GitHub\Edixor\Edixor;C:\Users\S\Documents\GitHub\Edixor\Edixor\Library\BurstCache\JIT;C:\Program Files\Unity\Hub\Editor\6000.0.29f1\Editor;C:\Windows;C:\Windows\system32;', symOptions: 534, UserName: 'S'
OS-Version: 10.0.0
C:\Program Files\Unity\Hub\Editor\6000.0.29f1\Editor\Unity.exe:Unity.exe (00007FF67C540000), size: 299008 (result: 0), SymType: '-deferred-', PDB: '', fileVersion: 6000.0.29.45029
C:\Windows\SYSTEM32\ntdll.dll:ntdll.dll (00007FFD0E3E0000), size: 2031616 (result: 0), SymType: '-deferred-', PDB: '', fileVersion: 10.0.18362.145
C:\Windows\System32\KERNEL32.DLL:KERNEL32.DLL (00007FFD0CB70000), size: 729088 (result: 0), SymType: '-deferred-', PDB: '', fileVersion: 10.0.18362.86
C:\Windows\System32\KERNELBASE.dll:KERNELBASE.dll (00007FFD0C1A0000), size: 2764800 (result: 0), SymType: '-deferred-', PDB: '', fileVersion: 10.0.18362.145
C:\Windows\System32\USER32.dll:USER32.dll (00007FFD0CD70000), size: 1650688 (result: 0), SymType: '-deferred-', PDB: '', fileVersion: 10.0.18362.1
C:\Windows\System32\win32u.dll:win32u.dll (00007FFD0B370000), size: 135168 (result: 0), SymType: '-deferred-', PDB: '', fileVersion: 10.0.18362.175
C:\Windows\System32\GDI32.dll:GDI32.dll (00007FFD0CCE0000), size: 155648 (result: 0), SymType: '-deferred-', PDB: '', fileVersion: 10.0.18362.1
C:\Windows\System32\gdi32full.dll:gdi32full.dll (00007FFD0B3C0000), size: 1654784 (result: 0), SymType: '-deferred-', PDB: '', fileVersion: 10.0.18362.175
C:\Windows\System32\msvcp_win.dll:msvcp_win.dll (00007FFD0C050000), size: 647168 (result: 0), SymType: '-deferred-', PDB: '', fileVersion: 10.0.18362.1
C:\Windows\System32\ucrtbase.dll:ucrtbase.dll (00007FFD0B560000), size: 1024000 (result: 0), SymType: '-deferred-', PDB: '', fileVersion: 10.0.18362.1
C:\Windows\System32\IMM32.DLL:IMM32.DLL (00007FFD0E370000), size: 188416 (result: 0), SymType: '-deferred-', PDB: '', fileVersion: 10.0.18362.1
C:\Program Files\Unity\Hub\Editor\6000.0.29f1\Editor\Unity.dll:Unity.dll (00007FFCBEF90000), size: 87056384 (result: 0), SymType: '-deferred-', PDB: '', fileVersion: 6000.0.29.45029
C:\Windows\System32\CRYPT32.dll:CRYPT32.dll (00007FFD0BE70000), size: 1347584 (result: 0), SymType: '-deferred-', PDB: '', fileVersion: 10.0.18362.1
C:\Windows\System32\MSASN1.dll:MSASN1.dll (00007FFD0B2E0000), size: 73728 (result: 0), SymType: '-deferred-', PDB: '', fileVersion: 10.0.18362.1
C:\Windows\System32\ADVAPI32.dll:ADVAPI32.dll (00007FFD0CC30000), size: 667648 (result: 0), SymType: '-deferred-', PDB: '', fileVersion: 10.0.18362.1
C:\Windows\System32\msvcrt.dll:msvcrt.dll (00007FFD0C6F0000), size: 647168 (result: 0), SymType: '-deferred-', PDB: '', fileVersion: 7.0.18362.1
C:\Windows\System32\sechost.dll:sechost.dll (00007FFD0D2B0000), size: 618496 (result: 0), SymType: '-deferred-', PDB: '', fileVersion: 10.0.18362.1
C:\Windows\System32\RPCRT4.dll:RPCRT4.dll (00007FFD0C4A0000), size: 1179648 (result: 0), SymType: '-deferred-', PDB: '', fileVersion: 10.0.18362.1
C:\Windows\System32\bcrypt.dll:bcrypt.dll (00007FFD0BE40000), size: 155648 (result: 0), SymType: '-deferred-', PDB: '', fileVersion: 10.0.18362.1
C:\Program Files\Unity\Hub\Editor\6000.0.29f1\Editor\libfbxsdk.dll:libfbxsdk.dll (00007FFCD0040000), size: 8019968 (result: 0), SymType: '-deferred-', PDB: '', fileVersion: 2020.3.7.0
C:\Windows\System32\ole32.dll:ole32.dll (00007FFD0E210000), size: 1400832 (result: 0), SymType: '-deferred-', PDB: '', fileVersion: 10.0.18362.113
C:\Windows\System32\combase.dll:combase.dll (00007FFD0CF10000), size: 3366912 (result: 0), SymType: '-deferred-', PDB: '', fileVersion: 10.0.18362.145
C:\Program Files\Unity\Hub\Editor\6000.0.29f1\Editor\s3tcompress.dll:s3tcompress.dll (00007FFD04D60000), size: 180224 (result: 0), SymType: '-deferred-', PDB: ''
C:\Windows\System32\bcryptPrimitives.dll:bcryptPrimitives.dll (00007FFD0BFC0000), size: 528384 (result: 0), SymType: '-deferred-', PDB: '', fileVersion: 10.0.18362.175
C:\Windows\System32\SETUPAPI.dll:SETUPAPI.dll (00007FFD0DDA0000), size: 4653056 (result: 0), SymType: '-deferred-', PDB: '', fileVersion: 10.0.18362.1
C:\Windows\System32\cfgmgr32.dll:cfgmgr32.dll (00007FFD0C450000), size: 303104 (result: 0), SymType: '-deferred-', PDB: '', fileVersion: 10.0.18362.1
C:\Program Files\Unity\Hub\Editor\6000.0.29f1\Editor\etccompress.dll:etccompress.dll (00007FFCCFB60000), size: 5070848 (result: 0), SymType: '-deferred-', PDB: ''
C:\Windows\System32\SHELL32.dll:SHELL32.dll (00007FFD0D5F0000), size: 7208960 (result: 0), SymType: '-deferred-', PDB: '', fileVersion: 10.0.18362.175
C:\Windows\System32\shcore.dll:shcore.dll (00007FFD0C640000), size: 692224 (result: 0), SymType: '-deferred-', PDB: '', fileVersion: 10.0.18362.1
C:\Windows\System32\windows.storage.dll:windows.storage.dll (00007FFD0B6C0000), size: 7843840 (result: 0), SymType: '-deferred-', PDB: '', fileVersion: 10.0.18362.175
C:\Program Files\Unity\Hub\Editor\6000.0.29f1\Editor\ispc_texcomp.dll:ispc_texcomp.dll (00007FFCFDEC0000), size: 1826816 (result: 0), SymType: '-deferred-', PDB: ''
C:\Windows\System32\profapi.dll:profapi.dll (00007FFD0B300000), size: 126976 (result: 0), SymType: '-deferred-', PDB: '', fileVersion: 10.0.18362.1
C:\Windows\System32\powrprof.dll:powrprof.dll (00007FFD0B320000), size: 303104 (result: 0), SymType: '-deferred-', PDB: '', fileVersion: 10.0.18362.1
C:\Windows\System32\UMPDC.dll:UMPDC.dll (00007FFD0B2B0000), size: 65536 (result: 0), SymType: '-deferred-', PDB: ''
C:\Windows\System32\shlwapi.dll:shlwapi.dll (00007FFD0CD10000), size: 335872 (result: 0), SymType: '-deferred-', PDB: '', fileVersion: 10.0.18362.1
C:\Windows\System32\kernel.appcore.dll:kernel.appcore.dll (00007FFD0B2C0000), size: 69632 (result: 0), SymType: '-deferred-', PDB: '', fileVersion: 10.0.18362.1
C:\Windows\System32\cryptsp.dll:cryptsp.dll (00007FFD0B3A0000), size: 94208 (result: 0), SymType: '-deferred-', PDB: '', fileVersion: 10.0.18362.1
C:\Windows\System32\WS2_32.dll:WS2_32.dll (00007FFD0D3E0000), size: 454656 (result: 0), SymType: '-deferred-', PDB: '', fileVersion: 10.0.18362.1
C:\Windows\System32\OLEAUT32.dll:OLEAUT32.dll (00007FFD0DCD0000), size: 802816 (result: 0), SymType: '-deferred-', PDB: '', fileVersion: 10.0.18362.86
C:\Windows\System32\WINTRUST.dll:WINTRUST.dll (00007FFD0B660000), size: 376832 (result: 0), SymType: '-deferred-', PDB: '', fileVersion: 10.0.18362.145
C:\Program Files\Unity\Hub\Editor\6000.0.29f1\Editor\compress_bc7e.dll:compress_bc7e.dll (00007FFCF8990000), size: 1433600 (result: 0), SymType: '-deferred-', PDB: ''
C:\Program Files\Unity\Hub\Editor\6000.0.29f1\Editor\FreeImage.dll:FreeImage.dll (0000000180000000), size: 5783552 (result: 0), SymType: '-deferred-', PDB: '', fileVersion: 3.18.0.0
C:\Program Files\Unity\Hub\Editor\6000.0.29f1\Editor\WinPixEventRuntime.dll:WinPixEventRuntime.dll (00007FFD094B0000), size: 53248 (result: 0), SymType: '-deferred-', PDB: '', fileVersion: 1.0.2201.24001
C:\Program Files\Unity\Hub\Editor\6000.0.29f1\Editor\umbraoptimizer64.dll:umbraoptimizer64.dll (00007FFCFA490000), size: 1187840 (result: 0), SymType: '-deferred-', PDB: ''
C:\Windows\SYSTEM32\d3d11.dll:d3d11.dll (00007FFD08460000), size: 2469888 (result: 0), SymType: '-deferred-', PDB: '', fileVersion: 10.0.18362.1
C:\Windows\SYSTEM32\d3d12.dll:d3d12.dll (00007FFCDEAA0000), size: 1908736 (result: 0), SymType: '-deferred-', PDB: '', fileVersion: 10.0.18362.1
C:\Windows\SYSTEM32\dwmapi.dll:dwmapi.dll (00007FFD09C00000), size: 184320 (result: 0), SymType: '-deferred-', PDB: '', fileVersion: 10.0.18362.1
C:\Windows\SYSTEM32\dxgi.dll:dxgi.dll (00007FFD09F90000), size: 958464 (result: 0), SymType: '-deferred-', PDB: '', fileVersion: 10.0.18362.145
C:\Windows\SYSTEM32\HID.DLL:HID.DLL (00007FFD09EA0000), size: 57344 (result: 0), SymType: '-deferred-', PDB: '', fileVersion: 10.0.18362.1
C:\Windows\SYSTEM32\IPHLPAPI.DLL:IPHLPAPI.DLL (00007FFD0A810000), size: 237568 (result: 0), SymType: '-deferred-', PDB: '', fileVersion: 10.0.18362.1
C:\Windows\SYSTEM32\OPENGL32.dll:OPENGL32.dll (00007FFCF68B0000), size: 1372160 (result: 0), SymType: '-deferred-', PDB: '', fileVersion: 10.0.18362.1
C:\Windows\SYSTEM32\WINHTTP.dll:WINHTTP.dll (00007FFD011B0000), size: 978944 (result: 0), SymType: '-deferred-', PDB: '', fileVersion: 10.0.18362.1
C:\Windows\SYSTEM32\WINMM.dll:WINMM.dll (00007FFD09410000), size: 147456 (result: 0), SymType: '-deferred-', PDB: '', fileVersion: 10.0.18362.1
C:\Windows\SYSTEM32\GLU32.dll:GLU32.dll (00007FFD049B0000), size: 180224 (result: 0), SymType: '-deferred-', PDB: '', fileVersion: 10.0.18362.1
C:\Program Files\Unity\Hub\Editor\6000.0.29f1\Editor\SketchUpAPI.dll:SketchUpAPI.dll (00007FFCCF2C0000), size: 8990720 (result: 0), SymType: '-deferred-', PDB: '', fileVersion: 23.0.0.0
C:\Program Files\Unity\Hub\Editor\6000.0.29f1\Editor\NativeProxyHelper.dll:NativeProxyHelper.dll (00007FFCF5980000), size: 1789952 (result: 0), SymType: '-deferred-', PDB: ''
C:\Windows\SYSTEM32\VERSION.dll:VERSION.dll (00007FFD0ADC0000), size: 40960 (result: 0), SymType: '-deferred-', PDB: '', fileVersion: 10.0.18362.1
C:\Windows\SYSTEM32\WSOCK32.dll:WSOCK32.dll (00007FFD094A0000), size: 36864 (result: 0), SymType: '-deferred-', PDB: '', fileVersion: 10.0.18362.1
C:\Windows\SYSTEM32\MSVCP140.dll:MSVCP140.dll (00007FFD04B40000), size: 581632 (result: 0), SymType: '-deferred-', PDB: '', fileVersion: 14.34.31931.0
C:\Windows\SYSTEM32\VCRUNTIME140.dll:VCRUNTIME140.dll (00007FFD07E80000), size: 110592 (result: 0), SymType: '-deferred-', PDB: '', fileVersion: 14.34.31931.0
C:\Windows\SYSTEM32\VCRUNTIME140_1.dll:VCRUNTIME140_1.dll (00007FFD07E70000), size: 49152 (result: 0), SymType: '-deferred-', PDB: '', fileVersion: 14.34.31931.0
C:\Windows\SYSTEM32\WINMMBASE.dll:WINMMBASE.dll (00007FFD093E0000), size: 184320 (result: 0), SymType: '-deferred-', PDB: '', fileVersion: 10.0.18362.1
C:\Program Files\Unity\Hub\Editor\6000.0.29f1\Editor\SketchUpCommonPreferences.dll:SketchUpCommonPreferences.dll (00007FFD00F10000), size: 499712 (result: 0), SymType: '-deferred-', PDB: '', fileVersion: 23.0.0.0
C:\Windows\SYSTEM32\Secur32.dll:Secur32.dll (00007FFCFC0A0000), size: 49152 (result: 0), SymType: '-deferred-', PDB: '', fileVersion: 10.0.18362.1
C:\Windows\SYSTEM32\dxcore.dll:dxcore.dll (00007FFD09F70000), size: 131072 (result: 0), SymType: '-deferred-', PDB: '', fileVersion: 10.0.18362.1
C:\Windows\SYSTEM32\SSPICLI.DLL:SSPICLI.DLL (00007FFD0B1D0000), size: 192512 (result: 0), SymType: '-deferred-', PDB: '', fileVersion: 10.0.18362.1
C:\Program Files\Unity\Hub\Editor\6000.0.29f1\Editor\OpenRL.dll:OpenRL.dll (000001B27E940000), size: 12779520 (result: 0), SymType: '-deferred-', PDB: '', fileVersion: 1.5.0.2907
C:\Windows\SYSTEM32\MSVCP100.dll:MSVCP100.dll (000000006D830000), size: 622592 (result: 0), SymType: '-deferred-', PDB: '', fileVersion: 10.0.40219.473
C:\Program Files\Unity\Hub\Editor\6000.0.29f1\Editor\embree.dll:embree.dll (00007FFCCD3B0000), size: 16711680 (result: 0), SymType: '-deferred-', PDB: '', fileVersion: 2.14.0.0
C:\Windows\SYSTEM32\MSVCR100.dll:MSVCR100.dll (000000006D750000), size: 860160 (result: 0), SymType: '-deferred-', PDB: '', fileVersion: 10.0.40219.473
C:\Windows\SYSTEM32\MSWSOCK.DLL:MSWSOCK.DLL (00007FFD0AAB0000), size: 421888 (result: 0), SymType: '-deferred-', PDB: '', fileVersion: 10.0.18362.1
C:\Program Files\Unity\Hub\Editor\6000.0.29f1\Editor\tbb.dll:tbb.dll (00007FFD04760000), size: 303104 (result: 0), SymType: '-deferred-', PDB: '', fileVersion: 2020.3.2022.1111
C:\Program Files\Unity\Hub\Editor\6000.0.29f1\Editor\OpenRL_pthread.dll:OpenRL_pthread.dll (000001B27F570000), size: 61440 (result: 0), SymType: '-deferred-', PDB: '', fileVersion: 2.9.0.0
C:\Windows\system32\uxtheme.dll:uxtheme.dll (00007FFD09870000), size: 626688 (result: 0), SymType: '-deferred-', PDB: '', fileVersion: 10.0.18362.1
C:\Windows\system32\IconCodecService.dll:IconCodecService.dll (00007FFD04270000), size: 36864 (result: 0), SymType: '-deferred-', PDB: '', fileVersion: 10.0.18362.1
C:\Windows\SYSTEM32\WindowsCodecs.dll:WindowsCodecs.dll (00007FFD06E40000), size: 1765376 (result: 0), SymType: '-deferred-', PDB: '', fileVersion: 10.0.18362.1
C:\Windows\System32\clbcatq.dll:clbcatq.dll (00007FFD0C810000), size: 663552 (result: 0), SymType: '-deferred-', PDB: '', fileVersion: 2001.12.10941.16384
C:\Windows\System32\netprofm.dll:netprofm.dll (00007FFD078A0000), size: 253952 (result: 0), SymType: '-deferred-', PDB: '', fileVersion: 10.0.18362.1
C:\Windows\System32\npmproxy.dll:npmproxy.dll (00007FFD00E70000), size: 65536 (result: 0), SymType: '-deferred-', PDB: '', fileVersion: 10.0.18362.1
C:\Windows\System32\NSI.dll:NSI.dll (00007FFD0D350000), size: 32768 (result: 0), SymType: '-deferred-', PDB: '', fileVersion: 10.0.18362.1
C:\Windows\SYSTEM32\dhcpcsvc6.DLL:dhcpcsvc6.DLL (00007FFD02FC0000), size: 90112 (result: 0), SymType: '-deferred-', PDB: '', fileVersion: 10.0.18362.1
C:\Windows\SYSTEM32\dhcpcsvc.DLL:dhcpcsvc.DLL (00007FFD04F50000), size: 114688 (result: 0), SymType: '-deferred-', PDB: '', fileVersion: 10.0.18362.1
C:\Windows\SYSTEM32\DNSAPI.dll:DNSAPI.dll (00007FFD0A850000), size: 827392 (result: 0), SymType: '-deferred-', PDB: '', fileVersion: 10.0.18362.1
C:\Windows\system32\napinsp.dll:napinsp.dll (00007FFD04CF0000), size: 90112 (result: 0), SymType: '-deferred-', PDB: '', fileVersion: 10.0.18362.1
C:\Windows\system32\pnrpnsp.dll:pnrpnsp.dll (00007FFD04CD0000), size: 106496 (result: 0), SymType: '-deferred-', PDB: '', fileVersion: 10.0.18362.1
C:\Windows\System32\winrnr.dll:winrnr.dll (00007FFD04CC0000), size: 57344 (result: 0), SymType: '-deferred-', PDB: '', fileVersion: 10.0.18362.1
C:\Windows\system32\NLAapi.dll:NLAapi.dll (00007FFD079B0000), size: 114688 (result: 0), SymType: '-deferred-', PDB: '', fileVersion: 10.0.18362.1
C:\Windows\system32\wshbth.dll:wshbth.dll (00007FFCF8330000), size: 86016 (result: 0), SymType: '-deferred-', PDB: '', fileVersion: 10.0.18362.1
C:\Windows\System32\fwpuclnt.dll:fwpuclnt.dll (00007FFD02EE0000), size: 487424 (result: 0), SymType: '-deferred-', PDB: '', fileVersion: 10.0.18362.113
C:\Windows\System32\rasadhlp.dll:rasadhlp.dll (00007FFD00DB0000), size: 40960 (result: 0), SymType: '-deferred-', PDB: '', fileVersion: 10.0.18362.1
C:\Program Files\Unity\Hub\Editor\6000.0.29f1\Editor\AMDUnityPlugin.DLL:AMDUnityPlugin.DLL (00007FFCC99B0000), size: 8814592 (result: 0), SymType: '-deferred-', PDB: ''
C:\Program Files\Unity\Hub\Editor\6000.0.29f1\Editor\NVUnityPlugin.DLL:NVUnityPlugin.DLL (00007FFCC9820000), size: 1609728 (result: 0), SymType: '-deferred-', PDB: ''
C:\Program Files\Unity\Hub\Editor\6000.0.29f1\Editor\Data\Tools\astcenc-sse2.dll:astcenc-sse2.dll (00007FFCC97C0000), size: 372736 (result: 0), SymType: '-deferred-', PDB: ''
C:\Windows\System32\MMDevApi.dll:MMDevApi.dll (00007FFD04ED0000), size: 491520 (result: 0), SymType: '-deferred-', PDB: '', fileVersion: 10.0.18362.1
C:\Windows\System32\DEVOBJ.dll:DEVOBJ.dll (00007FFD0B060000), size: 172032 (result: 0), SymType: '-deferred-', PDB: '', fileVersion: 10.0.18362.1
C:\Windows\SYSTEM32\igd10umd64.dll:igd10umd64.dll (00007FFD054D0000), size: 4792320 (result: 0), SymType: '-deferred-', PDB: '', fileVersion: 8.15.10.2702
C:\Windows\system32\wbem\wbemprox.dll:wbemprox.dll (00007FFD05F80000), size: 69632 (result: 0), SymType: '-deferred-', PDB: '', fileVersion: 10.0.18362.1
C:\Windows\SYSTEM32\wbemcomn.dll:wbemcomn.dll (00007FFCFDA60000), size: 540672 (result: 0), SymType: '-deferred-', PDB: '', fileVersion: 10.0.18362.1
C:\Windows\system32\wbem\wbemsvc.dll:wbemsvc.dll (00007FFCFC0B0000), size: 81920 (result: 0), SymType: '-deferred-', PDB: '', fileVersion: 10.0.18362.1
C:\Windows\system32\wbem\fastprox.dll:fastprox.dll (00007FFCFBDC0000), size: 1052672 (result: 0), SymType: '-deferred-', PDB: '', fileVersion: 10.0.18362.1
C:\Windows\SYSTEM32\amsi.dll:amsi.dll (00007FFCF9F70000), size: 86016 (result: 0), SymType: '-deferred-', PDB: '', fileVersion: 10.0.18362.1
C:\Windows\SYSTEM32\USERENV.dll:USERENV.dll (00007FFD0B1A0000), size: 151552 (result: 0), SymType: '-deferred-', PDB: '', fileVersion: 10.0.18362.175
C:\Program Files\Unity\Hub\Editor\6000.0.29f1\Editor\radeonrays.dll:radeonrays.dll (00007FFCC8E40000), size: 344064 (result: 0), SymType: '-deferred-', PDB: ''
C:\Program Files\Unity\Hub\Editor\6000.0.29f1\Editor\Data\MonoBleedingEdge\EmbedRuntime\mono-2.0-bdwgc.dll:mono-2.0-bdwgc.dll (00007FFCC83F0000), size: 10756096 (result: 0), SymType: '-deferred-', PDB: ''
C:\Windows\SYSTEM32\PROPSYS.dll:PROPSYS.dll (00007FFD07D30000), size: 978944 (result: 0), SymType: '-deferred-', PDB: '', fileVersion: 7.0.18362.1
C:\Windows\SYSTEM32\edputil.dll:edputil.dll (00007FFD018B0000), size: 143360 (result: 0), SymType: '-deferred-', PDB: '', fileVersion: 10.0.18362.1
C:\Windows\System32\Windows.StateRepositoryPS.dll:Windows.StateRepositoryPS.dll (00007FFCFFE00000), size: 1265664 (result: 0), SymType: '-deferred-', PDB: '', fileVersion: 10.0.18362.1
C:\Windows\SYSTEM32\urlmon.dll:urlmon.dll (00007FFD02BF0000), size: 1916928 (result: 0), SymType: '-deferred-', PDB: '', fileVersion: 11.0.18362.175
C:\Windows\SYSTEM32\iertutil.dll:iertutil.dll (00007FFD03100000), size: 2777088 (result: 0), SymType: '-deferred-', PDB: '', fileVersion: 11.0.18362.116
C:\Windows\SYSTEM32\CRYPTBASE.DLL:CRYPTBASE.DLL (00007FFD0AC80000), size: 49152 (result: 0), SymType: '-deferred-', PDB: '', fileVersion: 10.0.18362.1
C:\Windows\SYSTEM32\CLDAPI.dll:CLDAPI.dll (00007FFD00ED0000), size: 131072 (result: 0), SymType: '-deferred-', PDB: '', fileVersion: 10.0.18362.1
C:\Windows\SYSTEM32\FLTLIB.DLL:FLTLIB.DLL (00007FFD0ADB0000), size: 40960 (result: 0), SymType: '-deferred-', PDB: '', fileVersion: 10.0.18362.1
C:\Windows\System32\wintypes.dll:wintypes.dll (00007FFD07060000), size: 1388544 (result: 0), SymType: '-deferred-', PDB: '', fileVersion: 10.0.18362.1
C:\Windows\System32\appresolver.dll:appresolver.dll (00007FFCFF880000), size: 569344 (result: 0), SymType: '-deferred-', PDB: '', fileVersion: 10.0.18362.1
C:\Windows\System32\Bcp47Langs.dll:Bcp47Langs.dll (00007FFD05010000), size: 380928 (result: 0), SymType: '-deferred-', PDB: '', fileVersion: 10.0.18362.1
C:\Windows\System32\SLC.dll:SLC.dll (00007FFD0A1A0000), size: 159744 (result: 0), SymType: '-deferred-', PDB: '', fileVersion: 10.0.18362.1
C:\Windows\System32\sppc.dll:sppc.dll (00007FFD0A170000), size: 155648 (result: 0), SymType: '-deferred-', PDB: '', fileVersion: 10.0.18362.1
C:\Windows\System32\OneCoreCommonProxyStub.dll:OneCoreCommonProxyStub.dll (00007FFCFAE60000), size: 495616 (result: 0), SymType: '-deferred-', PDB: '', fileVersion: 10.0.18362.1
C:\Windows\System32\OneCoreUAPCommonProxyStub.dll:OneCoreUAPCommonProxyStub.dll (00007FFD062C0000), size: 7770112 (result: 0), SymType: '-deferred-', PDB: '', fileVersion: 10.0.18362.86
C:\Windows\system32\dataexchange.dll:dataexchange.dll (00007FFCFE310000), size: 237568 (result: 0), SymType: '-deferred-', PDB: '', fileVersion: 10.0.18362.1
C:\Windows\system32\dcomp.dll:dcomp.dll (00007FFD08B20000), size: 1945600 (result: 0), SymType: '-deferred-', PDB: '', fileVersion: 10.0.18362.145
C:\Windows\system32\twinapi.appcore.dll:twinapi.appcore.dll (00007FFD09610000), size: 2465792 (result: 0), SymType: '-deferred-', PDB: '', fileVersion: 10.0.18362.1
C:\Windows\system32\RMCLIENT.dll:RMCLIENT.dll (00007FFD09A30000), size: 167936 (result: 0), SymType: '-deferred-', PDB: '', fileVersion: 10.0.18362.1
C:\Windows\System32\MSCTF.dll:MSCTF.dll (00007FFD0D450000), size: 1273856 (result: 0), SymType: '-deferred-', PDB: '', fileVersion: 10.0.18362.1
C:\Windows\System32\Windows.Gaming.Input.dll:Windows.Gaming.Input.dll (00007FFD06C90000), size: 843776 (result: 0), SymType: '-deferred-', PDB: '', fileVersion: 10.0.18362.1
C:\Windows\SYSTEM32\inputhost.dll:inputhost.dll (00007FFD03C40000), size: 1056768 (result: 0), SymType: '-deferred-', PDB: '', fileVersion: 10.0.18362.1
C:\Windows\System32\CoreMessaging.dll:CoreMessaging.dll (00007FFD08D00000), size: 868352 (result: 0), SymType: '-deferred-', PDB: '', fileVersion: 10.0.18362.1
C:\Windows\System32\CoreUIComponents.dll:CoreUIComponents.dll (00007FFD071E0000), size: 3313664 (result: 0), SymType: '-deferred-', PDB: '', fileVersion: 10.0.18362.1
C:\Windows\SYSTEM32\ntmarta.dll:ntmarta.dll (00007FFD0A400000), size: 200704 (result: 0), SymType: '-deferred-', PDB: '', fileVersion: 10.0.18362.1
C:\Windows\SYSTEM32\xinput9_1_0.dll:xinput9_1_0.dll (00007FFCCC280000), size: 28672 (result: 0), SymType: '-deferred-', PDB: '', fileVersion: 10.0.18362.1
C:\Windows\SYSTEM32\dbghelp.dll:dbghelp.dll (00007FFCFC540000), size: 2048000 (result: 0), SymType: '-deferred-', PDB: '', fileVersion: 10.0.18362.1

========== OUTPUTTING STACK TRACE ==================

0x00007FFD0C1DA839 (KERNELBASE) RaiseException
0x00007FFCC0B2AC35 (Unity) EditorMonoConsole::LogToConsoleImplementation
0x00007FFCC0B2B8FA (Unity) EditorMonoConsole::LogToConsoleImplementation
0x00007FFCC17DB9DD (Unity) DebugStringToFilePostprocessedStacktrace
0x00007FFCC17DAD78 (Unity) DebugStringToFile
0x00007FFCBFBD6102 (Unity) CachedReader::OutOfBoundsError
0x00007FFCBFBD7114 (Unity) CachedReader::UpdateReadCache
0x00007FFCBFE8BA24 (Unity) SerializeTraits<ReferencedManagedType>::Transfer<StreamedBinaryRead>
0x00007FFCBFE8B06E (Unity) SerializeTraits<RegisteredReferencedObject<0> >::Transfer<StreamedBinaryRead>
0x00007FFCBFE8C29D (Unity) SerializeTraits<ManagedReferencesTransferState>::Transfer<StreamedBinaryRead>
0x00007FFCBFE9AC6F (Unity) <lambda_580fa16bd23d18c3e466e7b58feca0a1>::operator()
0x00007FFCBFE94F48 (Unity) TransferScriptingObject<StreamedBinaryRead>
0x00007FFCBFE966C3 (Unity) SerializableManagedRefTransfer::TransferScriptingObjectWithSerializedRefSupport<StreamedBinaryRead>
0x00007FFCBFEAC146 (Unity) SerializableManagedRefTransfer::TransferBinaryInstanceOnly
0x00007FFCBFE7F49E (Unity) SerializableManagedRefTransfer::RestoreBackupImpl<SerializableManagedRefBackupGenerator>
0x00007FFCBFE7F2C5 (Unity) SerializableManagedRefTransfer::RestoreBackup<SerializableManagedRefBackupGenerator>
0x00007FFCBFF5F6AC (Unity) SerializableManagedRefsUtilities::RestoreBackups
0x00007FFCBFEA1134 (Unity) MonoManager::FinalizeReload
0x00007FFCC13D6D45 (Unity) ScriptingInitializer::FinalizeReload
0x00007FFCC14262BF (Unity) AssetImportWorkerClient::ReloadScriptingDomain
0x00007FFCC13FFD7C (Unity) <lambda_94302c41bc55323db1fed16712a08587>::operator()
0x00007FFCC14E3C2E (Unity) asio::detail::completion_handler<core::mutable_function<void __cdecl(void)>,asio::io_context::basic_executor_type<std::allocator<void>,0> >::do_complete
0x00007FFCC14D14BA (Unity) asio::detail::win_iocp_io_context::do_one
0x00007FFCC14D2824 (Unity) asio::detail::win_iocp_io_context::run
0x00007FFCC14E224C (Unity) IOService::Run
0x00007FFCC142A336 (Unity) RunAssetImportWorkerClientV2
0x00007FFCC142A3FB (Unity) RunAssetImporterV2
0x00007FFCC0C36048 (Unity) Application::InitializeProject
0x00007FFCC123BD15 (Unity) UnityMain
0x00007FF67C542FBA (Unity) __scrt_common_main_seh
0x00007FFD0CB87BD4 (KERNEL32) BaseThreadInitThunk
0x00007FFD0E44CE71 (ntdll) RtlUserThreadStart

========== END OF STACKTRACE ===========

A crash has been intercepted by the crash handler. For call stack and other details, see the latest crash report generated in:
 * C:/Users/S/AppData/Local/Temp/Unity/Editor/Crashes
